{"D:\\UOM\\Semester 5\\2 - CS3202 - Software Engineering Project\\Project\\Server\\src\\app.js": {"path":"D:\\UOM\\Semester 5\\2 - CS3202 - Software Engineering Project\\Project\\Server\\src\\app.js","statementMap":{"0":{"start":{"line":1,"column":0},"end":{"line":1,"column":27}},"1":{"start":{"line":2,"column":16},"end":{"line":2,"column":34}},"2":{"start":{"line":3,"column":13},"end":{"line":3,"column":28}},"3":{"start":{"line":4,"column":0},"end":{"line":4,"column":25}},"4":{"start":{"line":5,"column":19},"end":{"line":5,"column":41}},"5":{"start":{"line":6,"column":15},"end":{"line":6,"column":48}},"6":{"start":{"line":7,"column":12},"end":{"line":7,"column":21}},"7":{"start":{"line":9,"column":14},"end":{"line":9,"column":17}},"8":{"start":{"line":11,"column":0},"end":{"line":13,"column":1}},"9":{"start":{"line":12,"column":2},"end":{"line":12,"column":51}},"10":{"start":{"line":15,"column":0},"end":{"line":20,"column":2}},"11":{"start":{"line":23,"column":0},"end":{"line":23,"column":44}},"12":{"start":{"line":24,"column":0},"end":{"line":29,"column":2}},"13":{"start":{"line":30,"column":0},"end":{"line":30,"column":24}},"14":{"start":{"line":31,"column":0},"end":{"line":31,"column":16}},"15":{"start":{"line":33,"column":0},"end":{"line":33,"column":21}}},"fnMap":{},"branchMap":{"0":{"loc":{"start":{"line":11,"column":0},"end":{"line":13,"column":1}},"type":"if","locations":[{"start":{"line":11,"column":0},"end":{"line":13,"column":1}},{"start":{},"end":{}}],"line":11}},"s":{"0":1,"1":1,"2":1,"3":1,"4":1,"5":1,"6":1,"7":1,"8":1,"9":0,"10":1,"11":1,"12":1,"13":1,"14":1,"15":1},"f":{},"b":{"0":[0,1]},"_coverageSchema":"1a1c01bbd47fc00a2c39e90264f33305004495a9","hash":"3eaf1eff986d951244ed2778add0c4b238294a74"}
,"D:\\UOM\\Semester 5\\2 - CS3202 - Software Engineering Project\\Project\\Server\\src\\index.js": {"path":"D:\\UOM\\Semester 5\\2 - CS3202 - Software Engineering Project\\Project\\Server\\src\\index.js","statementMap":{"0":{"start":{"line":1,"column":0},"end":{"line":1,"column":27}},"1":{"start":{"line":2,"column":12},"end":{"line":2,"column":33}},"2":{"start":{"line":3,"column":13},"end":{"line":3,"column":29}},"3":{"start":{"line":4,"column":12},"end":{"line":4,"column":32}},"4":{"start":{"line":6,"column":0},"end":{"line":8,"column":3}},"5":{"start":{"line":7,"column":2},"end":{"line":7,"column":62}}},"fnMap":{"0":{"name":"(anonymous_0)","decl":{"start":{"line":6,"column":17},"end":{"line":6,"column":18}},"loc":{"start":{"line":6,"column":23},"end":{"line":8,"column":1}},"line":6}},"branchMap":{},"s":{"0":0,"1":0,"2":0,"3":0,"4":0,"5":0},"f":{"0":0},"b":{}}
,"D:\\UOM\\Semester 5\\2 - CS3202 - Software Engineering Project\\Project\\Server\\src\\controller\\diet.controller.js": {"path":"D:\\UOM\\Semester 5\\2 - CS3202 - Software Engineering Project\\Project\\Server\\src\\controller\\diet.controller.js","statementMap":{"0":{"start":{"line":1,"column":13},"end":{"line":1,"column":38}},"1":{"start":{"line":2,"column":17},"end":{"line":2,"column":36}},"2":{"start":{"line":5,"column":22},"end":{"line":27,"column":1}},"3":{"start":{"line":6,"column":20},"end":{"line":6,"column":28}},"4":{"start":{"line":8,"column":2},"end":{"line":8,"column":20}},"5":{"start":{"line":10,"column":2},"end":{"line":10,"column":11}},"6":{"start":{"line":11,"column":2},"end":{"line":18,"column":5}},"7":{"start":{"line":12,"column":4},"end":{"line":17,"column":7}},"8":{"start":{"line":19,"column":2},"end":{"line":19,"column":19}},"9":{"start":{"line":21,"column":2},"end":{"line":26,"column":3}},"10":{"start":{"line":22,"column":17},"end":{"line":22,"column":43}},"11":{"start":{"line":23,"column":4},"end":{"line":23,"column":31}},"12":{"start":{"line":25,"column":4},"end":{"line":25,"column":51}},"13":{"start":{"line":29,"column":0},"end":{"line":29,"column":35}}},"fnMap":{"0":{"name":"(anonymous_0)","decl":{"start":{"line":5,"column":22},"end":{"line":5,"column":23}},"loc":{"start":{"line":5,"column":42},"end":{"line":27,"column":1}},"line":5},"1":{"name":"(anonymous_1)","decl":{"start":{"line":11,"column":16},"end":{"line":11,"column":17}},"loc":{"start":{"line":11,"column":23},"end":{"line":18,"column":3}},"line":11}},"branchMap":{},"s":{"0":1,"1":1,"2":1,"3":1,"4":1,"5":1,"6":1,"7":1,"8":1,"9":1,"10":1,"11":1,"12":0,"13":1},"f":{"0":1,"1":1},"b":{},"_coverageSchema":"1a1c01bbd47fc00a2c39e90264f33305004495a9","hash":"55a83c2d729d20fb87b2a612ce3712a806f0e1f6"}
,"D:\\UOM\\Semester 5\\2 - CS3202 - Software Engineering Project\\Project\\Server\\src\\controller\\dietPlan.controller.js": {"path":"D:\\UOM\\Semester 5\\2 - CS3202 - Software Engineering Project\\Project\\Server\\src\\controller\\dietPlan.controller.js","statementMap":{"0":{"start":{"line":1,"column":17},"end":{"line":1,"column":46}},"1":{"start":{"line":2,"column":13},"end":{"line":2,"column":38}},"2":{"start":{"line":3,"column":17},"end":{"line":3,"column":36}},"3":{"start":{"line":4,"column":24},"end":{"line":4,"column":47}},"4":{"start":{"line":5,"column":13},"end":{"line":5,"column":38}},"5":{"start":{"line":8,"column":18},"end":{"line":39,"column":1}},"6":{"start":{"line":20,"column":6},"end":{"line":20,"column":14}},"7":{"start":{"line":22,"column":2},"end":{"line":38,"column":3}},"8":{"start":{"line":23,"column":21},"end":{"line":34,"column":6}},"9":{"start":{"line":35,"column":4},"end":{"line":35,"column":35}},"10":{"start":{"line":37,"column":4},"end":{"line":37,"column":51}},"11":{"start":{"line":41,"column":24},"end":{"line":54,"column":1}},"12":{"start":{"line":42,"column":14},"end":{"line":42,"column":27}},"13":{"start":{"line":44,"column":2},"end":{"line":53,"column":3}},"14":{"start":{"line":45,"column":21},"end":{"line":45,"column":49}},"15":{"start":{"line":47,"column":4},"end":{"line":49,"column":5}},"16":{"start":{"line":48,"column":6},"end":{"line":48,"column":47}},"17":{"start":{"line":50,"column":4},"end":{"line":50,"column":54}},"18":{"start":{"line":52,"column":4},"end":{"line":52,"column":45}},"19":{"start":{"line":56,"column":25},"end":{"line":106,"column":1}},"20":{"start":{"line":57,"column":14},"end":{"line":57,"column":34}},"21":{"start":{"line":59,"column":2},"end":{"line":59,"column":19}},"22":{"start":{"line":61,"column":13},"end":{"line":61,"column":64}},"23":{"start":{"line":63,"column":16},"end":{"line":63,"column":35}},"24":{"start":{"line":64,"column":17},"end":{"line":74,"column":13}},"25":{"start":{"line":75,"column":11},"end":{"line":75,"column":13}},"26":{"start":{"line":76,"column":2},"end":{"line":90,"column":3}},"27":{"start":{"line":77,"column":4},"end":{"line":77,"column":17}},"28":{"start":{"line":78,"column":4},"end":{"line":89,"column":6}},"29":{"start":{"line":91,"column":2},"end":{"line":104,"column":4}},"30":{"start":{"line":95,"column":6},"end":{"line":102,"column":7}},"31":{"start":{"line":96,"column":8},"end":{"line":96,"column":25}},"32":{"start":{"line":98,"column":8},"end":{"line":101,"column":11}},"33":{"start":{"line":108,"column":0},"end":{"line":112,"column":2}}},"fnMap":{"0":{"name":"(anonymous_0)","decl":{"start":{"line":8,"column":18},"end":{"line":8,"column":19}},"loc":{"start":{"line":8,"column":38},"end":{"line":39,"column":1}},"line":8},"1":{"name":"(anonymous_1)","decl":{"start":{"line":41,"column":24},"end":{"line":41,"column":25}},"loc":{"start":{"line":41,"column":44},"end":{"line":54,"column":1}},"line":41},"2":{"name":"(anonymous_2)","decl":{"start":{"line":56,"column":25},"end":{"line":56,"column":26}},"loc":{"start":{"line":56,"column":45},"end":{"line":106,"column":1}},"line":56},"3":{"name":"(anonymous_3)","decl":{"start":{"line":94,"column":4},"end":{"line":94,"column":5}},"loc":{"start":{"line":94,"column":28},"end":{"line":103,"column":5}},"line":94}},"branchMap":{"0":{"loc":{"start":{"line":47,"column":4},"end":{"line":49,"column":5}},"type":"if","locations":[{"start":{"line":47,"column":4},"end":{"line":49,"column":5}},{"start":{},"end":{}}],"line":47},"1":{"loc":{"start":{"line":95,"column":6},"end":{"line":102,"column":7}},"type":"if","locations":[{"start":{"line":95,"column":6},"end":{"line":102,"column":7}},{"start":{"line":97,"column":13},"end":{"line":102,"column":7}}],"line":95}},"s":{"0":1,"1":1,"2":1,"3":1,"4":1,"5":1,"6":1,"7":1,"8":1,"9":1,"10":0,"11":1,"12":1,"13":1,"14":1,"15":1,"16":0,"17":1,"18":0,"19":1,"20":0,"21":0,"22":0,"23":0,"24":0,"25":0,"26":0,"27":0,"28":0,"29":0,"30":0,"31":0,"32":0,"33":1},"f":{"0":1,"1":1,"2":0,"3":0},"b":{"0":[0,1],"1":[0,0]},"_coverageSchema":"1a1c01bbd47fc00a2c39e90264f33305004495a9","hash":"bf04b5b27040df497ec2a59d96143a3c61b7dbfe"}
,"D:\\UOM\\Semester 5\\2 - CS3202 - Software Engineering Project\\Project\\Server\\src\\controller\\food.controller.js": {"path":"D:\\UOM\\Semester 5\\2 - CS3202 - Software Engineering Project\\Project\\Server\\src\\controller\\food.controller.js","statementMap":{"0":{"start":{"line":1,"column":13},"end":{"line":1,"column":38}},"1":{"start":{"line":2,"column":17},"end":{"line":2,"column":36}},"2":{"start":{"line":5,"column":17},"end":{"line":13,"column":1}},"3":{"start":{"line":6,"column":2},"end":{"line":12,"column":3}},"4":{"start":{"line":7,"column":18},"end":{"line":7,"column":37}},"5":{"start":{"line":9,"column":4},"end":{"line":9,"column":32}},"6":{"start":{"line":11,"column":4},"end":{"line":11,"column":32}},"7":{"start":{"line":16,"column":24},"end":{"line":34,"column":1}},"8":{"start":{"line":17,"column":28},"end":{"line":19,"column":4}},"9":{"start":{"line":20,"column":22},"end":{"line":20,"column":67}},"10":{"start":{"line":21,"column":19},"end":{"line":21,"column":60}},"11":{"start":{"line":22,"column":20},"end":{"line":22,"column":67}},"12":{"start":{"line":23,"column":16},"end":{"line":23,"column":54}},"13":{"start":{"line":25,"column":2},"end":{"line":31,"column":4}},"14":{"start":{"line":33,"column":2},"end":{"line":33,"column":29}},"15":{"start":{"line":38,"column":33},"end":{"line":48,"column":1}},"16":{"start":{"line":39,"column":28},"end":{"line":41,"column":4}},"17":{"start":{"line":43,"column":2},"end":{"line":45,"column":4}},"18":{"start":{"line":47,"column":2},"end":{"line":47,"column":29}},"19":{"start":{"line":52,"column":25},"end":{"line":62,"column":1}},"20":{"start":{"line":53,"column":20},"end":{"line":55,"column":4}},"21":{"start":{"line":57,"column":2},"end":{"line":59,"column":4}},"22":{"start":{"line":61,"column":2},"end":{"line":61,"column":29}},"23":{"start":{"line":66,"column":27},"end":{"line":76,"column":1}},"24":{"start":{"line":67,"column":22},"end":{"line":69,"column":4}},"25":{"start":{"line":71,"column":2},"end":{"line":73,"column":4}},"26":{"start":{"line":75,"column":2},"end":{"line":75,"column":29}},"27":{"start":{"line":80,"column":16},"end":{"line":114,"column":1}},"28":{"start":{"line":93,"column":6},"end":{"line":93,"column":14}},"29":{"start":{"line":95,"column":2},"end":{"line":113,"column":3}},"30":{"start":{"line":96,"column":17},"end":{"line":108,"column":6}},"31":{"start":{"line":110,"column":4},"end":{"line":110,"column":31}},"32":{"start":{"line":112,"column":4},"end":{"line":112,"column":51}},"33":{"start":{"line":117,"column":17},"end":{"line":136,"column":1}},"34":{"start":{"line":118,"column":17},"end":{"line":118,"column":27}},"35":{"start":{"line":120,"column":2},"end":{"line":122,"column":3}},"36":{"start":{"line":121,"column":4},"end":{"line":121,"column":59}},"37":{"start":{"line":124,"column":15},"end":{"line":129,"column":3}},"38":{"start":{"line":131,"column":2},"end":{"line":133,"column":3}},"39":{"start":{"line":132,"column":4},"end":{"line":132,"column":59}},"40":{"start":{"line":135,"column":2},"end":{"line":135,"column":29}},"41":{"start":{"line":139,"column":19},"end":{"line":153,"column":1}},"42":{"start":{"line":140,"column":17},"end":{"line":140,"column":27}},"43":{"start":{"line":142,"column":2},"end":{"line":144,"column":3}},"44":{"start":{"line":143,"column":4},"end":{"line":143,"column":59}},"45":{"start":{"line":146,"column":15},"end":{"line":146,"column":55}},"46":{"start":{"line":148,"column":2},"end":{"line":150,"column":3}},"47":{"start":{"line":149,"column":4},"end":{"line":149,"column":59}},"48":{"start":{"line":152,"column":2},"end":{"line":152,"column":29}},"49":{"start":{"line":155,"column":20},"end":{"line":166,"column":1}},"50":{"start":{"line":156,"column":16},"end":{"line":156,"column":29}},"51":{"start":{"line":158,"column":2},"end":{"line":160,"column":3}},"52":{"start":{"line":159,"column":4},"end":{"line":159,"column":65}},"53":{"start":{"line":161,"column":15},"end":{"line":161,"column":39}},"54":{"start":{"line":162,"column":2},"end":{"line":164,"column":3}},"55":{"start":{"line":163,"column":4},"end":{"line":163,"column":65}},"56":{"start":{"line":165,"column":2},"end":{"line":165,"column":36}},"57":{"start":{"line":168,"column":0},"end":{"line":178,"column":2}}},"fnMap":{"0":{"name":"(anonymous_0)","decl":{"start":{"line":5,"column":17},"end":{"line":5,"column":18}},"loc":{"start":{"line":5,"column":37},"end":{"line":13,"column":1}},"line":5},"1":{"name":"(anonymous_1)","decl":{"start":{"line":16,"column":24},"end":{"line":16,"column":25}},"loc":{"start":{"line":16,"column":44},"end":{"line":34,"column":1}},"line":16},"2":{"name":"(anonymous_2)","decl":{"start":{"line":38,"column":33},"end":{"line":38,"column":34}},"loc":{"start":{"line":38,"column":53},"end":{"line":48,"column":1}},"line":38},"3":{"name":"(anonymous_3)","decl":{"start":{"line":52,"column":25},"end":{"line":52,"column":26}},"loc":{"start":{"line":52,"column":45},"end":{"line":62,"column":1}},"line":52},"4":{"name":"(anonymous_4)","decl":{"start":{"line":66,"column":27},"end":{"line":66,"column":28}},"loc":{"start":{"line":66,"column":47},"end":{"line":76,"column":1}},"line":66},"5":{"name":"(anonymous_5)","decl":{"start":{"line":80,"column":16},"end":{"line":80,"column":17}},"loc":{"start":{"line":80,"column":36},"end":{"line":114,"column":1}},"line":80},"6":{"name":"(anonymous_6)","decl":{"start":{"line":117,"column":17},"end":{"line":117,"column":18}},"loc":{"start":{"line":117,"column":37},"end":{"line":136,"column":1}},"line":117},"7":{"name":"(anonymous_7)","decl":{"start":{"line":139,"column":19},"end":{"line":139,"column":20}},"loc":{"start":{"line":139,"column":39},"end":{"line":153,"column":1}},"line":139},"8":{"name":"(anonymous_8)","decl":{"start":{"line":155,"column":20},"end":{"line":155,"column":21}},"loc":{"start":{"line":155,"column":39},"end":{"line":166,"column":1}},"line":155}},"branchMap":{"0":{"loc":{"start":{"line":120,"column":2},"end":{"line":122,"column":3}},"type":"if","locations":[{"start":{"line":120,"column":2},"end":{"line":122,"column":3}},{"start":{},"end":{}}],"line":120},"1":{"loc":{"start":{"line":131,"column":2},"end":{"line":133,"column":3}},"type":"if","locations":[{"start":{"line":131,"column":2},"end":{"line":133,"column":3}},{"start":{},"end":{}}],"line":131},"2":{"loc":{"start":{"line":142,"column":2},"end":{"line":144,"column":3}},"type":"if","locations":[{"start":{"line":142,"column":2},"end":{"line":144,"column":3}},{"start":{},"end":{}}],"line":142},"3":{"loc":{"start":{"line":148,"column":2},"end":{"line":150,"column":3}},"type":"if","locations":[{"start":{"line":148,"column":2},"end":{"line":150,"column":3}},{"start":{},"end":{}}],"line":148},"4":{"loc":{"start":{"line":158,"column":2},"end":{"line":160,"column":3}},"type":"if","locations":[{"start":{"line":158,"column":2},"end":{"line":160,"column":3}},{"start":{},"end":{}}],"line":158},"5":{"loc":{"start":{"line":162,"column":2},"end":{"line":164,"column":3}},"type":"if","locations":[{"start":{"line":162,"column":2},"end":{"line":164,"column":3}},{"start":{},"end":{}}],"line":162}},"s":{"0":1,"1":1,"2":1,"3":1,"4":1,"5":1,"6":0,"7":1,"8":1,"9":1,"10":1,"11":1,"12":1,"13":1,"14":1,"15":1,"16":1,"17":1,"18":1,"19":1,"20":1,"21":1,"22":1,"23":1,"24":1,"25":1,"26":1,"27":1,"28":0,"29":0,"30":0,"31":0,"32":0,"33":1,"34":0,"35":0,"36":0,"37":0,"38":0,"39":0,"40":0,"41":1,"42":0,"43":0,"44":0,"45":0,"46":0,"47":0,"48":0,"49":1,"50":1,"51":1,"52":0,"53":1,"54":1,"55":0,"56":1,"57":1},"f":{"0":1,"1":1,"2":1,"3":1,"4":1,"5":0,"6":0,"7":0,"8":1},"b":{"0":[0,0],"1":[0,0],"2":[0,0],"3":[0,0],"4":[0,1],"5":[0,1]},"_coverageSchema":"1a1c01bbd47fc00a2c39e90264f33305004495a9","hash":"5b18723b4ba6903ab7ff9b205f69913e579531a9"}
,"D:\\UOM\\Semester 5\\2 - CS3202 - Software Engineering Project\\Project\\Server\\src\\controller\\image.controller.js": {"path":"D:\\UOM\\Semester 5\\2 - CS3202 - Software Engineering Project\\Project\\Server\\src\\controller\\image.controller.js","statementMap":{"0":{"start":{"line":1,"column":14},"end":{"line":1,"column":30}},"1":{"start":{"line":3,"column":17},"end":{"line":18,"column":1}},"2":{"start":{"line":6,"column":2},"end":{"line":17,"column":3}},"3":{"start":{"line":8,"column":23},"end":{"line":10,"column":17}},"4":{"start":{"line":12,"column":6},"end":{"line":12,"column":28}},"5":{"start":{"line":14,"column":4},"end":{"line":14,"column":30}},"6":{"start":{"line":16,"column":4},"end":{"line":16,"column":27}},"7":{"start":{"line":20,"column":0},"end":{"line":20,"column":30}}},"fnMap":{"0":{"name":"(anonymous_0)","decl":{"start":{"line":3,"column":17},"end":{"line":3,"column":18}},"loc":{"start":{"line":3,"column":37},"end":{"line":18,"column":1}},"line":3}},"branchMap":{},"s":{"0":1,"1":1,"2":0,"3":0,"4":0,"5":0,"6":0,"7":1},"f":{"0":0},"b":{},"_coverageSchema":"1a1c01bbd47fc00a2c39e90264f33305004495a9","hash":"dce2193cc1d9011b2b8f320d6d7d6176b09516e8"}
,"D:\\UOM\\Semester 5\\2 - CS3202 - Software Engineering Project\\Project\\Server\\src\\controller\\shoppingList.controller.js": {"path":"D:\\UOM\\Semester 5\\2 - CS3202 - Software Engineering Project\\Project\\Server\\src\\controller\\shoppingList.controller.js","statementMap":{"0":{"start":{"line":1,"column":21},"end":{"line":1,"column":54}},"1":{"start":{"line":2,"column":13},"end":{"line":2,"column":38}},"2":{"start":{"line":3,"column":17},"end":{"line":3,"column":36}},"3":{"start":{"line":19,"column":17},"end":{"line":25,"column":1}},"4":{"start":{"line":20,"column":0},"end":{"line":24,"column":1}},"5":{"start":{"line":21,"column":4},"end":{"line":21,"column":18}},"6":{"start":{"line":23,"column":4},"end":{"line":23,"column":21}},"7":{"start":{"line":28,"column":27},"end":{"line":37,"column":1}},"8":{"start":{"line":29,"column":38},"end":{"line":29,"column":46}},"9":{"start":{"line":31,"column":2},"end":{"line":36,"column":3}},"10":{"start":{"line":32,"column":25},"end":{"line":32,"column":80}},"11":{"start":{"line":33,"column":4},"end":{"line":33,"column":38}},"12":{"start":{"line":35,"column":4},"end":{"line":35,"column":47}},"13":{"start":{"line":39,"column":24},"end":{"line":52,"column":1}},"14":{"start":{"line":41,"column":13},"end":{"line":41,"column":39}},"15":{"start":{"line":42,"column":2},"end":{"line":44,"column":3}},"16":{"start":{"line":43,"column":4},"end":{"line":43,"column":65}},"17":{"start":{"line":45,"column":23},"end":{"line":45,"column":82}},"18":{"start":{"line":46,"column":19},"end":{"line":46,"column":40}},"19":{"start":{"line":48,"column":2},"end":{"line":50,"column":3}},"20":{"start":{"line":49,"column":4},"end":{"line":49,"column":64}},"21":{"start":{"line":51,"column":2},"end":{"line":51,"column":32}},"22":{"start":{"line":55,"column":20},"end":{"line":60,"column":3}},"23":{"start":{"line":56,"column":19},"end":{"line":56,"column":31}},"24":{"start":{"line":57,"column":18},"end":{"line":57,"column":41}},"25":{"start":{"line":59,"column":4},"end":{"line":59,"column":32}},"26":{"start":{"line":63,"column":0},"end":{"line":67,"column":2}}},"fnMap":{"0":{"name":"(anonymous_0)","decl":{"start":{"line":19,"column":17},"end":{"line":19,"column":18}},"loc":{"start":{"line":19,"column":34},"end":{"line":25,"column":1}},"line":19},"1":{"name":"(anonymous_1)","decl":{"start":{"line":28,"column":27},"end":{"line":28,"column":28}},"loc":{"start":{"line":28,"column":46},"end":{"line":37,"column":1}},"line":28},"2":{"name":"(anonymous_2)","decl":{"start":{"line":39,"column":24},"end":{"line":39,"column":25}},"loc":{"start":{"line":39,"column":43},"end":{"line":52,"column":1}},"line":39},"3":{"name":"(anonymous_3)","decl":{"start":{"line":55,"column":20},"end":{"line":55,"column":21}},"loc":{"start":{"line":55,"column":40},"end":{"line":60,"column":3}},"line":55}},"branchMap":{"0":{"loc":{"start":{"line":42,"column":2},"end":{"line":44,"column":3}},"type":"if","locations":[{"start":{"line":42,"column":2},"end":{"line":44,"column":3}},{"start":{},"end":{}}],"line":42},"1":{"loc":{"start":{"line":48,"column":2},"end":{"line":50,"column":3}},"type":"if","locations":[{"start":{"line":48,"column":2},"end":{"line":50,"column":3}},{"start":{},"end":{}}],"line":48}},"s":{"0":1,"1":1,"2":1,"3":1,"4":0,"5":0,"6":0,"7":1,"8":0,"9":0,"10":0,"11":0,"12":0,"13":1,"14":0,"15":0,"16":0,"17":0,"18":0,"19":0,"20":0,"21":0,"22":1,"23":0,"24":0,"25":0,"26":1},"f":{"0":0,"1":0,"2":0,"3":0},"b":{"0":[0,0],"1":[0,0]},"_coverageSchema":"1a1c01bbd47fc00a2c39e90264f33305004495a9","hash":"887282c4b4e8515665d240c0d1527459e5d74037"}
,"D:\\UOM\\Semester 5\\2 - CS3202 - Software Engineering Project\\Project\\Server\\src\\controller\\user.controller.js": {"path":"D:\\UOM\\Semester 5\\2 - CS3202 - Software Engineering Project\\Project\\Server\\src\\controller\\user.controller.js","statementMap":{"0":{"start":{"line":1,"column":12},"end":{"line":1,"column":35}},"1":{"start":{"line":2,"column":15},"end":{"line":2,"column":32}},"2":{"start":{"line":3,"column":13},"end":{"line":3,"column":38}},"3":{"start":{"line":4,"column":17},"end":{"line":4,"column":36}},"4":{"start":{"line":5,"column":18},"end":{"line":5,"column":38}},"5":{"start":{"line":7,"column":32},"end":{"line":7,"column":67}},"6":{"start":{"line":8,"column":33},"end":{"line":8,"column":69}},"7":{"start":{"line":9,"column":18},"end":{"line":9,"column":48}},"8":{"start":{"line":10,"column":18},"end":{"line":10,"column":48}},"9":{"start":{"line":12,"column":15},"end":{"line":23,"column":1}},"10":{"start":{"line":13,"column":15},"end":{"line":13,"column":33}},"11":{"start":{"line":15,"column":2},"end":{"line":22,"column":3}},"12":{"start":{"line":16,"column":20},"end":{"line":16,"column":37}},"13":{"start":{"line":18,"column":4},"end":{"line":18,"column":53}},"14":{"start":{"line":20,"column":4},"end":{"line":20,"column":19}},"15":{"start":{"line":21,"column":4},"end":{"line":21,"column":48}},"16":{"start":{"line":25,"column":15},"end":{"line":67,"column":1}},"17":{"start":{"line":26,"column":19},"end":{"line":26,"column":36}},"18":{"start":{"line":27,"column":19},"end":{"line":27,"column":36}},"19":{"start":{"line":29,"column":2},"end":{"line":66,"column":3}},"20":{"start":{"line":30,"column":17},"end":{"line":30,"column":56}},"21":{"start":{"line":32,"column":4},"end":{"line":63,"column":5}},"22":{"start":{"line":33,"column":22},"end":{"line":33,"column":67}},"23":{"start":{"line":35,"column":6},"end":{"line":60,"column":7}},"24":{"start":{"line":36,"column":28},"end":{"line":41,"column":9}},"25":{"start":{"line":42,"column":28},"end":{"line":44,"column":10}},"26":{"start":{"line":45,"column":8},"end":{"line":45,"column":33}},"27":{"start":{"line":46,"column":29},"end":{"line":48,"column":10}},"28":{"start":{"line":49,"column":8},"end":{"line":49,"column":34}},"29":{"start":{"line":50,"column":21},"end":{"line":54,"column":9}},"30":{"start":{"line":55,"column":8},"end":{"line":55,"column":50}},"31":{"start":{"line":56,"column":8},"end":{"line":56,"column":52}},"32":{"start":{"line":57,"column":8},"end":{"line":57,"column":60}},"33":{"start":{"line":59,"column":8},"end":{"line":59,"column":59}},"34":{"start":{"line":62,"column":6},"end":{"line":62,"column":57}},"35":{"start":{"line":65,"column":4},"end":{"line":65,"column":39}},"36":{"start":{"line":69,"column":16},"end":{"line":80,"column":1}},"37":{"start":{"line":70,"column":2},"end":{"line":79,"column":3}},"38":{"start":{"line":71,"column":17},"end":{"line":71,"column":25}},"39":{"start":{"line":72,"column":4},"end":{"line":76,"column":7}},"40":{"start":{"line":73,"column":6},"end":{"line":73,"column":61}},"41":{"start":{"line":73,"column":15},"end":{"line":73,"column":61}},"42":{"start":{"line":74,"column":6},"end":{"line":74,"column":69}},"43":{"start":{"line":75,"column":6},"end":{"line":75,"column":51}},"44":{"start":{"line":78,"column":4},"end":{"line":78,"column":18}},"45":{"start":{"line":83,"column":25},"end":{"line":94,"column":1}},"46":{"start":{"line":84,"column":14},"end":{"line":84,"column":30}},"47":{"start":{"line":85,"column":2},"end":{"line":87,"column":3}},"48":{"start":{"line":86,"column":4},"end":{"line":86,"column":59}},"49":{"start":{"line":89,"column":15},"end":{"line":89,"column":39}},"50":{"start":{"line":90,"column":2},"end":{"line":92,"column":3}},"51":{"start":{"line":91,"column":4},"end":{"line":91,"column":76}},"52":{"start":{"line":93,"column":2},"end":{"line":93,"column":60}},"53":{"start":{"line":97,"column":25},"end":{"line":112,"column":1}},"54":{"start":{"line":98,"column":14},"end":{"line":98,"column":30}},"55":{"start":{"line":99,"column":2},"end":{"line":101,"column":3}},"56":{"start":{"line":100,"column":4},"end":{"line":100,"column":59}},"57":{"start":{"line":103,"column":15},"end":{"line":107,"column":3}},"58":{"start":{"line":108,"column":2},"end":{"line":110,"column":3}},"59":{"start":{"line":109,"column":4},"end":{"line":109,"column":78}},"60":{"start":{"line":111,"column":2},"end":{"line":111,"column":29}},"61":{"start":{"line":115,"column":27},"end":{"line":132,"column":1}},"62":{"start":{"line":116,"column":14},"end":{"line":116,"column":30}},"63":{"start":{"line":117,"column":2},"end":{"line":119,"column":3}},"64":{"start":{"line":118,"column":4},"end":{"line":118,"column":59}},"65":{"start":{"line":121,"column":15},"end":{"line":121,"column":39}},"66":{"start":{"line":123,"column":2},"end":{"line":125,"column":3}},"67":{"start":{"line":124,"column":4},"end":{"line":124,"column":61}},"68":{"start":{"line":126,"column":2},"end":{"line":130,"column":3}},"69":{"start":{"line":127,"column":4},"end":{"line":127,"column":29}},"70":{"start":{"line":129,"column":4},"end":{"line":129,"column":64}},"71":{"start":{"line":131,"column":2},"end":{"line":131,"column":29}},"72":{"start":{"line":135,"column":29},"end":{"line":151,"column":1}},"73":{"start":{"line":136,"column":14},"end":{"line":136,"column":30}},"74":{"start":{"line":137,"column":2},"end":{"line":139,"column":3}},"75":{"start":{"line":138,"column":4},"end":{"line":138,"column":59}},"76":{"start":{"line":141,"column":15},"end":{"line":145,"column":3}},"77":{"start":{"line":147,"column":2},"end":{"line":149,"column":3}},"78":{"start":{"line":148,"column":4},"end":{"line":148,"column":75}},"79":{"start":{"line":150,"column":2},"end":{"line":150,"column":29}},"80":{"start":{"line":154,"column":17},"end":{"line":169,"column":1}},"81":{"start":{"line":155,"column":14},"end":{"line":155,"column":29}},"82":{"start":{"line":156,"column":2},"end":{"line":156,"column":19}},"83":{"start":{"line":157,"column":2},"end":{"line":159,"column":3}},"84":{"start":{"line":158,"column":4},"end":{"line":158,"column":56}},"85":{"start":{"line":160,"column":15},"end":{"line":164,"column":3}},"86":{"start":{"line":165,"column":2},"end":{"line":167,"column":3}},"87":{"start":{"line":166,"column":4},"end":{"line":166,"column":77}},"88":{"start":{"line":168,"column":2},"end":{"line":168,"column":29}},"89":{"start":{"line":171,"column":18},"end":{"line":186,"column":1}},"90":{"start":{"line":172,"column":14},"end":{"line":172,"column":29}},"91":{"start":{"line":173,"column":2},"end":{"line":173,"column":19}},"92":{"start":{"line":174,"column":2},"end":{"line":176,"column":3}},"93":{"start":{"line":175,"column":4},"end":{"line":175,"column":56}},"94":{"start":{"line":177,"column":15},"end":{"line":181,"column":3}},"95":{"start":{"line":182,"column":2},"end":{"line":184,"column":3}},"96":{"start":{"line":183,"column":4},"end":{"line":183,"column":77}},"97":{"start":{"line":185,"column":2},"end":{"line":185,"column":29}},"98":{"start":{"line":188,"column":18},"end":{"line":217,"column":1}},"99":{"start":{"line":189,"column":14},"end":{"line":189,"column":29}},"100":{"start":{"line":190,"column":17},"end":{"line":190,"column":31}},"101":{"start":{"line":191,"column":2},"end":{"line":191,"column":19}},"102":{"start":{"line":192,"column":2},"end":{"line":194,"column":3}},"103":{"start":{"line":193,"column":4},"end":{"line":193,"column":56}},"104":{"start":{"line":195,"column":2},"end":{"line":216,"column":3}},"105":{"start":{"line":197,"column":4},"end":{"line":197,"column":57}},"106":{"start":{"line":199,"column":25},"end":{"line":199,"column":61}},"107":{"start":{"line":200,"column":4},"end":{"line":200,"column":30}},"108":{"start":{"line":202,"column":4},"end":{"line":215,"column":5}},"109":{"start":{"line":203,"column":19},"end":{"line":207,"column":7}},"110":{"start":{"line":208,"column":6},"end":{"line":211,"column":7}},"111":{"start":{"line":210,"column":8},"end":{"line":210,"column":81}},"112":{"start":{"line":212,"column":6},"end":{"line":212,"column":33}},"113":{"start":{"line":214,"column":6},"end":{"line":214,"column":45}},"114":{"start":{"line":218,"column":21},"end":{"line":235,"column":1}},"115":{"start":{"line":219,"column":14},"end":{"line":219,"column":29}},"116":{"start":{"line":220,"column":20},"end":{"line":220,"column":59}},"117":{"start":{"line":222,"column":2},"end":{"line":222,"column":19}},"118":{"start":{"line":223,"column":2},"end":{"line":225,"column":3}},"119":{"start":{"line":224,"column":4},"end":{"line":224,"column":56}},"120":{"start":{"line":226,"column":15},"end":{"line":230,"column":3}},"121":{"start":{"line":231,"column":2},"end":{"line":233,"column":3}},"122":{"start":{"line":232,"column":4},"end":{"line":232,"column":74}},"123":{"start":{"line":234,"column":2},"end":{"line":234,"column":29}},"124":{"start":{"line":238,"column":14},"end":{"line":245,"column":1}},"125":{"start":{"line":247,"column":17},"end":{"line":253,"column":1}},"126":{"start":{"line":248,"column":2},"end":{"line":252,"column":3}},"127":{"start":{"line":249,"column":4},"end":{"line":249,"column":20}},"128":{"start":{"line":251,"column":4},"end":{"line":251,"column":22}},"129":{"start":{"line":255,"column":20},"end":{"line":263,"column":1}},"130":{"start":{"line":256,"column":2},"end":{"line":262,"column":3}},"131":{"start":{"line":257,"column":16},"end":{"line":257,"column":29}},"132":{"start":{"line":258,"column":17},"end":{"line":258,"column":68}},"133":{"start":{"line":259,"column":4},"end":{"line":259,"column":18}},"134":{"start":{"line":261,"column":4},"end":{"line":261,"column":22}},"135":{"start":{"line":265,"column":23},"end":{"line":273,"column":1}},"136":{"start":{"line":266,"column":2},"end":{"line":272,"column":3}},"137":{"start":{"line":267,"column":16},"end":{"line":267,"column":29}},"138":{"start":{"line":268,"column":17},"end":{"line":268,"column":95}},"139":{"start":{"line":269,"column":4},"end":{"line":269,"column":30}},"140":{"start":{"line":271,"column":4},"end":{"line":271,"column":56}},"141":{"start":{"line":277,"column":0},"end":{"line":292,"column":2}}},"fnMap":{"0":{"name":"(anonymous_0)","decl":{"start":{"line":12,"column":15},"end":{"line":12,"column":16}},"loc":{"start":{"line":12,"column":35},"end":{"line":23,"column":1}},"line":12},"1":{"name":"(anonymous_1)","decl":{"start":{"line":25,"column":15},"end":{"line":25,"column":16}},"loc":{"start":{"line":25,"column":35},"end":{"line":67,"column":1}},"line":25},"2":{"name":"(anonymous_2)","decl":{"start":{"line":69,"column":16},"end":{"line":69,"column":17}},"loc":{"start":{"line":69,"column":36},"end":{"line":80,"column":1}},"line":69},"3":{"name":"(anonymous_3)","decl":{"start":{"line":72,"column":40},"end":{"line":72,"column":41}},"loc":{"start":{"line":72,"column":63},"end":{"line":76,"column":5}},"line":72},"4":{"name":"(anonymous_4)","decl":{"start":{"line":83,"column":25},"end":{"line":83,"column":26}},"loc":{"start":{"line":83,"column":45},"end":{"line":94,"column":1}},"line":83},"5":{"name":"(anonymous_5)","decl":{"start":{"line":97,"column":25},"end":{"line":97,"column":26}},"loc":{"start":{"line":97,"column":45},"end":{"line":112,"column":1}},"line":97},"6":{"name":"(anonymous_6)","decl":{"start":{"line":115,"column":27},"end":{"line":115,"column":28}},"loc":{"start":{"line":115,"column":47},"end":{"line":132,"column":1}},"line":115},"7":{"name":"(anonymous_7)","decl":{"start":{"line":135,"column":29},"end":{"line":135,"column":30}},"loc":{"start":{"line":135,"column":49},"end":{"line":151,"column":1}},"line":135},"8":{"name":"(anonymous_8)","decl":{"start":{"line":154,"column":17},"end":{"line":154,"column":18}},"loc":{"start":{"line":154,"column":37},"end":{"line":169,"column":1}},"line":154},"9":{"name":"(anonymous_9)","decl":{"start":{"line":171,"column":18},"end":{"line":171,"column":19}},"loc":{"start":{"line":171,"column":38},"end":{"line":186,"column":1}},"line":171},"10":{"name":"(anonymous_10)","decl":{"start":{"line":188,"column":18},"end":{"line":188,"column":19}},"loc":{"start":{"line":188,"column":38},"end":{"line":217,"column":1}},"line":188},"11":{"name":"(anonymous_11)","decl":{"start":{"line":218,"column":21},"end":{"line":218,"column":22}},"loc":{"start":{"line":218,"column":38},"end":{"line":235,"column":1}},"line":218},"12":{"name":"(anonymous_12)","decl":{"start":{"line":247,"column":17},"end":{"line":247,"column":18}},"loc":{"start":{"line":247,"column":37},"end":{"line":253,"column":1}},"line":247},"13":{"name":"(anonymous_13)","decl":{"start":{"line":255,"column":20},"end":{"line":255,"column":21}},"loc":{"start":{"line":255,"column":40},"end":{"line":263,"column":1}},"line":255},"14":{"name":"(anonymous_14)","decl":{"start":{"line":265,"column":23},"end":{"line":265,"column":24}},"loc":{"start":{"line":265,"column":41},"end":{"line":273,"column":1}},"line":265}},"branchMap":{"0":{"loc":{"start":{"line":9,"column":18},"end":{"line":9,"column":48}},"type":"binary-expr","locations":[{"start":{"line":9,"column":18},"end":{"line":9,"column":39}},{"start":{"line":9,"column":43},"end":{"line":9,"column":48}}],"line":9},"1":{"loc":{"start":{"line":10,"column":18},"end":{"line":10,"column":48}},"type":"binary-expr","locations":[{"start":{"line":10,"column":18},"end":{"line":10,"column":39}},{"start":{"line":10,"column":43},"end":{"line":10,"column":48}}],"line":10},"2":{"loc":{"start":{"line":32,"column":4},"end":{"line":63,"column":5}},"type":"if","locations":[{"start":{"line":32,"column":4},"end":{"line":63,"column":5}},{"start":{"line":61,"column":11},"end":{"line":63,"column":5}}],"line":32},"3":{"loc":{"start":{"line":35,"column":6},"end":{"line":60,"column":7}},"type":"if","locations":[{"start":{"line":35,"column":6},"end":{"line":60,"column":7}},{"start":{"line":58,"column":13},"end":{"line":60,"column":7}}],"line":35},"4":{"loc":{"start":{"line":73,"column":6},"end":{"line":73,"column":61}},"type":"if","locations":[{"start":{"line":73,"column":6},"end":{"line":73,"column":61}},{"start":{},"end":{}}],"line":73},"5":{"loc":{"start":{"line":85,"column":2},"end":{"line":87,"column":3}},"type":"if","locations":[{"start":{"line":85,"column":2},"end":{"line":87,"column":3}},{"start":{},"end":{}}],"line":85},"6":{"loc":{"start":{"line":90,"column":2},"end":{"line":92,"column":3}},"type":"if","locations":[{"start":{"line":90,"column":2},"end":{"line":92,"column":3}},{"start":{},"end":{}}],"line":90},"7":{"loc":{"start":{"line":99,"column":2},"end":{"line":101,"column":3}},"type":"if","locations":[{"start":{"line":99,"column":2},"end":{"line":101,"column":3}},{"start":{},"end":{}}],"line":99},"8":{"loc":{"start":{"line":108,"column":2},"end":{"line":110,"column":3}},"type":"if","locations":[{"start":{"line":108,"column":2},"end":{"line":110,"column":3}},{"start":{},"end":{}}],"line":108},"9":{"loc":{"start":{"line":117,"column":2},"end":{"line":119,"column":3}},"type":"if","locations":[{"start":{"line":117,"column":2},"end":{"line":119,"column":3}},{"start":{},"end":{}}],"line":117},"10":{"loc":{"start":{"line":123,"column":2},"end":{"line":125,"column":3}},"type":"if","locations":[{"start":{"line":123,"column":2},"end":{"line":125,"column":3}},{"start":{},"end":{}}],"line":123},"11":{"loc":{"start":{"line":126,"column":2},"end":{"line":130,"column":3}},"type":"if","locations":[{"start":{"line":126,"column":2},"end":{"line":130,"column":3}},{"start":{"line":128,"column":9},"end":{"line":130,"column":3}}],"line":126},"12":{"loc":{"start":{"line":137,"column":2},"end":{"line":139,"column":3}},"type":"if","locations":[{"start":{"line":137,"column":2},"end":{"line":139,"column":3}},{"start":{},"end":{}}],"line":137},"13":{"loc":{"start":{"line":147,"column":2},"end":{"line":149,"column":3}},"type":"if","locations":[{"start":{"line":147,"column":2},"end":{"line":149,"column":3}},{"start":{},"end":{}}],"line":147},"14":{"loc":{"start":{"line":157,"column":2},"end":{"line":159,"column":3}},"type":"if","locations":[{"start":{"line":157,"column":2},"end":{"line":159,"column":3}},{"start":{},"end":{}}],"line":157},"15":{"loc":{"start":{"line":165,"column":2},"end":{"line":167,"column":3}},"type":"if","locations":[{"start":{"line":165,"column":2},"end":{"line":167,"column":3}},{"start":{},"end":{}}],"line":165},"16":{"loc":{"start":{"line":174,"column":2},"end":{"line":176,"column":3}},"type":"if","locations":[{"start":{"line":174,"column":2},"end":{"line":176,"column":3}},{"start":{},"end":{}}],"line":174},"17":{"loc":{"start":{"line":182,"column":2},"end":{"line":184,"column":3}},"type":"if","locations":[{"start":{"line":182,"column":2},"end":{"line":184,"column":3}},{"start":{},"end":{}}],"line":182},"18":{"loc":{"start":{"line":192,"column":2},"end":{"line":194,"column":3}},"type":"if","locations":[{"start":{"line":192,"column":2},"end":{"line":194,"column":3}},{"start":{},"end":{}}],"line":192},"19":{"loc":{"start":{"line":195,"column":2},"end":{"line":216,"column":3}},"type":"if","locations":[{"start":{"line":195,"column":2},"end":{"line":216,"column":3}},{"start":{"line":198,"column":7},"end":{"line":216,"column":3}}],"line":195},"20":{"loc":{"start":{"line":202,"column":4},"end":{"line":215,"column":5}},"type":"if","locations":[{"start":{"line":202,"column":4},"end":{"line":215,"column":5}},{"start":{"line":213,"column":9},"end":{"line":215,"column":5}}],"line":202},"21":{"loc":{"start":{"line":208,"column":6},"end":{"line":211,"column":7}},"type":"if","locations":[{"start":{"line":208,"column":6},"end":{"line":211,"column":7}},{"start":{},"end":{}}],"line":208},"22":{"loc":{"start":{"line":223,"column":2},"end":{"line":225,"column":3}},"type":"if","locations":[{"start":{"line":223,"column":2},"end":{"line":225,"column":3}},{"start":{},"end":{}}],"line":223},"23":{"loc":{"start":{"line":231,"column":2},"end":{"line":233,"column":3}},"type":"if","locations":[{"start":{"line":231,"column":2},"end":{"line":233,"column":3}},{"start":{},"end":{}}],"line":231}},"s":{"0":1,"1":1,"2":1,"3":1,"4":1,"5":1,"6":1,"7":1,"8":1,"9":1,"10":1,"11":1,"12":1,"13":0,"14":1,"15":1,"16":1,"17":1,"18":1,"19":1,"20":1,"21":1,"22":1,"23":1,"24":1,"25":1,"26":1,"27":1,"28":1,"29":1,"30":1,"31":1,"32":1,"33":0,"34":0,"35":0,"36":1,"37":0,"38":0,"39":0,"40":0,"41":0,"42":0,"43":0,"44":0,"45":1,"46":1,"47":1,"48":0,"49":1,"50":1,"51":0,"52":1,"53":1,"54":1,"55":1,"56":0,"57":1,"58":1,"59":0,"60":1,"61":1,"62":1,"63":1,"64":0,"65":1,"66":1,"67":0,"68":1,"69":0,"70":1,"71":1,"72":1,"73":1,"74":1,"75":0,"76":1,"77":1,"78":0,"79":1,"80":1,"81":0,"82":0,"83":0,"84":0,"85":0,"86":0,"87":0,"88":0,"89":1,"90":0,"91":0,"92":0,"93":0,"94":0,"95":0,"96":0,"97":0,"98":1,"99":0,"100":0,"101":0,"102":0,"103":0,"104":0,"105":0,"106":0,"107":0,"108":0,"109":0,"110":0,"111":0,"112":0,"113":0,"114":1,"115":0,"116":0,"117":0,"118":0,"119":0,"120":0,"121":0,"122":0,"123":0,"124":1,"125":1,"126":0,"127":0,"128":0,"129":1,"130":1,"131":1,"132":1,"133":1,"134":0,"135":1,"136":1,"137":1,"138":1,"139":1,"140":0,"141":1},"f":{"0":1,"1":1,"2":0,"3":0,"4":1,"5":1,"6":1,"7":1,"8":0,"9":0,"10":0,"11":0,"12":0,"13":1,"14":1},"b":{"0":[1,0],"1":[1,0],"2":[1,0],"3":[1,0],"4":[0,0],"5":[0,1],"6":[0,1],"7":[0,1],"8":[0,1],"9":[0,1],"10":[0,1],"11":[0,1],"12":[0,1],"13":[0,1],"14":[0,0],"15":[0,0],"16":[0,0],"17":[0,0],"18":[0,0],"19":[0,0],"20":[0,0],"21":[0,0],"22":[0,0],"23":[0,0]},"_coverageSchema":"1a1c01bbd47fc00a2c39e90264f33305004495a9","hash":"ba16dad85d511b757a27bf06fc5751a27a179b7a"}
,"D:\\UOM\\Semester 5\\2 - CS3202 - Software Engineering Project\\Project\\Server\\src\\db\\mongoose.js": {"path":"D:\\UOM\\Semester 5\\2 - CS3202 - Software Engineering Project\\Project\\Server\\src\\db\\mongoose.js","statementMap":{"0":{"start":{"line":1,"column":17},"end":{"line":1,"column":36}},"1":{"start":{"line":3,"column":0},"end":{"line":8,"column":3}},"2":{"start":{"line":10,"column":19},"end":{"line":10,"column":38}},"3":{"start":{"line":11,"column":0},"end":{"line":13,"column":3}},"4":{"start":{"line":12,"column":2},"end":{"line":12,"column":45}}},"fnMap":{"0":{"name":"(anonymous_0)","decl":{"start":{"line":11,"column":24},"end":{"line":11,"column":25}},"loc":{"start":{"line":11,"column":30},"end":{"line":13,"column":1}},"line":11}},"branchMap":{},"s":{"0":1,"1":1,"2":1,"3":1,"4":1},"f":{"0":1},"b":{},"_coverageSchema":"1a1c01bbd47fc00a2c39e90264f33305004495a9","hash":"936f488ea6515f7531c3602391db571eaf5a2b33"}
,"D:\\UOM\\Semester 5\\2 - CS3202 - Software Engineering Project\\Project\\Server\\src\\middleware\\auth.js": {"path":"D:\\UOM\\Semester 5\\2 - CS3202 - Software Engineering Project\\Project\\Server\\src\\middleware\\auth.js","statementMap":{"0":{"start":{"line":1,"column":12},"end":{"line":1,"column":35}},"1":{"start":{"line":2,"column":13},"end":{"line":2,"column":38}},"2":{"start":{"line":4,"column":32},"end":{"line":4,"column":67}},"3":{"start":{"line":5,"column":33},"end":{"line":5,"column":69}},"4":{"start":{"line":6,"column":18},"end":{"line":6,"column":39}},"5":{"start":{"line":8,"column":13},"end":{"line":60,"column":1}},"6":{"start":{"line":9,"column":2},"end":{"line":59,"column":3}},"7":{"start":{"line":10,"column":29},"end":{"line":10,"column":59}},"8":{"start":{"line":11,"column":28},"end":{"line":11,"column":57}},"9":{"start":{"line":12,"column":4},"end":{"line":56,"column":5}},"10":{"start":{"line":13,"column":6},"end":{"line":13,"column":71}},"11":{"start":{"line":15,"column":25},"end":{"line":15,"column":79}},"12":{"start":{"line":16,"column":24},"end":{"line":16,"column":76}},"13":{"start":{"line":18,"column":6},"end":{"line":55,"column":7}},"14":{"start":{"line":19,"column":25},"end":{"line":22,"column":9}},"15":{"start":{"line":23,"column":8},"end":{"line":40,"column":9}},"16":{"start":{"line":24,"column":10},"end":{"line":24,"column":58}},"17":{"start":{"line":25,"column":10},"end":{"line":25,"column":38}},"18":{"start":{"line":26,"column":10},"end":{"line":26,"column":24}},"19":{"start":{"line":28,"column":27},"end":{"line":32,"column":11}},"20":{"start":{"line":33,"column":10},"end":{"line":39,"column":11}},"21":{"start":{"line":34,"column":12},"end":{"line":34,"column":60}},"22":{"start":{"line":35,"column":12},"end":{"line":35,"column":40}},"23":{"start":{"line":36,"column":12},"end":{"line":36,"column":26}},"24":{"start":{"line":38,"column":12},"end":{"line":38,"column":58}},"25":{"start":{"line":42,"column":25},"end":{"line":46,"column":9}},"26":{"start":{"line":47,"column":8},"end":{"line":54,"column":9}},"27":{"start":{"line":48,"column":10},"end":{"line":48,"column":58}},"28":{"start":{"line":50,"column":10},"end":{"line":50,"column":38}},"29":{"start":{"line":51,"column":10},"end":{"line":51,"column":24}},"30":{"start":{"line":53,"column":10},"end":{"line":53,"column":56}},"31":{"start":{"line":58,"column":4},"end":{"line":58,"column":54}},"32":{"start":{"line":62,"column":26},"end":{"line":74,"column":1}},"33":{"start":{"line":63,"column":2},"end":{"line":73,"column":3}},"34":{"start":{"line":64,"column":18},"end":{"line":64,"column":40}},"35":{"start":{"line":65,"column":17},"end":{"line":68,"column":5}},"36":{"start":{"line":69,"column":18},"end":{"line":69,"column":63}},"37":{"start":{"line":70,"column":4},"end":{"line":70,"column":66}},"38":{"start":{"line":72,"column":4},"end":{"line":72,"column":68}},"39":{"start":{"line":76,"column":27},"end":{"line":99,"column":1}},"40":{"start":{"line":77,"column":2},"end":{"line":98,"column":3}},"41":{"start":{"line":79,"column":17},"end":{"line":79,"column":60}},"42":{"start":{"line":80,"column":4},"end":{"line":95,"column":5}},"43":{"start":{"line":81,"column":20},"end":{"line":81,"column":42}},"44":{"start":{"line":83,"column":6},"end":{"line":92,"column":7}},"45":{"start":{"line":84,"column":21},"end":{"line":87,"column":9}},"46":{"start":{"line":88,"column":22},"end":{"line":88,"column":69}},"47":{"start":{"line":89,"column":8},"end":{"line":89,"column":70}},"48":{"start":{"line":91,"column":8},"end":{"line":91,"column":63}},"49":{"start":{"line":94,"column":6},"end":{"line":94,"column":61}},"50":{"start":{"line":97,"column":4},"end":{"line":97,"column":68}},"51":{"start":{"line":101,"column":0},"end":{"line":101,"column":22}}},"fnMap":{"0":{"name":"(anonymous_0)","decl":{"start":{"line":8,"column":13},"end":{"line":8,"column":14}},"loc":{"start":{"line":8,"column":39},"end":{"line":60,"column":1}},"line":8},"1":{"name":"(anonymous_1)","decl":{"start":{"line":62,"column":26},"end":{"line":62,"column":27}},"loc":{"start":{"line":62,"column":42},"end":{"line":74,"column":1}},"line":62},"2":{"name":"(anonymous_2)","decl":{"start":{"line":76,"column":27},"end":{"line":76,"column":28}},"loc":{"start":{"line":76,"column":56},"end":{"line":99,"column":1}},"line":76}},"branchMap":{"0":{"loc":{"start":{"line":12,"column":4},"end":{"line":56,"column":5}},"type":"if","locations":[{"start":{"line":12,"column":4},"end":{"line":56,"column":5}},{"start":{"line":14,"column":11},"end":{"line":56,"column":5}}],"line":12},"1":{"loc":{"start":{"line":12,"column":8},"end":{"line":12,"column":73}},"type":"binary-expr","locations":[{"start":{"line":12,"column":8},"end":{"line":12,"column":39}},{"start":{"line":12,"column":43},"end":{"line":12,"column":73}}],"line":12},"2":{"loc":{"start":{"line":15,"column":25},"end":{"line":15,"column":79}},"type":"binary-expr","locations":[{"start":{"line":15,"column":25},"end":{"line":15,"column":43}},{"start":{"line":15,"column":47},"end":{"line":15,"column":79}}],"line":15},"3":{"loc":{"start":{"line":16,"column":24},"end":{"line":16,"column":76}},"type":"binary-expr","locations":[{"start":{"line":16,"column":24},"end":{"line":16,"column":41}},{"start":{"line":16,"column":45},"end":{"line":16,"column":76}}],"line":16},"4":{"loc":{"start":{"line":18,"column":6},"end":{"line":55,"column":7}},"type":"if","locations":[{"start":{"line":18,"column":6},"end":{"line":55,"column":7}},{"start":{"line":41,"column":13},"end":{"line":55,"column":7}}],"line":18},"5":{"loc":{"start":{"line":23,"column":8},"end":{"line":40,"column":9}},"type":"if","locations":[{"start":{"line":23,"column":8},"end":{"line":40,"column":9}},{"start":{"line":27,"column":15},"end":{"line":40,"column":9}}],"line":23},"6":{"loc":{"start":{"line":33,"column":10},"end":{"line":39,"column":11}},"type":"if","locations":[{"start":{"line":33,"column":10},"end":{"line":39,"column":11}},{"start":{"line":37,"column":17},"end":{"line":39,"column":11}}],"line":33},"7":{"loc":{"start":{"line":47,"column":8},"end":{"line":54,"column":9}},"type":"if","locations":[{"start":{"line":47,"column":8},"end":{"line":54,"column":9}},{"start":{"line":52,"column":15},"end":{"line":54,"column":9}}],"line":47},"8":{"loc":{"start":{"line":80,"column":4},"end":{"line":95,"column":5}},"type":"if","locations":[{"start":{"line":80,"column":4},"end":{"line":95,"column":5}},{"start":{"line":93,"column":11},"end":{"line":95,"column":5}}],"line":80},"9":{"loc":{"start":{"line":83,"column":6},"end":{"line":92,"column":7}},"type":"if","locations":[{"start":{"line":83,"column":6},"end":{"line":92,"column":7}},{"start":{"line":90,"column":13},"end":{"line":92,"column":7}}],"line":83}},"s":{"0":1,"1":1,"2":1,"3":1,"4":1,"5":1,"6":0,"7":0,"8":0,"9":0,"10":0,"11":0,"12":0,"13":0,"14":0,"15":0,"16":0,"17":0,"18":0,"19":0,"20":0,"21":0,"22":0,"23":0,"24":0,"25":0,"26":0,"27":0,"28":0,"29":0,"30":0,"31":0,"32":1,"33":0,"34":0,"35":0,"36":0,"37":0,"38":0,"39":1,"40":0,"41":0,"42":0,"43":0,"44":0,"45":0,"46":0,"47":0,"48":0,"49":0,"50":0,"51":1},"f":{"0":0,"1":0,"2":0},"b":{"0":[0,0],"1":[0,0],"2":[0,0],"3":[0,0],"4":[0,0],"5":[0,0],"6":[0,0],"7":[0,0],"8":[0,0],"9":[0,0]},"_coverageSchema":"1a1c01bbd47fc00a2c39e90264f33305004495a9","hash":"9346b1e8d9179bd5470e4661d174ffafba69f4d5"}
,"D:\\UOM\\Semester 5\\2 - CS3202 - Software Engineering Project\\Project\\Server\\src\\middleware\\fileUpload.js": {"path":"D:\\UOM\\Semester 5\\2 - CS3202 - Software Engineering Project\\Project\\Server\\src\\middleware\\fileUpload.js","statementMap":{"0":{"start":{"line":1,"column":15},"end":{"line":1,"column":32}},"1":{"start":{"line":3,"column":15},"end":{"line":8,"column":2}},"2":{"start":{"line":10,"column":0},"end":{"line":10,"column":24}}},"fnMap":{},"branchMap":{},"s":{"0":1,"1":1,"2":1},"f":{},"b":{},"_coverageSchema":"1a1c01bbd47fc00a2c39e90264f33305004495a9","hash":"ed830a484f6efb5cb66b39b0285c97bc6842e626"}
,"D:\\UOM\\Semester 5\\2 - CS3202 - Software Engineering Project\\Project\\Server\\src\\models\\diet.js": {"path":"D:\\UOM\\Semester 5\\2 - CS3202 - Software Engineering Project\\Project\\Server\\src\\models\\diet.js","statementMap":{"0":{"start":{"line":1,"column":21},"end":{"line":1,"column":36}},"1":{"start":{"line":2,"column":17},"end":{"line":2,"column":36}},"2":{"start":{"line":4,"column":19},"end":{"line":31,"column":1}},"3":{"start":{"line":33,"column":0},"end":{"line":33,"column":52}}},"fnMap":{},"branchMap":{},"s":{"0":1,"1":1,"2":1,"3":1},"f":{},"b":{},"_coverageSchema":"1a1c01bbd47fc00a2c39e90264f33305004495a9","hash":"d5e1c54c30c689ab8d07d0fcd719bba401941011"}
,"D:\\UOM\\Semester 5\\2 - CS3202 - Software Engineering Project\\Project\\Server\\src\\models\\dietPlan.js": {"path":"D:\\UOM\\Semester 5\\2 - CS3202 - Software Engineering Project\\Project\\Server\\src\\models\\dietPlan.js","statementMap":{"0":{"start":{"line":1,"column":21},"end":{"line":1,"column":36}},"1":{"start":{"line":2,"column":17},"end":{"line":2,"column":36}},"2":{"start":{"line":4,"column":23},"end":{"line":69,"column":1}},"3":{"start":{"line":71,"column":0},"end":{"line":71,"column":60}}},"fnMap":{},"branchMap":{},"s":{"0":1,"1":1,"2":1,"3":1},"f":{},"b":{},"_coverageSchema":"1a1c01bbd47fc00a2c39e90264f33305004495a9","hash":"b4efbd73560d1431fa01f7bcc4c13d2f29bc20c8"}
,"D:\\UOM\\Semester 5\\2 - CS3202 - Software Engineering Project\\Project\\Server\\src\\models\\food.js": {"path":"D:\\UOM\\Semester 5\\2 - CS3202 - Software Engineering Project\\Project\\Server\\src\\models\\food.js","statementMap":{"0":{"start":{"line":1,"column":17},"end":{"line":1,"column":36}},"1":{"start":{"line":3,"column":19},"end":{"line":60,"column":1}},"2":{"start":{"line":62,"column":0},"end":{"line":62,"column":52}}},"fnMap":{},"branchMap":{},"s":{"0":1,"1":1,"2":1},"f":{},"b":{},"_coverageSchema":"1a1c01bbd47fc00a2c39e90264f33305004495a9","hash":"cbe96469ade2f9a86a23038387d70653df2ca5a2"}
,"D:\\UOM\\Semester 5\\2 - CS3202 - Software Engineering Project\\Project\\Server\\src\\models\\reminders.js": {"path":"D:\\UOM\\Semester 5\\2 - CS3202 - Software Engineering Project\\Project\\Server\\src\\models\\reminders.js","statementMap":{"0":{"start":{"line":1,"column":21},"end":{"line":1,"column":36}},"1":{"start":{"line":2,"column":17},"end":{"line":2,"column":36}},"2":{"start":{"line":3,"column":20},"end":{"line":3,"column":49}},"3":{"start":{"line":5,"column":24},"end":{"line":26,"column":1}},"4":{"start":{"line":28,"column":0},"end":{"line":28,"column":62}}},"fnMap":{},"branchMap":{},"s":{"0":0,"1":0,"2":0,"3":0,"4":0},"f":{},"b":{}}
,"D:\\UOM\\Semester 5\\2 - CS3202 - Software Engineering Project\\Project\\Server\\src\\models\\shoppingList.js": {"path":"D:\\UOM\\Semester 5\\2 - CS3202 - Software Engineering Project\\Project\\Server\\src\\models\\shoppingList.js","statementMap":{"0":{"start":{"line":1,"column":17},"end":{"line":1,"column":36}},"1":{"start":{"line":2,"column":21},"end":{"line":2,"column":36}},"2":{"start":{"line":4,"column":27},"end":{"line":22,"column":1}},"3":{"start":{"line":24,"column":0},"end":{"line":24,"column":68}}},"fnMap":{},"branchMap":{},"s":{"0":1,"1":1,"2":1,"3":1},"f":{},"b":{},"_coverageSchema":"1a1c01bbd47fc00a2c39e90264f33305004495a9","hash":"a7741c5c94672ecc26b339346a4c3bc405c106bf"}
,"D:\\UOM\\Semester 5\\2 - CS3202 - Software Engineering Project\\Project\\Server\\src\\models\\user.js": {"path":"D:\\UOM\\Semester 5\\2 - CS3202 - Software Engineering Project\\Project\\Server\\src\\models\\user.js","statementMap":{"0":{"start":{"line":1,"column":17},"end":{"line":1,"column":36}},"1":{"start":{"line":2,"column":15},"end":{"line":2,"column":34}},"2":{"start":{"line":3,"column":12},"end":{"line":3,"column":35}},"3":{"start":{"line":4,"column":18},"end":{"line":4,"column":38}},"4":{"start":{"line":5,"column":21},"end":{"line":5,"column":36}},"5":{"start":{"line":7,"column":19},"end":{"line":66,"column":1}},"6":{"start":{"line":21,"column":8},"end":{"line":23,"column":9}},"7":{"start":{"line":22,"column":10},"end":{"line":22,"column":44}},"8":{"start":{"line":68,"column":0},"end":{"line":76,"column":3}},"9":{"start":{"line":69,"column":15},"end":{"line":69,"column":19}},"10":{"start":{"line":71,"column":2},"end":{"line":73,"column":3}},"11":{"start":{"line":72,"column":4},"end":{"line":72,"column":56}},"12":{"start":{"line":75,"column":2},"end":{"line":75,"column":9}},"13":{"start":{"line":92,"column":13},"end":{"line":92,"column":47}},"14":{"start":{"line":94,"column":0},"end":{"line":94,"column":22}}},"fnMap":{"0":{"name":"(anonymous_0)","decl":{"start":{"line":20,"column":6},"end":{"line":20,"column":7}},"loc":{"start":{"line":20,"column":22},"end":{"line":24,"column":7}},"line":20},"1":{"name":"(anonymous_1)","decl":{"start":{"line":68,"column":23},"end":{"line":68,"column":24}},"loc":{"start":{"line":68,"column":45},"end":{"line":76,"column":1}},"line":68}},"branchMap":{"0":{"loc":{"start":{"line":21,"column":8},"end":{"line":23,"column":9}},"type":"if","locations":[{"start":{"line":21,"column":8},"end":{"line":23,"column":9}},{"start":{},"end":{}}],"line":21},"1":{"loc":{"start":{"line":71,"column":2},"end":{"line":73,"column":3}},"type":"if","locations":[{"start":{"line":71,"column":2},"end":{"line":73,"column":3}},{"start":{},"end":{}}],"line":71}},"s":{"0":1,"1":1,"2":1,"3":1,"4":1,"5":1,"6":1,"7":0,"8":1,"9":1,"10":1,"11":1,"12":1,"13":1,"14":1},"f":{"0":1,"1":1},"b":{"0":[0,1],"1":[1,0]},"_coverageSchema":"1a1c01bbd47fc00a2c39e90264f33305004495a9","hash":"7b15bd326a9475e56805a63eddd914bb2455752e"}
,"D:\\UOM\\Semester 5\\2 - CS3202 - Software Engineering Project\\Project\\Server\\src\\router\\_index.routes.js": {"path":"D:\\UOM\\Semester 5\\2 - CS3202 - Software Engineering Project\\Project\\Server\\src\\router\\_index.routes.js","statementMap":{"0":{"start":{"line":1,"column":19},"end":{"line":1,"column":37}},"1":{"start":{"line":2,"column":23},"end":{"line":2,"column":47}},"2":{"start":{"line":3,"column":23},"end":{"line":3,"column":47}},"3":{"start":{"line":4,"column":24},"end":{"line":4,"column":49}},"4":{"start":{"line":5,"column":27},"end":{"line":5,"column":55}},"5":{"start":{"line":6,"column":31},"end":{"line":6,"column":63}},"6":{"start":{"line":9,"column":15},"end":{"line":9,"column":23}},"7":{"start":{"line":11,"column":0},"end":{"line":11,"column":32}},"8":{"start":{"line":12,"column":0},"end":{"line":12,"column":32}},"9":{"start":{"line":13,"column":0},"end":{"line":13,"column":34}},"10":{"start":{"line":14,"column":0},"end":{"line":14,"column":39}},"11":{"start":{"line":15,"column":0},"end":{"line":15,"column":48}},"12":{"start":{"line":17,"column":0},"end":{"line":17,"column":24}}},"fnMap":{},"branchMap":{},"s":{"0":1,"1":1,"2":1,"3":1,"4":1,"5":1,"6":1,"7":1,"8":1,"9":1,"10":1,"11":1,"12":1},"f":{},"b":{},"_coverageSchema":"1a1c01bbd47fc00a2c39e90264f33305004495a9","hash":"a77f5efe983a61fa67a4ad9b7e55c0e0a8f23b2f"}
,"D:\\UOM\\Semester 5\\2 - CS3202 - Software Engineering Project\\Project\\Server\\src\\router\\dietPlan.routes.js": {"path":"D:\\UOM\\Semester 5\\2 - CS3202 - Software Engineering Project\\Project\\Server\\src\\router\\dietPlan.routes.js","statementMap":{"0":{"start":{"line":1,"column":19},"end":{"line":1,"column":37}},"1":{"start":{"line":6,"column":4},"end":{"line":6,"column":48}},"2":{"start":{"line":7,"column":24},"end":{"line":7,"column":64}},"3":{"start":{"line":8,"column":13},"end":{"line":8,"column":42}},"4":{"start":{"line":10,"column":15},"end":{"line":10,"column":23}},"5":{"start":{"line":12,"column":0},"end":{"line":12,"column":32}},"6":{"start":{"line":13,"column":0},"end":{"line":13,"column":36}},"7":{"start":{"line":14,"column":0},"end":{"line":14,"column":50}},"8":{"start":{"line":15,"column":0},"end":{"line":15,"column":43}},"9":{"start":{"line":19,"column":0},"end":{"line":19,"column":39}}},"fnMap":{},"branchMap":{},"s":{"0":1,"1":1,"2":1,"3":1,"4":1,"5":1,"6":1,"7":1,"8":1,"9":1},"f":{},"b":{},"_coverageSchema":"1a1c01bbd47fc00a2c39e90264f33305004495a9","hash":"32d4183fcca5b4986759d4027ae354be01b182f9"}
,"D:\\UOM\\Semester 5\\2 - CS3202 - Software Engineering Project\\Project\\Server\\src\\router\\food.routes.js": {"path":"D:\\UOM\\Semester 5\\2 - CS3202 - Software Engineering Project\\Project\\Server\\src\\router\\food.routes.js","statementMap":{"0":{"start":{"line":1,"column":19},"end":{"line":1,"column":37}},"1":{"start":{"line":12,"column":4},"end":{"line":12,"column":44}},"2":{"start":{"line":13,"column":13},"end":{"line":13,"column":42}},"3":{"start":{"line":15,"column":15},"end":{"line":15,"column":23}},"4":{"start":{"line":17,"column":0},"end":{"line":17,"column":39}},"5":{"start":{"line":18,"column":0},"end":{"line":18,"column":46}},"6":{"start":{"line":19,"column":0},"end":{"line":19,"column":51}},"7":{"start":{"line":20,"column":0},"end":{"line":20,"column":34}},"8":{"start":{"line":21,"column":0},"end":{"line":21,"column":47}},"9":{"start":{"line":22,"column":0},"end":{"line":22,"column":60}},"10":{"start":{"line":23,"column":0},"end":{"line":23,"column":49}},"11":{"start":{"line":24,"column":0},"end":{"line":24,"column":53}},"12":{"start":{"line":25,"column":0},"end":{"line":25,"column":40}},"13":{"start":{"line":27,"column":0},"end":{"line":27,"column":35}}},"fnMap":{},"branchMap":{},"s":{"0":1,"1":1,"2":1,"3":1,"4":1,"5":1,"6":1,"7":1,"8":1,"9":1,"10":1,"11":1,"12":1,"13":1},"f":{},"b":{},"_coverageSchema":"1a1c01bbd47fc00a2c39e90264f33305004495a9","hash":"bca8dbff01b480a218598bd31551b8c72cc07863"}
,"D:\\UOM\\Semester 5\\2 - CS3202 - Software Engineering Project\\Project\\Server\\src\\router\\image.routes.js": {"path":"D:\\UOM\\Semester 5\\2 - CS3202 - Software Engineering Project\\Project\\Server\\src\\router\\image.routes.js","statementMap":{"0":{"start":{"line":1,"column":19},"end":{"line":1,"column":37}},"1":{"start":{"line":2,"column":15},"end":{"line":2,"column":23}},"2":{"start":{"line":3,"column":21},"end":{"line":3,"column":62}},"3":{"start":{"line":4,"column":15},"end":{"line":4,"column":50}},"4":{"start":{"line":6,"column":0},"end":{"line":6,"column":51}},"5":{"start":{"line":8,"column":0},"end":{"line":8,"column":36}}},"fnMap":{},"branchMap":{},"s":{"0":1,"1":1,"2":1,"3":1,"4":1,"5":1},"f":{},"b":{},"_coverageSchema":"1a1c01bbd47fc00a2c39e90264f33305004495a9","hash":"ab24ec2f32512092e9ba740c445fc95d614283c9"}
,"D:\\UOM\\Semester 5\\2 - CS3202 - Software Engineering Project\\Project\\Server\\src\\router\\shoppingList.routes.js": {"path":"D:\\UOM\\Semester 5\\2 - CS3202 - Software Engineering Project\\Project\\Server\\src\\router\\shoppingList.routes.js","statementMap":{"0":{"start":{"line":1,"column":19},"end":{"line":1,"column":37}},"1":{"start":{"line":2,"column":46},"end":{"line":2,"column":94}},"2":{"start":{"line":3,"column":13},"end":{"line":3,"column":42}},"3":{"start":{"line":5,"column":15},"end":{"line":5,"column":23}},"4":{"start":{"line":10,"column":0},"end":{"line":10,"column":43}},"5":{"start":{"line":11,"column":0},"end":{"line":11,"column":46}},"6":{"start":{"line":13,"column":0},"end":{"line":13,"column":43}}},"fnMap":{},"branchMap":{},"s":{"0":1,"1":1,"2":1,"3":1,"4":1,"5":1,"6":1},"f":{},"b":{},"_coverageSchema":"1a1c01bbd47fc00a2c39e90264f33305004495a9","hash":"5f679c14e66a6c25ff104b3e07c62150fe5dbd2f"}
,"D:\\UOM\\Semester 5\\2 - CS3202 - Software Engineering Project\\Project\\Server\\src\\router\\user.routes.js": {"path":"D:\\UOM\\Semester 5\\2 - CS3202 - Software Engineering Project\\Project\\Server\\src\\router\\user.routes.js","statementMap":{"0":{"start":{"line":1,"column":19},"end":{"line":1,"column":37}},"1":{"start":{"line":2,"column":190},"end":{"line":2,"column":230}},"2":{"start":{"line":3,"column":13},"end":{"line":3,"column":42}},"3":{"start":{"line":6,"column":15},"end":{"line":6,"column":23}},"4":{"start":{"line":8,"column":0},"end":{"line":8,"column":31}},"5":{"start":{"line":9,"column":0},"end":{"line":9,"column":31}},"6":{"start":{"line":10,"column":0},"end":{"line":10,"column":38}},"7":{"start":{"line":11,"column":0},"end":{"line":11,"column":36}},"8":{"start":{"line":12,"column":0},"end":{"line":12,"column":51}},"9":{"start":{"line":13,"column":0},"end":{"line":13,"column":48}},"10":{"start":{"line":14,"column":0},"end":{"line":14,"column":47}},"11":{"start":{"line":15,"column":0},"end":{"line":15,"column":55}},"12":{"start":{"line":16,"column":0},"end":{"line":16,"column":39}},"13":{"start":{"line":17,"column":0},"end":{"line":17,"column":50}},"14":{"start":{"line":18,"column":0},"end":{"line":18,"column":35}},"15":{"start":{"line":19,"column":0},"end":{"line":19,"column":36}},"16":{"start":{"line":20,"column":0},"end":{"line":20,"column":36}},"17":{"start":{"line":21,"column":0},"end":{"line":21,"column":42}},"18":{"start":{"line":23,"column":0},"end":{"line":23,"column":35}}},"fnMap":{},"branchMap":{},"s":{"0":1,"1":1,"2":1,"3":1,"4":1,"5":1,"6":1,"7":1,"8":1,"9":1,"10":1,"11":1,"12":1,"13":1,"14":1,"15":1,"16":1,"17":1,"18":1},"f":{},"b":{},"_coverageSchema":"1a1c01bbd47fc00a2c39e90264f33305004495a9","hash":"7fbea84cdd874d436dcc507f9fbd398a345811ca"}
}
