{"D:\\UOM\\Semester 5\\2 - CS3202 - Software Engineering Project\\Project\\Server\\src\\app.js": {"path":"D:\\UOM\\Semester 5\\2 - CS3202 - Software Engineering Project\\Project\\Server\\src\\app.js","statementMap":{"0":{"start":{"line":1,"column":0},"end":{"line":1,"column":27}},"1":{"start":{"line":2,"column":16},"end":{"line":2,"column":34}},"2":{"start":{"line":3,"column":13},"end":{"line":3,"column":28}},"3":{"start":{"line":4,"column":0},"end":{"line":4,"column":25}},"4":{"start":{"line":5,"column":19},"end":{"line":5,"column":41}},"5":{"start":{"line":6,"column":15},"end":{"line":6,"column":48}},"6":{"start":{"line":7,"column":12},"end":{"line":7,"column":21}},"7":{"start":{"line":9,"column":14},"end":{"line":9,"column":17}},"8":{"start":{"line":11,"column":0},"end":{"line":13,"column":1}},"9":{"start":{"line":12,"column":2},"end":{"line":12,"column":51}},"10":{"start":{"line":15,"column":0},"end":{"line":20,"column":2}},"11":{"start":{"line":23,"column":0},"end":{"line":23,"column":44}},"12":{"start":{"line":24,"column":0},"end":{"line":29,"column":2}},"13":{"start":{"line":30,"column":0},"end":{"line":30,"column":24}},"14":{"start":{"line":31,"column":0},"end":{"line":31,"column":16}},"15":{"start":{"line":33,"column":0},"end":{"line":33,"column":21}}},"fnMap":{},"branchMap":{"0":{"loc":{"start":{"line":11,"column":0},"end":{"line":13,"column":1}},"type":"if","locations":[{"start":{"line":11,"column":0},"end":{"line":13,"column":1}},{"start":{},"end":{}}],"line":11}},"s":{"0":6,"1":6,"2":6,"3":6,"4":6,"5":6,"6":6,"7":6,"8":6,"9":0,"10":6,"11":6,"12":6,"13":6,"14":6,"15":6},"f":{},"b":{"0":[0,6]},"_coverageSchema":"1a1c01bbd47fc00a2c39e90264f33305004495a9","hash":"3eaf1eff986d951244ed2778add0c4b238294a74"}
,"D:\\UOM\\Semester 5\\2 - CS3202 - Software Engineering Project\\Project\\Server\\src\\index.js": {"path":"D:\\UOM\\Semester 5\\2 - CS3202 - Software Engineering Project\\Project\\Server\\src\\index.js","statementMap":{"0":{"start":{"line":1,"column":0},"end":{"line":1,"column":27}},"1":{"start":{"line":2,"column":12},"end":{"line":2,"column":33}},"2":{"start":{"line":3,"column":13},"end":{"line":3,"column":29}},"3":{"start":{"line":4,"column":12},"end":{"line":4,"column":32}},"4":{"start":{"line":6,"column":0},"end":{"line":8,"column":3}},"5":{"start":{"line":7,"column":2},"end":{"line":7,"column":62}}},"fnMap":{"0":{"name":"(anonymous_0)","decl":{"start":{"line":6,"column":17},"end":{"line":6,"column":18}},"loc":{"start":{"line":6,"column":23},"end":{"line":8,"column":1}},"line":6}},"branchMap":{},"s":{"0":0,"1":0,"2":0,"3":0,"4":0,"5":0},"f":{"0":0},"b":{}}
,"D:\\UOM\\Semester 5\\2 - CS3202 - Software Engineering Project\\Project\\Server\\src\\controller\\diet.controller.js": {"path":"D:\\UOM\\Semester 5\\2 - CS3202 - Software Engineering Project\\Project\\Server\\src\\controller\\diet.controller.js","statementMap":{"0":{"start":{"line":1,"column":13},"end":{"line":1,"column":38}},"1":{"start":{"line":2,"column":17},"end":{"line":2,"column":46}},"2":{"start":{"line":3,"column":17},"end":{"line":3,"column":36}},"3":{"start":{"line":4,"column":18},"end":{"line":4,"column":43}},"4":{"start":{"line":7,"column":22},"end":{"line":43,"column":1}},"5":{"start":{"line":8,"column":20},"end":{"line":8,"column":28}},"6":{"start":{"line":10,"column":2},"end":{"line":10,"column":11}},"7":{"start":{"line":11,"column":2},"end":{"line":18,"column":5}},"8":{"start":{"line":12,"column":4},"end":{"line":17,"column":7}},"9":{"start":{"line":20,"column":14},"end":{"line":20,"column":32}},"10":{"start":{"line":23,"column":2},"end":{"line":42,"column":3}},"11":{"start":{"line":24,"column":17},"end":{"line":24,"column":43}},"12":{"start":{"line":25,"column":4},"end":{"line":39,"column":5}},"13":{"start":{"line":26,"column":20},"end":{"line":26,"column":22}},"14":{"start":{"line":27,"column":6},"end":{"line":31,"column":7}},"15":{"start":{"line":27,"column":23},"end":{"line":27,"column":24}},"16":{"start":{"line":28,"column":18},"end":{"line":28,"column":29}},"17":{"start":{"line":29,"column":22},"end":{"line":29,"column":40}},"18":{"start":{"line":30,"column":8},"end":{"line":30,"column":30}},"19":{"start":{"line":33,"column":23},"end":{"line":37,"column":7}},"20":{"start":{"line":38,"column":6},"end":{"line":38,"column":37}},"21":{"start":{"line":41,"column":4},"end":{"line":41,"column":51}},"22":{"start":{"line":45,"column":21},"end":{"line":60,"column":1}},"23":{"start":{"line":48,"column":13},"end":{"line":48,"column":39}},"24":{"start":{"line":49,"column":2},"end":{"line":51,"column":3}},"25":{"start":{"line":50,"column":4},"end":{"line":50,"column":64}},"26":{"start":{"line":52,"column":19},"end":{"line":52,"column":55}},"27":{"start":{"line":54,"column":2},"end":{"line":56,"column":3}},"28":{"start":{"line":55,"column":4},"end":{"line":55,"column":64}},"29":{"start":{"line":58,"column":16},"end":{"line":58,"column":35}},"30":{"start":{"line":59,"column":2},"end":{"line":59,"column":29}},"31":{"start":{"line":63,"column":0},"end":{"line":66,"column":2}}},"fnMap":{"0":{"name":"(anonymous_0)","decl":{"start":{"line":7,"column":22},"end":{"line":7,"column":23}},"loc":{"start":{"line":7,"column":42},"end":{"line":43,"column":1}},"line":7},"1":{"name":"(anonymous_1)","decl":{"start":{"line":11,"column":16},"end":{"line":11,"column":17}},"loc":{"start":{"line":11,"column":23},"end":{"line":18,"column":3}},"line":11},"2":{"name":"(anonymous_2)","decl":{"start":{"line":45,"column":21},"end":{"line":45,"column":22}},"loc":{"start":{"line":45,"column":41},"end":{"line":60,"column":1}},"line":45}},"branchMap":{"0":{"loc":{"start":{"line":25,"column":4},"end":{"line":39,"column":5}},"type":"if","locations":[{"start":{"line":25,"column":4},"end":{"line":39,"column":5}},{"start":{},"end":{}}],"line":25},"1":{"loc":{"start":{"line":49,"column":2},"end":{"line":51,"column":3}},"type":"if","locations":[{"start":{"line":49,"column":2},"end":{"line":51,"column":3}},{"start":{},"end":{}}],"line":49},"2":{"loc":{"start":{"line":54,"column":2},"end":{"line":56,"column":3}},"type":"if","locations":[{"start":{"line":54,"column":2},"end":{"line":56,"column":3}},{"start":{},"end":{}}],"line":54}},"s":{"0":6,"1":6,"2":6,"3":6,"4":6,"5":1,"6":1,"7":1,"8":1,"9":1,"10":1,"11":1,"12":1,"13":1,"14":1,"15":1,"16":1,"17":1,"18":1,"19":1,"20":1,"21":0,"22":6,"23":1,"24":1,"25":0,"26":1,"27":1,"28":0,"29":1,"30":1,"31":6},"f":{"0":1,"1":1,"2":1},"b":{"0":[1,0],"1":[0,1],"2":[0,1]},"_coverageSchema":"1a1c01bbd47fc00a2c39e90264f33305004495a9","hash":"ecb8f33b1e73ca368eb1e92974486d501aa9cce4"}
,"D:\\UOM\\Semester 5\\2 - CS3202 - Software Engineering Project\\Project\\Server\\src\\controller\\dietPlan.controller.js": {"path":"D:\\UOM\\Semester 5\\2 - CS3202 - Software Engineering Project\\Project\\Server\\src\\controller\\dietPlan.controller.js","statementMap":{"0":{"start":{"line":1,"column":17},"end":{"line":1,"column":46}},"1":{"start":{"line":2,"column":13},"end":{"line":2,"column":38}},"2":{"start":{"line":3,"column":17},"end":{"line":3,"column":36}},"3":{"start":{"line":4,"column":24},"end":{"line":4,"column":47}},"4":{"start":{"line":5,"column":13},"end":{"line":5,"column":38}},"5":{"start":{"line":6,"column":13},"end":{"line":6,"column":38}},"6":{"start":{"line":7,"column":25},"end":{"line":7,"column":62}},"7":{"start":{"line":10,"column":18},"end":{"line":43,"column":1}},"8":{"start":{"line":23,"column":6},"end":{"line":23,"column":14}},"9":{"start":{"line":25,"column":2},"end":{"line":42,"column":3}},"10":{"start":{"line":26,"column":21},"end":{"line":38,"column":6}},"11":{"start":{"line":39,"column":4},"end":{"line":39,"column":35}},"12":{"start":{"line":41,"column":4},"end":{"line":41,"column":51}},"13":{"start":{"line":45,"column":24},"end":{"line":58,"column":1}},"14":{"start":{"line":46,"column":14},"end":{"line":46,"column":27}},"15":{"start":{"line":48,"column":2},"end":{"line":57,"column":3}},"16":{"start":{"line":49,"column":21},"end":{"line":49,"column":49}},"17":{"start":{"line":51,"column":4},"end":{"line":53,"column":5}},"18":{"start":{"line":52,"column":6},"end":{"line":52,"column":47}},"19":{"start":{"line":54,"column":4},"end":{"line":54,"column":54}},"20":{"start":{"line":56,"column":4},"end":{"line":56,"column":45}},"21":{"start":{"line":60,"column":25},"end":{"line":110,"column":1}},"22":{"start":{"line":61,"column":14},"end":{"line":61,"column":34}},"23":{"start":{"line":64,"column":13},"end":{"line":64,"column":41}},"24":{"start":{"line":65,"column":15},"end":{"line":65,"column":46}},"25":{"start":{"line":67,"column":16},"end":{"line":67,"column":60}},"26":{"start":{"line":69,"column":17},"end":{"line":79,"column":13}},"27":{"start":{"line":80,"column":11},"end":{"line":80,"column":13}},"28":{"start":{"line":81,"column":2},"end":{"line":95,"column":3}},"29":{"start":{"line":82,"column":4},"end":{"line":82,"column":17}},"30":{"start":{"line":83,"column":4},"end":{"line":94,"column":6}},"31":{"start":{"line":96,"column":2},"end":{"line":109,"column":4}},"32":{"start":{"line":100,"column":6},"end":{"line":107,"column":7}},"33":{"start":{"line":101,"column":8},"end":{"line":101,"column":25}},"34":{"start":{"line":103,"column":8},"end":{"line":106,"column":11}},"35":{"start":{"line":113,"column":28},"end":{"line":126,"column":1}},"36":{"start":{"line":114,"column":14},"end":{"line":114,"column":27}},"37":{"start":{"line":116,"column":2},"end":{"line":125,"column":3}},"38":{"start":{"line":117,"column":21},"end":{"line":117,"column":78}},"39":{"start":{"line":119,"column":4},"end":{"line":121,"column":5}},"40":{"start":{"line":120,"column":6},"end":{"line":120,"column":47}},"41":{"start":{"line":122,"column":4},"end":{"line":122,"column":35}},"42":{"start":{"line":124,"column":4},"end":{"line":124,"column":45}},"43":{"start":{"line":128,"column":26},"end":{"line":146,"column":1}},"44":{"start":{"line":129,"column":14},"end":{"line":129,"column":27}},"45":{"start":{"line":130,"column":2},"end":{"line":145,"column":3}},"46":{"start":{"line":131,"column":17},"end":{"line":131,"column":41}},"47":{"start":{"line":132,"column":25},"end":{"line":132,"column":44}},"48":{"start":{"line":133,"column":21},"end":{"line":137,"column":26}},"49":{"start":{"line":138,"column":4},"end":{"line":142,"column":5}},"50":{"start":{"line":139,"column":6},"end":{"line":139,"column":47}},"51":{"start":{"line":141,"column":6},"end":{"line":141,"column":37}},"52":{"start":{"line":144,"column":4},"end":{"line":144,"column":45}},"53":{"start":{"line":148,"column":23},"end":{"line":166,"column":1}},"54":{"start":{"line":149,"column":14},"end":{"line":149,"column":27}},"55":{"start":{"line":150,"column":2},"end":{"line":165,"column":3}},"56":{"start":{"line":151,"column":17},"end":{"line":151,"column":41}},"57":{"start":{"line":152,"column":25},"end":{"line":152,"column":44}},"58":{"start":{"line":153,"column":21},"end":{"line":157,"column":26}},"59":{"start":{"line":158,"column":4},"end":{"line":162,"column":5}},"60":{"start":{"line":159,"column":6},"end":{"line":159,"column":47}},"61":{"start":{"line":161,"column":6},"end":{"line":161,"column":37}},"62":{"start":{"line":164,"column":4},"end":{"line":164,"column":45}},"63":{"start":{"line":168,"column":32},"end":{"line":209,"column":1}},"64":{"start":{"line":169,"column":14},"end":{"line":169,"column":27}},"65":{"start":{"line":170,"column":2},"end":{"line":208,"column":3}},"66":{"start":{"line":171,"column":17},"end":{"line":171,"column":41}},"67":{"start":{"line":172,"column":25},"end":{"line":172,"column":44}},"68":{"start":{"line":173,"column":21},"end":{"line":177,"column":26}},"69":{"start":{"line":178,"column":4},"end":{"line":205,"column":5}},"70":{"start":{"line":179,"column":6},"end":{"line":179,"column":47}},"71":{"start":{"line":182,"column":28},"end":{"line":182,"column":30}},"72":{"start":{"line":183,"column":6},"end":{"line":202,"column":9}},"73":{"start":{"line":184,"column":19},"end":{"line":184,"column":21}},"74":{"start":{"line":185,"column":20},"end":{"line":185,"column":22}},"75":{"start":{"line":186,"column":26},"end":{"line":186,"column":28}},"76":{"start":{"line":187,"column":29},"end":{"line":187,"column":44}},"77":{"start":{"line":188,"column":8},"end":{"line":188,"column":31}},"78":{"start":{"line":189,"column":8},"end":{"line":189,"column":32}},"79":{"start":{"line":191,"column":8},"end":{"line":193,"column":11}},"80":{"start":{"line":192,"column":10},"end":{"line":192,"column":64}},"81":{"start":{"line":194,"column":25},"end":{"line":194,"column":60}},"82":{"start":{"line":195,"column":26},"end":{"line":195,"column":49}},"83":{"start":{"line":196,"column":8},"end":{"line":198,"column":9}},"84":{"start":{"line":196,"column":21},"end":{"line":196,"column":22}},"85":{"start":{"line":197,"column":10},"end":{"line":197,"column":50}},"86":{"start":{"line":199,"column":8},"end":{"line":199,"column":68}},"87":{"start":{"line":200,"column":8},"end":{"line":200,"column":31}},"88":{"start":{"line":201,"column":8},"end":{"line":201,"column":33}},"89":{"start":{"line":204,"column":6},"end":{"line":204,"column":42}},"90":{"start":{"line":207,"column":4},"end":{"line":207,"column":45}},"91":{"start":{"line":211,"column":36},"end":{"line":250,"column":1}},"92":{"start":{"line":212,"column":14},"end":{"line":212,"column":27}},"93":{"start":{"line":213,"column":2},"end":{"line":249,"column":3}},"94":{"start":{"line":214,"column":17},"end":{"line":214,"column":41}},"95":{"start":{"line":215,"column":25},"end":{"line":215,"column":44}},"96":{"start":{"line":216,"column":21},"end":{"line":220,"column":26}},"97":{"start":{"line":221,"column":4},"end":{"line":246,"column":5}},"98":{"start":{"line":222,"column":6},"end":{"line":222,"column":47}},"99":{"start":{"line":224,"column":28},"end":{"line":224,"column":30}},"100":{"start":{"line":225,"column":6},"end":{"line":244,"column":9}},"101":{"start":{"line":226,"column":19},"end":{"line":226,"column":21}},"102":{"start":{"line":227,"column":20},"end":{"line":227,"column":22}},"103":{"start":{"line":228,"column":26},"end":{"line":228,"column":28}},"104":{"start":{"line":229,"column":29},"end":{"line":229,"column":44}},"105":{"start":{"line":230,"column":8},"end":{"line":230,"column":31}},"106":{"start":{"line":231,"column":8},"end":{"line":231,"column":32}},"107":{"start":{"line":233,"column":8},"end":{"line":235,"column":11}},"108":{"start":{"line":234,"column":10},"end":{"line":234,"column":64}},"109":{"start":{"line":236,"column":25},"end":{"line":236,"column":60}},"110":{"start":{"line":237,"column":26},"end":{"line":237,"column":49}},"111":{"start":{"line":238,"column":8},"end":{"line":240,"column":9}},"112":{"start":{"line":238,"column":21},"end":{"line":238,"column":22}},"113":{"start":{"line":239,"column":10},"end":{"line":239,"column":50}},"114":{"start":{"line":241,"column":8},"end":{"line":241,"column":68}},"115":{"start":{"line":242,"column":8},"end":{"line":242,"column":31}},"116":{"start":{"line":243,"column":8},"end":{"line":243,"column":33}},"117":{"start":{"line":245,"column":6},"end":{"line":245,"column":42}},"118":{"start":{"line":248,"column":4},"end":{"line":248,"column":45}},"119":{"start":{"line":252,"column":40},"end":{"line":281,"column":1}},"120":{"start":{"line":253,"column":14},"end":{"line":253,"column":27}},"121":{"start":{"line":254,"column":14},"end":{"line":254,"column":23}},"122":{"start":{"line":255,"column":2},"end":{"line":280,"column":3}},"123":{"start":{"line":256,"column":17},"end":{"line":256,"column":41}},"124":{"start":{"line":257,"column":25},"end":{"line":257,"column":44}},"125":{"start":{"line":258,"column":30},"end":{"line":261,"column":6}},"126":{"start":{"line":262,"column":4},"end":{"line":266,"column":5}},"127":{"start":{"line":263,"column":6},"end":{"line":265,"column":9}},"128":{"start":{"line":264,"column":8},"end":{"line":264,"column":42}},"129":{"start":{"line":267,"column":21},"end":{"line":271,"column":6}},"130":{"start":{"line":272,"column":4},"end":{"line":276,"column":5}},"131":{"start":{"line":273,"column":6},"end":{"line":275,"column":9}},"132":{"start":{"line":274,"column":8},"end":{"line":274,"column":43}},"133":{"start":{"line":277,"column":4},"end":{"line":277,"column":30}},"134":{"start":{"line":279,"column":4},"end":{"line":279,"column":45}},"135":{"start":{"line":282,"column":30},"end":{"line":320,"column":1}},"136":{"start":{"line":283,"column":14},"end":{"line":283,"column":27}},"137":{"start":{"line":284,"column":2},"end":{"line":319,"column":3}},"138":{"start":{"line":285,"column":21},"end":{"line":288,"column":26}},"139":{"start":{"line":289,"column":4},"end":{"line":316,"column":5}},"140":{"start":{"line":290,"column":6},"end":{"line":290,"column":47}},"141":{"start":{"line":293,"column":28},"end":{"line":293,"column":30}},"142":{"start":{"line":294,"column":6},"end":{"line":313,"column":9}},"143":{"start":{"line":295,"column":19},"end":{"line":295,"column":21}},"144":{"start":{"line":296,"column":20},"end":{"line":296,"column":22}},"145":{"start":{"line":297,"column":26},"end":{"line":297,"column":28}},"146":{"start":{"line":298,"column":29},"end":{"line":298,"column":44}},"147":{"start":{"line":299,"column":8},"end":{"line":299,"column":31}},"148":{"start":{"line":300,"column":8},"end":{"line":300,"column":32}},"149":{"start":{"line":302,"column":8},"end":{"line":304,"column":11}},"150":{"start":{"line":303,"column":10},"end":{"line":303,"column":64}},"151":{"start":{"line":305,"column":25},"end":{"line":305,"column":60}},"152":{"start":{"line":306,"column":26},"end":{"line":306,"column":49}},"153":{"start":{"line":307,"column":8},"end":{"line":309,"column":9}},"154":{"start":{"line":307,"column":21},"end":{"line":307,"column":22}},"155":{"start":{"line":308,"column":10},"end":{"line":308,"column":50}},"156":{"start":{"line":310,"column":8},"end":{"line":310,"column":68}},"157":{"start":{"line":311,"column":8},"end":{"line":311,"column":31}},"158":{"start":{"line":312,"column":8},"end":{"line":312,"column":33}},"159":{"start":{"line":315,"column":6},"end":{"line":315,"column":42}},"160":{"start":{"line":318,"column":4},"end":{"line":318,"column":45}},"161":{"start":{"line":321,"column":23},"end":{"line":350,"column":1}},"162":{"start":{"line":322,"column":14},"end":{"line":322,"column":27}},"163":{"start":{"line":323,"column":2},"end":{"line":349,"column":3}},"164":{"start":{"line":324,"column":4},"end":{"line":326,"column":5}},"165":{"start":{"line":325,"column":6},"end":{"line":325,"column":66}},"166":{"start":{"line":328,"column":24},"end":{"line":328,"column":71}},"167":{"start":{"line":329,"column":21},"end":{"line":329,"column":40}},"168":{"start":{"line":330,"column":17},"end":{"line":330,"column":34}},"169":{"start":{"line":331,"column":16},"end":{"line":331,"column":17}},"170":{"start":{"line":332,"column":23},"end":{"line":332,"column":68}},"171":{"start":{"line":333,"column":4},"end":{"line":342,"column":5}},"172":{"start":{"line":334,"column":6},"end":{"line":338,"column":7}},"173":{"start":{"line":335,"column":27},"end":{"line":335,"column":74}},"174":{"start":{"line":336,"column":8},"end":{"line":336,"column":46}},"175":{"start":{"line":337,"column":8},"end":{"line":337,"column":19}},"176":{"start":{"line":339,"column":23},"end":{"line":341,"column":8}},"177":{"start":{"line":343,"column":4},"end":{"line":345,"column":5}},"178":{"start":{"line":344,"column":6},"end":{"line":344,"column":66}},"179":{"start":{"line":346,"column":4},"end":{"line":346,"column":53}},"180":{"start":{"line":348,"column":4},"end":{"line":348,"column":45}},"181":{"start":{"line":352,"column":29},"end":{"line":372,"column":1}},"182":{"start":{"line":353,"column":17},"end":{"line":353,"column":27}},"183":{"start":{"line":355,"column":2},"end":{"line":357,"column":3}},"184":{"start":{"line":356,"column":4},"end":{"line":356,"column":64}},"185":{"start":{"line":359,"column":13},"end":{"line":365,"column":3}},"186":{"start":{"line":367,"column":2},"end":{"line":369,"column":3}},"187":{"start":{"line":368,"column":4},"end":{"line":368,"column":64}},"188":{"start":{"line":371,"column":2},"end":{"line":371,"column":27}},"189":{"start":{"line":374,"column":0},"end":{"line":387,"column":2}}},"fnMap":{"0":{"name":"(anonymous_0)","decl":{"start":{"line":10,"column":18},"end":{"line":10,"column":19}},"loc":{"start":{"line":10,"column":38},"end":{"line":43,"column":1}},"line":10},"1":{"name":"(anonymous_1)","decl":{"start":{"line":45,"column":24},"end":{"line":45,"column":25}},"loc":{"start":{"line":45,"column":44},"end":{"line":58,"column":1}},"line":45},"2":{"name":"(anonymous_2)","decl":{"start":{"line":60,"column":25},"end":{"line":60,"column":26}},"loc":{"start":{"line":60,"column":45},"end":{"line":110,"column":1}},"line":60},"3":{"name":"(anonymous_3)","decl":{"start":{"line":99,"column":4},"end":{"line":99,"column":5}},"loc":{"start":{"line":99,"column":28},"end":{"line":108,"column":5}},"line":99},"4":{"name":"(anonymous_4)","decl":{"start":{"line":113,"column":28},"end":{"line":113,"column":29}},"loc":{"start":{"line":113,"column":48},"end":{"line":126,"column":1}},"line":113},"5":{"name":"(anonymous_5)","decl":{"start":{"line":128,"column":26},"end":{"line":128,"column":27}},"loc":{"start":{"line":128,"column":46},"end":{"line":146,"column":1}},"line":128},"6":{"name":"(anonymous_6)","decl":{"start":{"line":148,"column":23},"end":{"line":148,"column":24}},"loc":{"start":{"line":148,"column":43},"end":{"line":166,"column":1}},"line":148},"7":{"name":"(anonymous_7)","decl":{"start":{"line":168,"column":32},"end":{"line":168,"column":33}},"loc":{"start":{"line":168,"column":52},"end":{"line":209,"column":1}},"line":168},"8":{"name":"(anonymous_8)","decl":{"start":{"line":183,"column":23},"end":{"line":183,"column":24}},"loc":{"start":{"line":183,"column":36},"end":{"line":202,"column":7}},"line":183},"9":{"name":"(anonymous_9)","decl":{"start":{"line":191,"column":29},"end":{"line":191,"column":30}},"loc":{"start":{"line":191,"column":39},"end":{"line":193,"column":9}},"line":191},"10":{"name":"(anonymous_10)","decl":{"start":{"line":211,"column":36},"end":{"line":211,"column":37}},"loc":{"start":{"line":211,"column":56},"end":{"line":250,"column":1}},"line":211},"11":{"name":"(anonymous_11)","decl":{"start":{"line":225,"column":23},"end":{"line":225,"column":24}},"loc":{"start":{"line":225,"column":36},"end":{"line":244,"column":7}},"line":225},"12":{"name":"(anonymous_12)","decl":{"start":{"line":233,"column":29},"end":{"line":233,"column":30}},"loc":{"start":{"line":233,"column":39},"end":{"line":235,"column":9}},"line":233},"13":{"name":"(anonymous_13)","decl":{"start":{"line":252,"column":40},"end":{"line":252,"column":41}},"loc":{"start":{"line":252,"column":60},"end":{"line":281,"column":1}},"line":252},"14":{"name":"(anonymous_14)","decl":{"start":{"line":263,"column":32},"end":{"line":263,"column":33}},"loc":{"start":{"line":263,"column":42},"end":{"line":265,"column":7}},"line":263},"15":{"name":"(anonymous_15)","decl":{"start":{"line":273,"column":23},"end":{"line":273,"column":24}},"loc":{"start":{"line":273,"column":33},"end":{"line":275,"column":7}},"line":273},"16":{"name":"(anonymous_16)","decl":{"start":{"line":282,"column":30},"end":{"line":282,"column":31}},"loc":{"start":{"line":282,"column":50},"end":{"line":320,"column":1}},"line":282},"17":{"name":"(anonymous_17)","decl":{"start":{"line":294,"column":23},"end":{"line":294,"column":24}},"loc":{"start":{"line":294,"column":36},"end":{"line":313,"column":7}},"line":294},"18":{"name":"(anonymous_18)","decl":{"start":{"line":302,"column":29},"end":{"line":302,"column":30}},"loc":{"start":{"line":302,"column":39},"end":{"line":304,"column":9}},"line":302},"19":{"name":"(anonymous_19)","decl":{"start":{"line":321,"column":23},"end":{"line":321,"column":24}},"loc":{"start":{"line":321,"column":43},"end":{"line":350,"column":1}},"line":321},"20":{"name":"(anonymous_20)","decl":{"start":{"line":352,"column":29},"end":{"line":352,"column":30}},"loc":{"start":{"line":352,"column":49},"end":{"line":372,"column":1}},"line":352}},"branchMap":{"0":{"loc":{"start":{"line":51,"column":4},"end":{"line":53,"column":5}},"type":"if","locations":[{"start":{"line":51,"column":4},"end":{"line":53,"column":5}},{"start":{},"end":{}}],"line":51},"1":{"loc":{"start":{"line":100,"column":6},"end":{"line":107,"column":7}},"type":"if","locations":[{"start":{"line":100,"column":6},"end":{"line":107,"column":7}},{"start":{"line":102,"column":13},"end":{"line":107,"column":7}}],"line":100},"2":{"loc":{"start":{"line":119,"column":4},"end":{"line":121,"column":5}},"type":"if","locations":[{"start":{"line":119,"column":4},"end":{"line":121,"column":5}},{"start":{},"end":{}}],"line":119},"3":{"loc":{"start":{"line":138,"column":4},"end":{"line":142,"column":5}},"type":"if","locations":[{"start":{"line":138,"column":4},"end":{"line":142,"column":5}},{"start":{"line":140,"column":11},"end":{"line":142,"column":5}}],"line":138},"4":{"loc":{"start":{"line":158,"column":4},"end":{"line":162,"column":5}},"type":"if","locations":[{"start":{"line":158,"column":4},"end":{"line":162,"column":5}},{"start":{"line":160,"column":11},"end":{"line":162,"column":5}}],"line":158},"5":{"loc":{"start":{"line":178,"column":4},"end":{"line":205,"column":5}},"type":"if","locations":[{"start":{"line":178,"column":4},"end":{"line":205,"column":5}},{"start":{"line":180,"column":11},"end":{"line":205,"column":5}}],"line":178},"6":{"loc":{"start":{"line":221,"column":4},"end":{"line":246,"column":5}},"type":"if","locations":[{"start":{"line":221,"column":4},"end":{"line":246,"column":5}},{"start":{"line":223,"column":11},"end":{"line":246,"column":5}}],"line":221},"7":{"loc":{"start":{"line":262,"column":4},"end":{"line":266,"column":5}},"type":"if","locations":[{"start":{"line":262,"column":4},"end":{"line":266,"column":5}},{"start":{},"end":{}}],"line":262},"8":{"loc":{"start":{"line":272,"column":4},"end":{"line":276,"column":5}},"type":"if","locations":[{"start":{"line":272,"column":4},"end":{"line":276,"column":5}},{"start":{},"end":{}}],"line":272},"9":{"loc":{"start":{"line":289,"column":4},"end":{"line":316,"column":5}},"type":"if","locations":[{"start":{"line":289,"column":4},"end":{"line":316,"column":5}},{"start":{"line":291,"column":11},"end":{"line":316,"column":5}}],"line":289},"10":{"loc":{"start":{"line":324,"column":4},"end":{"line":326,"column":5}},"type":"if","locations":[{"start":{"line":324,"column":4},"end":{"line":326,"column":5}},{"start":{},"end":{}}],"line":324},"11":{"loc":{"start":{"line":333,"column":4},"end":{"line":342,"column":5}},"type":"if","locations":[{"start":{"line":333,"column":4},"end":{"line":342,"column":5}},{"start":{},"end":{}}],"line":333},"12":{"loc":{"start":{"line":343,"column":4},"end":{"line":345,"column":5}},"type":"if","locations":[{"start":{"line":343,"column":4},"end":{"line":345,"column":5}},{"start":{},"end":{}}],"line":343},"13":{"loc":{"start":{"line":355,"column":2},"end":{"line":357,"column":3}},"type":"if","locations":[{"start":{"line":355,"column":2},"end":{"line":357,"column":3}},{"start":{},"end":{}}],"line":355},"14":{"loc":{"start":{"line":367,"column":2},"end":{"line":369,"column":3}},"type":"if","locations":[{"start":{"line":367,"column":2},"end":{"line":369,"column":3}},{"start":{},"end":{}}],"line":367}},"s":{"0":6,"1":6,"2":6,"3":6,"4":6,"5":6,"6":6,"7":6,"8":1,"9":1,"10":1,"11":1,"12":0,"13":6,"14":1,"15":1,"16":1,"17":1,"18":0,"19":1,"20":0,"21":6,"22":1,"23":1,"24":1,"25":1,"26":1,"27":1,"28":1,"29":40,"30":40,"31":1,"32":1,"33":0,"34":1,"35":6,"36":1,"37":1,"38":1,"39":1,"40":0,"41":1,"42":0,"43":6,"44":1,"45":1,"46":1,"47":1,"48":1,"49":1,"50":0,"51":1,"52":0,"53":6,"54":1,"55":1,"56":1,"57":1,"58":1,"59":1,"60":0,"61":1,"62":0,"63":6,"64":1,"65":1,"66":1,"67":1,"68":1,"69":1,"70":0,"71":1,"72":1,"73":1,"74":1,"75":1,"76":1,"77":1,"78":1,"79":1,"80":2,"81":1,"82":1,"83":1,"84":1,"85":3,"86":1,"87":1,"88":1,"89":1,"90":0,"91":6,"92":1,"93":1,"94":1,"95":1,"96":1,"97":1,"98":0,"99":1,"100":1,"101":8,"102":8,"103":8,"104":8,"105":8,"106":8,"107":8,"108":17,"109":8,"110":8,"111":8,"112":8,"113":26,"114":8,"115":8,"116":8,"117":1,"118":0,"119":6,"120":1,"121":1,"122":1,"123":1,"124":1,"125":1,"126":1,"127":1,"128":1,"129":1,"130":1,"131":1,"132":8,"133":1,"134":0,"135":6,"136":1,"137":1,"138":1,"139":1,"140":0,"141":1,"142":1,"143":0,"144":0,"145":0,"146":0,"147":0,"148":0,"149":0,"150":0,"151":0,"152":0,"153":0,"154":0,"155":0,"156":0,"157":0,"158":0,"159":1,"160":0,"161":6,"162":0,"163":0,"164":0,"165":0,"166":0,"167":0,"168":0,"169":0,"170":0,"171":0,"172":0,"173":0,"174":0,"175":0,"176":0,"177":0,"178":0,"179":0,"180":0,"181":6,"182":1,"183":1,"184":0,"185":1,"186":1,"187":0,"188":1,"189":6},"f":{"0":1,"1":1,"2":1,"3":1,"4":1,"5":1,"6":1,"7":1,"8":1,"9":2,"10":1,"11":8,"12":17,"13":1,"14":1,"15":8,"16":1,"17":0,"18":0,"19":0,"20":1},"b":{"0":[0,1],"1":[0,1],"2":[0,1],"3":[0,1],"4":[0,1],"5":[0,1],"6":[0,1],"7":[1,0],"8":[1,0],"9":[0,1],"10":[0,0],"11":[0,0],"12":[0,0],"13":[0,1],"14":[0,1]},"_coverageSchema":"1a1c01bbd47fc00a2c39e90264f33305004495a9","hash":"f15cd5e277ce60e8da7b25f6633824ec7082a459"}
,"D:\\UOM\\Semester 5\\2 - CS3202 - Software Engineering Project\\Project\\Server\\src\\controller\\food.controller.js": {"path":"D:\\UOM\\Semester 5\\2 - CS3202 - Software Engineering Project\\Project\\Server\\src\\controller\\food.controller.js","statementMap":{"0":{"start":{"line":1,"column":13},"end":{"line":1,"column":38}},"1":{"start":{"line":2,"column":17},"end":{"line":2,"column":36}},"2":{"start":{"line":5,"column":17},"end":{"line":13,"column":1}},"3":{"start":{"line":6,"column":2},"end":{"line":12,"column":3}},"4":{"start":{"line":7,"column":18},"end":{"line":7,"column":37}},"5":{"start":{"line":9,"column":4},"end":{"line":9,"column":32}},"6":{"start":{"line":11,"column":4},"end":{"line":11,"column":32}},"7":{"start":{"line":16,"column":24},"end":{"line":38,"column":1}},"8":{"start":{"line":17,"column":21},"end":{"line":19,"column":4}},"9":{"start":{"line":20,"column":17},"end":{"line":22,"column":4}},"10":{"start":{"line":23,"column":22},"end":{"line":23,"column":67}},"11":{"start":{"line":24,"column":19},"end":{"line":24,"column":60}},"12":{"start":{"line":25,"column":16},"end":{"line":25,"column":54}},"13":{"start":{"line":26,"column":20},"end":{"line":26,"column":67}},"14":{"start":{"line":28,"column":2},"end":{"line":35,"column":4}},"15":{"start":{"line":37,"column":2},"end":{"line":37,"column":29}},"16":{"start":{"line":42,"column":33},"end":{"line":52,"column":1}},"17":{"start":{"line":43,"column":28},"end":{"line":45,"column":4}},"18":{"start":{"line":47,"column":2},"end":{"line":49,"column":4}},"19":{"start":{"line":51,"column":2},"end":{"line":51,"column":29}},"20":{"start":{"line":56,"column":25},"end":{"line":66,"column":1}},"21":{"start":{"line":57,"column":20},"end":{"line":59,"column":4}},"22":{"start":{"line":61,"column":2},"end":{"line":63,"column":4}},"23":{"start":{"line":65,"column":2},"end":{"line":65,"column":29}},"24":{"start":{"line":70,"column":27},"end":{"line":80,"column":1}},"25":{"start":{"line":71,"column":22},"end":{"line":73,"column":4}},"26":{"start":{"line":75,"column":2},"end":{"line":77,"column":4}},"27":{"start":{"line":79,"column":2},"end":{"line":79,"column":29}},"28":{"start":{"line":84,"column":16},"end":{"line":118,"column":1}},"29":{"start":{"line":97,"column":6},"end":{"line":97,"column":14}},"30":{"start":{"line":99,"column":2},"end":{"line":117,"column":3}},"31":{"start":{"line":100,"column":17},"end":{"line":112,"column":6}},"32":{"start":{"line":114,"column":4},"end":{"line":114,"column":31}},"33":{"start":{"line":116,"column":4},"end":{"line":116,"column":51}},"34":{"start":{"line":121,"column":17},"end":{"line":140,"column":1}},"35":{"start":{"line":122,"column":17},"end":{"line":122,"column":27}},"36":{"start":{"line":124,"column":2},"end":{"line":126,"column":3}},"37":{"start":{"line":125,"column":4},"end":{"line":125,"column":59}},"38":{"start":{"line":128,"column":15},"end":{"line":133,"column":3}},"39":{"start":{"line":135,"column":2},"end":{"line":137,"column":3}},"40":{"start":{"line":136,"column":4},"end":{"line":136,"column":59}},"41":{"start":{"line":139,"column":2},"end":{"line":139,"column":29}},"42":{"start":{"line":143,"column":19},"end":{"line":157,"column":1}},"43":{"start":{"line":144,"column":17},"end":{"line":144,"column":27}},"44":{"start":{"line":146,"column":2},"end":{"line":148,"column":3}},"45":{"start":{"line":147,"column":4},"end":{"line":147,"column":59}},"46":{"start":{"line":150,"column":15},"end":{"line":150,"column":55}},"47":{"start":{"line":152,"column":2},"end":{"line":154,"column":3}},"48":{"start":{"line":153,"column":4},"end":{"line":153,"column":59}},"49":{"start":{"line":156,"column":2},"end":{"line":156,"column":29}},"50":{"start":{"line":159,"column":20},"end":{"line":170,"column":1}},"51":{"start":{"line":160,"column":16},"end":{"line":160,"column":29}},"52":{"start":{"line":162,"column":2},"end":{"line":164,"column":3}},"53":{"start":{"line":163,"column":4},"end":{"line":163,"column":65}},"54":{"start":{"line":165,"column":15},"end":{"line":165,"column":39}},"55":{"start":{"line":166,"column":2},"end":{"line":168,"column":3}},"56":{"start":{"line":167,"column":4},"end":{"line":167,"column":65}},"57":{"start":{"line":169,"column":2},"end":{"line":169,"column":36}},"58":{"start":{"line":172,"column":0},"end":{"line":182,"column":2}}},"fnMap":{"0":{"name":"(anonymous_0)","decl":{"start":{"line":5,"column":17},"end":{"line":5,"column":18}},"loc":{"start":{"line":5,"column":37},"end":{"line":13,"column":1}},"line":5},"1":{"name":"(anonymous_1)","decl":{"start":{"line":16,"column":24},"end":{"line":16,"column":25}},"loc":{"start":{"line":16,"column":44},"end":{"line":38,"column":1}},"line":16},"2":{"name":"(anonymous_2)","decl":{"start":{"line":42,"column":33},"end":{"line":42,"column":34}},"loc":{"start":{"line":42,"column":53},"end":{"line":52,"column":1}},"line":42},"3":{"name":"(anonymous_3)","decl":{"start":{"line":56,"column":25},"end":{"line":56,"column":26}},"loc":{"start":{"line":56,"column":45},"end":{"line":66,"column":1}},"line":56},"4":{"name":"(anonymous_4)","decl":{"start":{"line":70,"column":27},"end":{"line":70,"column":28}},"loc":{"start":{"line":70,"column":47},"end":{"line":80,"column":1}},"line":70},"5":{"name":"(anonymous_5)","decl":{"start":{"line":84,"column":16},"end":{"line":84,"column":17}},"loc":{"start":{"line":84,"column":36},"end":{"line":118,"column":1}},"line":84},"6":{"name":"(anonymous_6)","decl":{"start":{"line":121,"column":17},"end":{"line":121,"column":18}},"loc":{"start":{"line":121,"column":37},"end":{"line":140,"column":1}},"line":121},"7":{"name":"(anonymous_7)","decl":{"start":{"line":143,"column":19},"end":{"line":143,"column":20}},"loc":{"start":{"line":143,"column":39},"end":{"line":157,"column":1}},"line":143},"8":{"name":"(anonymous_8)","decl":{"start":{"line":159,"column":20},"end":{"line":159,"column":21}},"loc":{"start":{"line":159,"column":39},"end":{"line":170,"column":1}},"line":159}},"branchMap":{"0":{"loc":{"start":{"line":124,"column":2},"end":{"line":126,"column":3}},"type":"if","locations":[{"start":{"line":124,"column":2},"end":{"line":126,"column":3}},{"start":{},"end":{}}],"line":124},"1":{"loc":{"start":{"line":135,"column":2},"end":{"line":137,"column":3}},"type":"if","locations":[{"start":{"line":135,"column":2},"end":{"line":137,"column":3}},{"start":{},"end":{}}],"line":135},"2":{"loc":{"start":{"line":146,"column":2},"end":{"line":148,"column":3}},"type":"if","locations":[{"start":{"line":146,"column":2},"end":{"line":148,"column":3}},{"start":{},"end":{}}],"line":146},"3":{"loc":{"start":{"line":152,"column":2},"end":{"line":154,"column":3}},"type":"if","locations":[{"start":{"line":152,"column":2},"end":{"line":154,"column":3}},{"start":{},"end":{}}],"line":152},"4":{"loc":{"start":{"line":162,"column":2},"end":{"line":164,"column":3}},"type":"if","locations":[{"start":{"line":162,"column":2},"end":{"line":164,"column":3}},{"start":{},"end":{}}],"line":162},"5":{"loc":{"start":{"line":166,"column":2},"end":{"line":168,"column":3}},"type":"if","locations":[{"start":{"line":166,"column":2},"end":{"line":168,"column":3}},{"start":{},"end":{}}],"line":166}},"s":{"0":6,"1":6,"2":6,"3":1,"4":1,"5":1,"6":0,"7":6,"8":1,"9":1,"10":1,"11":1,"12":1,"13":1,"14":1,"15":1,"16":6,"17":1,"18":1,"19":1,"20":6,"21":1,"22":1,"23":1,"24":6,"25":1,"26":1,"27":1,"28":6,"29":0,"30":0,"31":0,"32":0,"33":0,"34":6,"35":1,"36":1,"37":0,"38":1,"39":1,"40":1,"41":0,"42":6,"43":1,"44":1,"45":0,"46":1,"47":1,"48":1,"49":0,"50":6,"51":1,"52":1,"53":0,"54":1,"55":1,"56":0,"57":1,"58":6},"f":{"0":1,"1":1,"2":1,"3":1,"4":1,"5":0,"6":1,"7":1,"8":1},"b":{"0":[0,1],"1":[1,0],"2":[0,1],"3":[1,0],"4":[0,1],"5":[0,1]},"_coverageSchema":"1a1c01bbd47fc00a2c39e90264f33305004495a9","hash":"6ea475b18c82e166535c9708e153384599535197"}
,"D:\\UOM\\Semester 5\\2 - CS3202 - Software Engineering Project\\Project\\Server\\src\\controller\\reminder.controller.js": {"path":"D:\\UOM\\Semester 5\\2 - CS3202 - Software Engineering Project\\Project\\Server\\src\\controller\\reminder.controller.js","statementMap":{"0":{"start":{"line":1,"column":17},"end":{"line":1,"column":46}},"1":{"start":{"line":2,"column":17},"end":{"line":2,"column":36}},"2":{"start":{"line":4,"column":20},"end":{"line":14,"column":1}},"3":{"start":{"line":5,"column":18},"end":{"line":5,"column":34}},"4":{"start":{"line":7,"column":2},"end":{"line":13,"column":3}},"5":{"start":{"line":8,"column":24},"end":{"line":8,"column":67}},"6":{"start":{"line":9,"column":4},"end":{"line":9,"column":38}},"7":{"start":{"line":11,"column":4},"end":{"line":11,"column":19}},"8":{"start":{"line":12,"column":4},"end":{"line":12,"column":48}},"9":{"start":{"line":16,"column":24},"end":{"line":37,"column":1}},"10":{"start":{"line":17,"column":14},"end":{"line":17,"column":26}},"11":{"start":{"line":18,"column":21},"end":{"line":22,"column":3}},"12":{"start":{"line":24,"column":2},"end":{"line":26,"column":3}},"13":{"start":{"line":25,"column":4},"end":{"line":25,"column":66}},"14":{"start":{"line":28,"column":19},"end":{"line":30,"column":4}},"15":{"start":{"line":32,"column":2},"end":{"line":34,"column":3}},"16":{"start":{"line":33,"column":4},"end":{"line":33,"column":63}},"17":{"start":{"line":36,"column":2},"end":{"line":36,"column":33}},"18":{"start":{"line":39,"column":20},"end":{"line":60,"column":1}},"19":{"start":{"line":40,"column":14},"end":{"line":40,"column":26}},"20":{"start":{"line":41,"column":21},"end":{"line":45,"column":3}},"21":{"start":{"line":47,"column":2},"end":{"line":49,"column":3}},"22":{"start":{"line":48,"column":4},"end":{"line":48,"column":66}},"23":{"start":{"line":51,"column":19},"end":{"line":53,"column":4}},"24":{"start":{"line":55,"column":2},"end":{"line":57,"column":3}},"25":{"start":{"line":56,"column":4},"end":{"line":56,"column":63}},"26":{"start":{"line":59,"column":2},"end":{"line":59,"column":33}},"27":{"start":{"line":62,"column":21},"end":{"line":83,"column":1}},"28":{"start":{"line":63,"column":14},"end":{"line":63,"column":26}},"29":{"start":{"line":64,"column":21},"end":{"line":68,"column":3}},"30":{"start":{"line":70,"column":2},"end":{"line":72,"column":3}},"31":{"start":{"line":71,"column":4},"end":{"line":71,"column":66}},"32":{"start":{"line":74,"column":19},"end":{"line":76,"column":4}},"33":{"start":{"line":78,"column":2},"end":{"line":80,"column":3}},"34":{"start":{"line":79,"column":4},"end":{"line":79,"column":63}},"35":{"start":{"line":82,"column":2},"end":{"line":82,"column":33}},"36":{"start":{"line":85,"column":20},"end":{"line":95,"column":1}},"37":{"start":{"line":86,"column":2},"end":{"line":94,"column":3}},"38":{"start":{"line":87,"column":21},"end":{"line":89,"column":6}},"39":{"start":{"line":91,"column":4},"end":{"line":91,"column":35}},"40":{"start":{"line":93,"column":4},"end":{"line":93,"column":32}},"41":{"start":{"line":98,"column":0},"end":{"line":104,"column":2}}},"fnMap":{"0":{"name":"(anonymous_0)","decl":{"start":{"line":4,"column":20},"end":{"line":4,"column":21}},"loc":{"start":{"line":4,"column":40},"end":{"line":14,"column":1}},"line":4},"1":{"name":"(anonymous_1)","decl":{"start":{"line":16,"column":24},"end":{"line":16,"column":25}},"loc":{"start":{"line":16,"column":44},"end":{"line":37,"column":1}},"line":16},"2":{"name":"(anonymous_2)","decl":{"start":{"line":39,"column":20},"end":{"line":39,"column":21}},"loc":{"start":{"line":39,"column":40},"end":{"line":60,"column":1}},"line":39},"3":{"name":"(anonymous_3)","decl":{"start":{"line":62,"column":21},"end":{"line":62,"column":22}},"loc":{"start":{"line":62,"column":41},"end":{"line":83,"column":1}},"line":62},"4":{"name":"(anonymous_4)","decl":{"start":{"line":85,"column":20},"end":{"line":85,"column":21}},"loc":{"start":{"line":85,"column":40},"end":{"line":95,"column":1}},"line":85}},"branchMap":{"0":{"loc":{"start":{"line":24,"column":2},"end":{"line":26,"column":3}},"type":"if","locations":[{"start":{"line":24,"column":2},"end":{"line":26,"column":3}},{"start":{},"end":{}}],"line":24},"1":{"loc":{"start":{"line":32,"column":2},"end":{"line":34,"column":3}},"type":"if","locations":[{"start":{"line":32,"column":2},"end":{"line":34,"column":3}},{"start":{},"end":{}}],"line":32},"2":{"loc":{"start":{"line":47,"column":2},"end":{"line":49,"column":3}},"type":"if","locations":[{"start":{"line":47,"column":2},"end":{"line":49,"column":3}},{"start":{},"end":{}}],"line":47},"3":{"loc":{"start":{"line":55,"column":2},"end":{"line":57,"column":3}},"type":"if","locations":[{"start":{"line":55,"column":2},"end":{"line":57,"column":3}},{"start":{},"end":{}}],"line":55},"4":{"loc":{"start":{"line":70,"column":2},"end":{"line":72,"column":3}},"type":"if","locations":[{"start":{"line":70,"column":2},"end":{"line":72,"column":3}},{"start":{},"end":{}}],"line":70},"5":{"loc":{"start":{"line":78,"column":2},"end":{"line":80,"column":3}},"type":"if","locations":[{"start":{"line":78,"column":2},"end":{"line":80,"column":3}},{"start":{},"end":{}}],"line":78}},"s":{"0":6,"1":6,"2":6,"3":1,"4":1,"5":1,"6":1,"7":0,"8":0,"9":6,"10":1,"11":1,"12":1,"13":0,"14":1,"15":1,"16":0,"17":1,"18":6,"19":1,"20":1,"21":1,"22":0,"23":1,"24":1,"25":0,"26":1,"27":6,"28":1,"29":1,"30":1,"31":0,"32":1,"33":1,"34":0,"35":1,"36":6,"37":1,"38":1,"39":1,"40":0,"41":6},"f":{"0":1,"1":1,"2":1,"3":1,"4":1},"b":{"0":[0,1],"1":[0,1],"2":[0,1],"3":[0,1],"4":[0,1],"5":[0,1]},"_coverageSchema":"1a1c01bbd47fc00a2c39e90264f33305004495a9","hash":"c697698b44158ac6c647f2a568f8160e202495bb"}
,"D:\\UOM\\Semester 5\\2 - CS3202 - Software Engineering Project\\Project\\Server\\src\\controller\\shoppingList.controller.js": {"path":"D:\\UOM\\Semester 5\\2 - CS3202 - Software Engineering Project\\Project\\Server\\src\\controller\\shoppingList.controller.js","statementMap":{"0":{"start":{"line":1,"column":21},"end":{"line":1,"column":54}},"1":{"start":{"line":2,"column":13},"end":{"line":2,"column":38}},"2":{"start":{"line":3,"column":17},"end":{"line":3,"column":36}},"3":{"start":{"line":19,"column":17},"end":{"line":25,"column":1}},"4":{"start":{"line":20,"column":0},"end":{"line":24,"column":1}},"5":{"start":{"line":21,"column":4},"end":{"line":21,"column":18}},"6":{"start":{"line":23,"column":4},"end":{"line":23,"column":21}},"7":{"start":{"line":28,"column":27},"end":{"line":37,"column":1}},"8":{"start":{"line":29,"column":38},"end":{"line":29,"column":46}},"9":{"start":{"line":31,"column":2},"end":{"line":36,"column":3}},"10":{"start":{"line":32,"column":25},"end":{"line":32,"column":80}},"11":{"start":{"line":33,"column":4},"end":{"line":33,"column":38}},"12":{"start":{"line":35,"column":4},"end":{"line":35,"column":47}},"13":{"start":{"line":39,"column":24},"end":{"line":52,"column":1}},"14":{"start":{"line":41,"column":13},"end":{"line":41,"column":39}},"15":{"start":{"line":42,"column":2},"end":{"line":44,"column":3}},"16":{"start":{"line":43,"column":4},"end":{"line":43,"column":65}},"17":{"start":{"line":45,"column":23},"end":{"line":45,"column":82}},"18":{"start":{"line":46,"column":19},"end":{"line":46,"column":40}},"19":{"start":{"line":48,"column":2},"end":{"line":50,"column":3}},"20":{"start":{"line":49,"column":4},"end":{"line":49,"column":64}},"21":{"start":{"line":51,"column":2},"end":{"line":51,"column":32}},"22":{"start":{"line":54,"column":0},"end":{"line":57,"column":2}}},"fnMap":{"0":{"name":"(anonymous_0)","decl":{"start":{"line":19,"column":17},"end":{"line":19,"column":18}},"loc":{"start":{"line":19,"column":34},"end":{"line":25,"column":1}},"line":19},"1":{"name":"(anonymous_1)","decl":{"start":{"line":28,"column":27},"end":{"line":28,"column":28}},"loc":{"start":{"line":28,"column":46},"end":{"line":37,"column":1}},"line":28},"2":{"name":"(anonymous_2)","decl":{"start":{"line":39,"column":24},"end":{"line":39,"column":25}},"loc":{"start":{"line":39,"column":43},"end":{"line":52,"column":1}},"line":39}},"branchMap":{"0":{"loc":{"start":{"line":42,"column":2},"end":{"line":44,"column":3}},"type":"if","locations":[{"start":{"line":42,"column":2},"end":{"line":44,"column":3}},{"start":{},"end":{}}],"line":42},"1":{"loc":{"start":{"line":48,"column":2},"end":{"line":50,"column":3}},"type":"if","locations":[{"start":{"line":48,"column":2},"end":{"line":50,"column":3}},{"start":{},"end":{}}],"line":48}},"s":{"0":6,"1":6,"2":6,"3":6,"4":0,"5":0,"6":0,"7":6,"8":1,"9":1,"10":1,"11":1,"12":0,"13":6,"14":1,"15":1,"16":0,"17":1,"18":1,"19":1,"20":0,"21":1,"22":6},"f":{"0":0,"1":1,"2":1},"b":{"0":[0,1],"1":[0,1]},"_coverageSchema":"1a1c01bbd47fc00a2c39e90264f33305004495a9","hash":"ffcf786cd73fdd05e14624de8d178e818be7346d"}
,"D:\\UOM\\Semester 5\\2 - CS3202 - Software Engineering Project\\Project\\Server\\src\\controller\\stats.controller.js": {"path":"D:\\UOM\\Semester 5\\2 - CS3202 - Software Engineering Project\\Project\\Server\\src\\controller\\stats.controller.js","statementMap":{"0":{"start":{"line":1,"column":17},"end":{"line":1,"column":36}},"1":{"start":{"line":2,"column":13},"end":{"line":2,"column":38}},"2":{"start":{"line":3,"column":17},"end":{"line":3,"column":46}},"3":{"start":{"line":4,"column":13},"end":{"line":4,"column":38}},"4":{"start":{"line":5,"column":13},"end":{"line":5,"column":38}},"5":{"start":{"line":6,"column":24},"end":{"line":6,"column":47}},"6":{"start":{"line":9,"column":24},"end":{"line":19,"column":1}},"7":{"start":{"line":10,"column":14},"end":{"line":10,"column":30}},"8":{"start":{"line":12,"column":2},"end":{"line":18,"column":3}},"9":{"start":{"line":13,"column":21},"end":{"line":13,"column":58}},"10":{"start":{"line":15,"column":4},"end":{"line":15,"column":57}},"11":{"start":{"line":17,"column":4},"end":{"line":17,"column":27}},"12":{"start":{"line":22,"column":38},"end":{"line":69,"column":1}},"13":{"start":{"line":23,"column":14},"end":{"line":23,"column":30}},"14":{"start":{"line":25,"column":2},"end":{"line":68,"column":3}},"15":{"start":{"line":26,"column":17},"end":{"line":26,"column":41}},"16":{"start":{"line":27,"column":21},"end":{"line":27,"column":65}},"17":{"start":{"line":29,"column":13},"end":{"line":29,"column":14}},"18":{"start":{"line":30,"column":4},"end":{"line":42,"column":5}},"19":{"start":{"line":31,"column":6},"end":{"line":31,"column":13}},"20":{"start":{"line":32,"column":11},"end":{"line":42,"column":5}},"21":{"start":{"line":33,"column":6},"end":{"line":33,"column":13}},"22":{"start":{"line":34,"column":11},"end":{"line":42,"column":5}},"23":{"start":{"line":35,"column":6},"end":{"line":35,"column":13}},"24":{"start":{"line":36,"column":11},"end":{"line":42,"column":5}},"25":{"start":{"line":41,"column":6},"end":{"line":41,"column":13}},"26":{"start":{"line":44,"column":15},"end":{"line":44,"column":17}},"27":{"start":{"line":45,"column":4},"end":{"line":62,"column":5}},"28":{"start":{"line":47,"column":8},"end":{"line":47,"column":159}},"29":{"start":{"line":47,"column":159},"end":{"line":47,"column":165}},"30":{"start":{"line":50,"column":8},"end":{"line":50,"column":158}},"31":{"start":{"line":50,"column":158},"end":{"line":50,"column":164}},"32":{"start":{"line":53,"column":8},"end":{"line":53,"column":158}},"33":{"start":{"line":53,"column":158},"end":{"line":53,"column":164}},"34":{"start":{"line":56,"column":8},"end":{"line":56,"column":158}},"35":{"start":{"line":56,"column":158},"end":{"line":56,"column":164}},"36":{"start":{"line":59,"column":8},"end":{"line":59,"column":158}},"37":{"start":{"line":59,"column":158},"end":{"line":59,"column":164}},"38":{"start":{"line":61,"column":14},"end":{"line":61,"column":20}},"39":{"start":{"line":65,"column":4},"end":{"line":65,"column":44}},"40":{"start":{"line":67,"column":4},"end":{"line":67,"column":27}},"41":{"start":{"line":73,"column":26},"end":{"line":114,"column":1}},"42":{"start":{"line":74,"column":14},"end":{"line":74,"column":30}},"43":{"start":{"line":76,"column":15},"end":{"line":76,"column":39}},"44":{"start":{"line":77,"column":19},"end":{"line":77,"column":63}},"45":{"start":{"line":78,"column":16},"end":{"line":78,"column":58}},"46":{"start":{"line":80,"column":11},"end":{"line":80,"column":13}},"47":{"start":{"line":81,"column":2},"end":{"line":98,"column":3}},"48":{"start":{"line":82,"column":4},"end":{"line":82,"column":17}},"49":{"start":{"line":83,"column":4},"end":{"line":83,"column":12}},"50":{"start":{"line":84,"column":4},"end":{"line":84,"column":12}},"51":{"start":{"line":85,"column":4},"end":{"line":85,"column":12}},"52":{"start":{"line":86,"column":4},"end":{"line":90,"column":5}},"53":{"start":{"line":86,"column":17},"end":{"line":86,"column":18}},"54":{"start":{"line":87,"column":6},"end":{"line":89,"column":8}},"55":{"start":{"line":91,"column":4},"end":{"line":93,"column":5}},"56":{"start":{"line":91,"column":17},"end":{"line":91,"column":18}},"57":{"start":{"line":92,"column":6},"end":{"line":92,"column":71}},"58":{"start":{"line":94,"column":4},"end":{"line":96,"column":5}},"59":{"start":{"line":94,"column":17},"end":{"line":94,"column":18}},"60":{"start":{"line":95,"column":6},"end":{"line":95,"column":74}},"61":{"start":{"line":97,"column":4},"end":{"line":97,"column":66}},"62":{"start":{"line":100,"column":2},"end":{"line":113,"column":4}},"63":{"start":{"line":104,"column":6},"end":{"line":111,"column":7}},"64":{"start":{"line":105,"column":8},"end":{"line":105,"column":25}},"65":{"start":{"line":107,"column":8},"end":{"line":110,"column":11}},"66":{"start":{"line":118,"column":29},"end":{"line":164,"column":1}},"67":{"start":{"line":120,"column":16},"end":{"line":120,"column":69}},"68":{"start":{"line":121,"column":17},"end":{"line":121,"column":36}},"69":{"start":{"line":123,"column":4},"end":{"line":159,"column":5}},"70":{"start":{"line":124,"column":15},"end":{"line":124,"column":17}},"71":{"start":{"line":125,"column":6},"end":{"line":129,"column":7}},"72":{"start":{"line":125,"column":19},"end":{"line":125,"column":20}},"73":{"start":{"line":126,"column":8},"end":{"line":128,"column":9}},"74":{"start":{"line":127,"column":10},"end":{"line":127,"column":51}},"75":{"start":{"line":131,"column":15},"end":{"line":131,"column":17}},"76":{"start":{"line":132,"column":6},"end":{"line":135,"column":7}},"77":{"start":{"line":133,"column":8},"end":{"line":133,"column":21}},"78":{"start":{"line":134,"column":8},"end":{"line":134,"column":52}},"79":{"start":{"line":137,"column":6},"end":{"line":151,"column":8}},"80":{"start":{"line":141,"column":10},"end":{"line":149,"column":11}},"81":{"start":{"line":142,"column":12},"end":{"line":142,"column":29}},"82":{"start":{"line":143,"column":12},"end":{"line":143,"column":38}},"83":{"start":{"line":145,"column":12},"end":{"line":148,"column":15}},"84":{"start":{"line":155,"column":10},"end":{"line":159,"column":5}},"85":{"start":{"line":156,"column":6},"end":{"line":156,"column":87}},"86":{"start":{"line":158,"column":6},"end":{"line":158,"column":68}},"87":{"start":{"line":167,"column":24},"end":{"line":175,"column":1}},"88":{"start":{"line":168,"column":2},"end":{"line":174,"column":5}},"89":{"start":{"line":169,"column":4},"end":{"line":173,"column":5}},"90":{"start":{"line":170,"column":6},"end":{"line":170,"column":32}},"91":{"start":{"line":172,"column":6},"end":{"line":172,"column":45}},"92":{"start":{"line":179,"column":24},"end":{"line":187,"column":1}},"93":{"start":{"line":180,"column":2},"end":{"line":186,"column":5}},"94":{"start":{"line":181,"column":4},"end":{"line":185,"column":5}},"95":{"start":{"line":182,"column":6},"end":{"line":182,"column":32}},"96":{"start":{"line":184,"column":6},"end":{"line":184,"column":45}},"97":{"start":{"line":190,"column":28},"end":{"line":198,"column":1}},"98":{"start":{"line":191,"column":2},"end":{"line":197,"column":5}},"99":{"start":{"line":192,"column":4},"end":{"line":196,"column":5}},"100":{"start":{"line":193,"column":6},"end":{"line":193,"column":32}},"101":{"start":{"line":195,"column":6},"end":{"line":195,"column":45}},"102":{"start":{"line":202,"column":24},"end":{"line":210,"column":1}},"103":{"start":{"line":203,"column":2},"end":{"line":209,"column":5}},"104":{"start":{"line":204,"column":4},"end":{"line":208,"column":5}},"105":{"start":{"line":205,"column":6},"end":{"line":205,"column":32}},"106":{"start":{"line":207,"column":6},"end":{"line":207,"column":45}},"107":{"start":{"line":214,"column":25},"end":{"line":225,"column":1}},"108":{"start":{"line":215,"column":2},"end":{"line":224,"column":4}},"109":{"start":{"line":218,"column":6},"end":{"line":222,"column":7}},"110":{"start":{"line":219,"column":8},"end":{"line":219,"column":34}},"111":{"start":{"line":221,"column":8},"end":{"line":221,"column":47}},"112":{"start":{"line":229,"column":27},"end":{"line":246,"column":1}},"113":{"start":{"line":230,"column":2},"end":{"line":245,"column":3}},"114":{"start":{"line":231,"column":17},"end":{"line":240,"column":6}},"115":{"start":{"line":242,"column":4},"end":{"line":242,"column":48}},"116":{"start":{"line":244,"column":4},"end":{"line":244,"column":30}},"117":{"start":{"line":250,"column":29},"end":{"line":265,"column":1}},"118":{"start":{"line":251,"column":2},"end":{"line":264,"column":3}},"119":{"start":{"line":252,"column":17},"end":{"line":259,"column":6}},"120":{"start":{"line":261,"column":4},"end":{"line":261,"column":31}},"121":{"start":{"line":263,"column":4},"end":{"line":263,"column":30}},"122":{"start":{"line":267,"column":0},"end":{"line":279,"column":2}}},"fnMap":{"0":{"name":"(anonymous_0)","decl":{"start":{"line":9,"column":24},"end":{"line":9,"column":25}},"loc":{"start":{"line":9,"column":44},"end":{"line":19,"column":1}},"line":9},"1":{"name":"(anonymous_1)","decl":{"start":{"line":22,"column":38},"end":{"line":22,"column":39}},"loc":{"start":{"line":22,"column":58},"end":{"line":69,"column":1}},"line":22},"2":{"name":"(anonymous_2)","decl":{"start":{"line":73,"column":26},"end":{"line":73,"column":27}},"loc":{"start":{"line":73,"column":46},"end":{"line":114,"column":1}},"line":73},"3":{"name":"(anonymous_3)","decl":{"start":{"line":103,"column":4},"end":{"line":103,"column":5}},"loc":{"start":{"line":103,"column":28},"end":{"line":112,"column":5}},"line":103},"4":{"name":"(anonymous_4)","decl":{"start":{"line":118,"column":29},"end":{"line":118,"column":30}},"loc":{"start":{"line":118,"column":49},"end":{"line":164,"column":1}},"line":118},"5":{"name":"(anonymous_5)","decl":{"start":{"line":140,"column":8},"end":{"line":140,"column":9}},"loc":{"start":{"line":140,"column":32},"end":{"line":150,"column":9}},"line":140},"6":{"name":"(anonymous_6)","decl":{"start":{"line":167,"column":24},"end":{"line":167,"column":25}},"loc":{"start":{"line":167,"column":44},"end":{"line":175,"column":1}},"line":167},"7":{"name":"(anonymous_7)","decl":{"start":{"line":168,"column":40},"end":{"line":168,"column":41}},"loc":{"start":{"line":168,"column":62},"end":{"line":174,"column":3}},"line":168},"8":{"name":"(anonymous_8)","decl":{"start":{"line":179,"column":24},"end":{"line":179,"column":25}},"loc":{"start":{"line":179,"column":44},"end":{"line":187,"column":1}},"line":179},"9":{"name":"(anonymous_9)","decl":{"start":{"line":180,"column":26},"end":{"line":180,"column":27}},"loc":{"start":{"line":180,"column":48},"end":{"line":186,"column":3}},"line":180},"10":{"name":"(anonymous_10)","decl":{"start":{"line":190,"column":28},"end":{"line":190,"column":29}},"loc":{"start":{"line":190,"column":48},"end":{"line":198,"column":1}},"line":190},"11":{"name":"(anonymous_11)","decl":{"start":{"line":191,"column":30},"end":{"line":191,"column":31}},"loc":{"start":{"line":191,"column":52},"end":{"line":197,"column":3}},"line":191},"12":{"name":"(anonymous_12)","decl":{"start":{"line":202,"column":24},"end":{"line":202,"column":25}},"loc":{"start":{"line":202,"column":44},"end":{"line":210,"column":1}},"line":202},"13":{"name":"(anonymous_13)","decl":{"start":{"line":203,"column":26},"end":{"line":203,"column":27}},"loc":{"start":{"line":203,"column":48},"end":{"line":209,"column":3}},"line":203},"14":{"name":"(anonymous_14)","decl":{"start":{"line":214,"column":25},"end":{"line":214,"column":26}},"loc":{"start":{"line":214,"column":45},"end":{"line":225,"column":1}},"line":214},"15":{"name":"(anonymous_15)","decl":{"start":{"line":217,"column":4},"end":{"line":217,"column":5}},"loc":{"start":{"line":217,"column":26},"end":{"line":223,"column":5}},"line":217},"16":{"name":"(anonymous_16)","decl":{"start":{"line":229,"column":27},"end":{"line":229,"column":28}},"loc":{"start":{"line":229,"column":47},"end":{"line":246,"column":1}},"line":229},"17":{"name":"(anonymous_17)","decl":{"start":{"line":250,"column":29},"end":{"line":250,"column":30}},"loc":{"start":{"line":250,"column":49},"end":{"line":265,"column":1}},"line":250}},"branchMap":{"0":{"loc":{"start":{"line":30,"column":4},"end":{"line":42,"column":5}},"type":"if","locations":[{"start":{"line":30,"column":4},"end":{"line":42,"column":5}},{"start":{"line":32,"column":11},"end":{"line":42,"column":5}}],"line":30},"1":{"loc":{"start":{"line":30,"column":8},"end":{"line":30,"column":80}},"type":"binary-expr","locations":[{"start":{"line":30,"column":8},"end":{"line":30,"column":30}},{"start":{"line":30,"column":35},"end":{"line":30,"column":57}},{"start":{"line":30,"column":61},"end":{"line":30,"column":79}}],"line":30},"2":{"loc":{"start":{"line":32,"column":11},"end":{"line":42,"column":5}},"type":"if","locations":[{"start":{"line":32,"column":11},"end":{"line":42,"column":5}},{"start":{"line":34,"column":11},"end":{"line":42,"column":5}}],"line":32},"3":{"loc":{"start":{"line":34,"column":11},"end":{"line":42,"column":5}},"type":"if","locations":[{"start":{"line":34,"column":11},"end":{"line":42,"column":5}},{"start":{"line":36,"column":11},"end":{"line":42,"column":5}}],"line":34},"4":{"loc":{"start":{"line":36,"column":11},"end":{"line":42,"column":5}},"type":"if","locations":[{"start":{"line":36,"column":11},"end":{"line":42,"column":5}},{"start":{},"end":{}}],"line":36},"5":{"loc":{"start":{"line":37,"column":6},"end":{"line":39,"column":76}},"type":"binary-expr","locations":[{"start":{"line":37,"column":7},"end":{"line":37,"column":29}},{"start":{"line":37,"column":33},"end":{"line":37,"column":53}},{"start":{"line":38,"column":7},"end":{"line":38,"column":25}},{"start":{"line":38,"column":29},"end":{"line":38,"column":49}},{"start":{"line":39,"column":7},"end":{"line":39,"column":29}},{"start":{"line":39,"column":33},"end":{"line":39,"column":51}},{"start":{"line":39,"column":55},"end":{"line":39,"column":75}}],"line":37},"6":{"loc":{"start":{"line":45,"column":4},"end":{"line":62,"column":5}},"type":"switch","locations":[{"start":{"line":46,"column":6},"end":{"line":47,"column":165}},{"start":{"line":49,"column":6},"end":{"line":50,"column":164}},{"start":{"line":52,"column":6},"end":{"line":53,"column":164}},{"start":{"line":55,"column":6},"end":{"line":56,"column":164}},{"start":{"line":58,"column":6},"end":{"line":59,"column":164}},{"start":{"line":61,"column":6},"end":{"line":61,"column":20}}],"line":45},"7":{"loc":{"start":{"line":104,"column":6},"end":{"line":111,"column":7}},"type":"if","locations":[{"start":{"line":104,"column":6},"end":{"line":111,"column":7}},{"start":{"line":106,"column":13},"end":{"line":111,"column":7}}],"line":104},"8":{"loc":{"start":{"line":123,"column":4},"end":{"line":159,"column":5}},"type":"if","locations":[{"start":{"line":123,"column":4},"end":{"line":159,"column":5}},{"start":{"line":155,"column":10},"end":{"line":159,"column":5}}],"line":123},"9":{"loc":{"start":{"line":123,"column":8},"end":{"line":123,"column":31}},"type":"binary-expr","locations":[{"start":{"line":123,"column":8},"end":{"line":123,"column":12}},{"start":{"line":123,"column":16},"end":{"line":123,"column":31}}],"line":123},"10":{"loc":{"start":{"line":126,"column":8},"end":{"line":128,"column":9}},"type":"if","locations":[{"start":{"line":126,"column":8},"end":{"line":128,"column":9}},{"start":{},"end":{}}],"line":126},"11":{"loc":{"start":{"line":141,"column":10},"end":{"line":149,"column":11}},"type":"if","locations":[{"start":{"line":141,"column":10},"end":{"line":149,"column":11}},{"start":{"line":144,"column":17},"end":{"line":149,"column":11}}],"line":141},"12":{"loc":{"start":{"line":155,"column":10},"end":{"line":159,"column":5}},"type":"if","locations":[{"start":{"line":155,"column":10},"end":{"line":159,"column":5}},{"start":{"line":157,"column":9},"end":{"line":159,"column":5}}],"line":155},"13":{"loc":{"start":{"line":169,"column":4},"end":{"line":173,"column":5}},"type":"if","locations":[{"start":{"line":169,"column":4},"end":{"line":173,"column":5}},{"start":{"line":171,"column":11},"end":{"line":173,"column":5}}],"line":169},"14":{"loc":{"start":{"line":181,"column":4},"end":{"line":185,"column":5}},"type":"if","locations":[{"start":{"line":181,"column":4},"end":{"line":185,"column":5}},{"start":{"line":183,"column":11},"end":{"line":185,"column":5}}],"line":181},"15":{"loc":{"start":{"line":192,"column":4},"end":{"line":196,"column":5}},"type":"if","locations":[{"start":{"line":192,"column":4},"end":{"line":196,"column":5}},{"start":{"line":194,"column":11},"end":{"line":196,"column":5}}],"line":192},"16":{"loc":{"start":{"line":204,"column":4},"end":{"line":208,"column":5}},"type":"if","locations":[{"start":{"line":204,"column":4},"end":{"line":208,"column":5}},{"start":{"line":206,"column":11},"end":{"line":208,"column":5}}],"line":204},"17":{"loc":{"start":{"line":218,"column":6},"end":{"line":222,"column":7}},"type":"if","locations":[{"start":{"line":218,"column":6},"end":{"line":222,"column":7}},{"start":{"line":220,"column":13},"end":{"line":222,"column":7}}],"line":218}},"s":{"0":6,"1":6,"2":6,"3":6,"4":6,"5":6,"6":6,"7":1,"8":1,"9":1,"10":1,"11":0,"12":6,"13":2,"14":2,"15":2,"16":2,"17":1,"18":1,"19":0,"20":1,"21":1,"22":0,"23":0,"24":0,"25":0,"26":1,"27":1,"28":0,"29":0,"30":0,"31":0,"32":1,"33":1,"34":0,"35":0,"36":0,"37":0,"38":0,"39":1,"40":1,"41":6,"42":1,"43":1,"44":1,"45":1,"46":1,"47":1,"48":2,"49":2,"50":2,"51":2,"52":2,"53":2,"54":16,"55":2,"56":2,"57":16,"58":2,"59":2,"60":14,"61":2,"62":1,"63":1,"64":0,"65":1,"66":6,"67":1,"68":1,"69":1,"70":1,"71":1,"72":1,"73":36,"74":17,"75":1,"76":1,"77":81,"78":81,"79":1,"80":1,"81":0,"82":0,"83":1,"84":0,"85":0,"86":0,"87":6,"88":1,"89":1,"90":0,"91":1,"92":6,"93":1,"94":1,"95":0,"96":1,"97":6,"98":1,"99":1,"100":0,"101":1,"102":6,"103":1,"104":1,"105":0,"106":1,"107":6,"108":1,"109":1,"110":0,"111":1,"112":6,"113":1,"114":1,"115":1,"116":0,"117":6,"118":1,"119":1,"120":1,"121":0,"122":6},"f":{"0":1,"1":2,"2":1,"3":1,"4":1,"5":1,"6":1,"7":1,"8":1,"9":1,"10":1,"11":1,"12":1,"13":1,"14":1,"15":1,"16":1,"17":1},"b":{"0":[0,1],"1":[1,1,0],"2":[1,0],"3":[0,0],"4":[0,0],"5":[0,0,0,0,0,0,0],"6":[0,0,1,0,0,0],"7":[0,1],"8":[1,0],"9":[1,1],"10":[17,19],"11":[0,1],"12":[0,0],"13":[0,1],"14":[0,1],"15":[0,1],"16":[0,1],"17":[0,1]},"_coverageSchema":"1a1c01bbd47fc00a2c39e90264f33305004495a9","hash":"d594f0b448eb8939817a05997a4b8baed34708e3"}
,"D:\\UOM\\Semester 5\\2 - CS3202 - Software Engineering Project\\Project\\Server\\src\\controller\\tempShoppingList.controller.js": {"path":"D:\\UOM\\Semester 5\\2 - CS3202 - Software Engineering Project\\Project\\Server\\src\\controller\\tempShoppingList.controller.js","statementMap":{"0":{"start":{"line":1,"column":25},"end":{"line":1,"column":62}},"1":{"start":{"line":2,"column":17},"end":{"line":2,"column":46}},"2":{"start":{"line":3,"column":17},"end":{"line":3,"column":36}},"3":{"start":{"line":4,"column":29},"end":{"line":4,"column":54}},"4":{"start":{"line":6,"column":31},"end":{"line":14,"column":1}},"5":{"start":{"line":7,"column":33},"end":{"line":7,"column":41}},"6":{"start":{"line":8,"column":4},"end":{"line":13,"column":5}},"7":{"start":{"line":9,"column":33},"end":{"line":9,"column":85}},"8":{"start":{"line":10,"column":8},"end":{"line":10,"column":46}},"9":{"start":{"line":12,"column":8},"end":{"line":12,"column":51}},"10":{"start":{"line":15,"column":34},"end":{"line":115,"column":1}},"11":{"start":{"line":16,"column":22},"end":{"line":16,"column":30}},"12":{"start":{"line":18,"column":4},"end":{"line":18,"column":13}},"13":{"start":{"line":19,"column":23},"end":{"line":19,"column":43}},"14":{"start":{"line":20,"column":4},"end":{"line":27,"column":7}},"15":{"start":{"line":21,"column":6},"end":{"line":26,"column":9}},"16":{"start":{"line":28,"column":4},"end":{"line":28,"column":25}},"17":{"start":{"line":29,"column":18},"end":{"line":29,"column":20}},"18":{"start":{"line":31,"column":21},"end":{"line":31,"column":45}},"19":{"start":{"line":32,"column":22},"end":{"line":32,"column":36}},"20":{"start":{"line":34,"column":17},"end":{"line":34,"column":19}},"21":{"start":{"line":35,"column":4},"end":{"line":37,"column":5}},"22":{"start":{"line":35,"column":17},"end":{"line":35,"column":18}},"23":{"start":{"line":36,"column":6},"end":{"line":36,"column":34}},"24":{"start":{"line":38,"column":4},"end":{"line":38,"column":50}},"25":{"start":{"line":40,"column":4},"end":{"line":96,"column":7}},"26":{"start":{"line":41,"column":6},"end":{"line":41,"column":33}},"27":{"start":{"line":42,"column":6},"end":{"line":42,"column":25}},"28":{"start":{"line":43,"column":6},"end":{"line":43,"column":27}},"29":{"start":{"line":44,"column":6},"end":{"line":60,"column":9}},"30":{"start":{"line":45,"column":24},"end":{"line":45,"column":36}},"31":{"start":{"line":46,"column":25},"end":{"line":46,"column":37}},"32":{"start":{"line":47,"column":21},"end":{"line":47,"column":51}},"33":{"start":{"line":48,"column":22},"end":{"line":48,"column":53}},"34":{"start":{"line":49,"column":18},"end":{"line":49,"column":23}},"35":{"start":{"line":51,"column":8},"end":{"line":59,"column":9}},"36":{"start":{"line":52,"column":26},"end":{"line":52,"column":43}},"37":{"start":{"line":53,"column":27},"end":{"line":53,"column":44}},"38":{"start":{"line":54,"column":26},"end":{"line":54,"column":46}},"39":{"start":{"line":55,"column":27},"end":{"line":55,"column":49}},"40":{"start":{"line":56,"column":10},"end":{"line":56,"column":54}},"41":{"start":{"line":58,"column":10},"end":{"line":58,"column":52}},"42":{"start":{"line":61,"column":6},"end":{"line":77,"column":9}},"43":{"start":{"line":62,"column":24},"end":{"line":62,"column":36}},"44":{"start":{"line":63,"column":25},"end":{"line":63,"column":37}},"45":{"start":{"line":64,"column":21},"end":{"line":64,"column":51}},"46":{"start":{"line":65,"column":22},"end":{"line":65,"column":53}},"47":{"start":{"line":66,"column":18},"end":{"line":66,"column":23}},"48":{"start":{"line":68,"column":8},"end":{"line":76,"column":9}},"49":{"start":{"line":69,"column":26},"end":{"line":69,"column":43}},"50":{"start":{"line":70,"column":27},"end":{"line":70,"column":44}},"51":{"start":{"line":71,"column":26},"end":{"line":71,"column":46}},"52":{"start":{"line":72,"column":27},"end":{"line":72,"column":49}},"53":{"start":{"line":73,"column":10},"end":{"line":73,"column":54}},"54":{"start":{"line":75,"column":10},"end":{"line":75,"column":52}},"55":{"start":{"line":78,"column":6},"end":{"line":94,"column":9}},"56":{"start":{"line":79,"column":24},"end":{"line":79,"column":36}},"57":{"start":{"line":80,"column":25},"end":{"line":80,"column":37}},"58":{"start":{"line":81,"column":21},"end":{"line":81,"column":51}},"59":{"start":{"line":82,"column":22},"end":{"line":82,"column":53}},"60":{"start":{"line":83,"column":18},"end":{"line":83,"column":23}},"61":{"start":{"line":85,"column":8},"end":{"line":93,"column":9}},"62":{"start":{"line":86,"column":26},"end":{"line":86,"column":43}},"63":{"start":{"line":87,"column":27},"end":{"line":87,"column":44}},"64":{"start":{"line":88,"column":26},"end":{"line":88,"column":46}},"65":{"start":{"line":89,"column":27},"end":{"line":89,"column":49}},"66":{"start":{"line":90,"column":10},"end":{"line":90,"column":54}},"67":{"start":{"line":92,"column":10},"end":{"line":92,"column":52}},"68":{"start":{"line":97,"column":4},"end":{"line":97,"column":18}},"69":{"start":{"line":98,"column":4},"end":{"line":100,"column":4}},"70":{"start":{"line":99,"column":6},"end":{"line":99,"column":59}},"71":{"start":{"line":101,"column":4},"end":{"line":114,"column":5}},"72":{"start":{"line":102,"column":31},"end":{"line":102,"column":83}},"73":{"start":{"line":103,"column":8},"end":{"line":110,"column":9}},"74":{"start":{"line":104,"column":41},"end":{"line":104,"column":137}},"75":{"start":{"line":105,"column":10},"end":{"line":105,"column":55}},"76":{"start":{"line":108,"column":35},"end":{"line":108,"column":108}},"77":{"start":{"line":109,"column":10},"end":{"line":109,"column":48}},"78":{"start":{"line":113,"column":8},"end":{"line":113,"column":51}},"79":{"start":{"line":116,"column":35},"end":{"line":134,"column":1}},"80":{"start":{"line":117,"column":17},"end":{"line":117,"column":30}},"81":{"start":{"line":118,"column":2},"end":{"line":118,"column":14}},"82":{"start":{"line":119,"column":2},"end":{"line":119,"column":17}},"83":{"start":{"line":120,"column":2},"end":{"line":133,"column":3}},"84":{"start":{"line":121,"column":24},"end":{"line":121,"column":61}},"85":{"start":{"line":122,"column":4},"end":{"line":124,"column":6}},"86":{"start":{"line":123,"column":6},"end":{"line":123,"column":28}},"87":{"start":{"line":125,"column":26},"end":{"line":125,"column":103}},"88":{"start":{"line":127,"column":4},"end":{"line":129,"column":6}},"89":{"start":{"line":128,"column":6},"end":{"line":128,"column":90}},"90":{"start":{"line":130,"column":4},"end":{"line":130,"column":36}},"91":{"start":{"line":132,"column":4},"end":{"line":132,"column":47}},"92":{"start":{"line":135,"column":0},"end":{"line":139,"column":1}}},"fnMap":{"0":{"name":"(anonymous_0)","decl":{"start":{"line":6,"column":31},"end":{"line":6,"column":32}},"loc":{"start":{"line":6,"column":49},"end":{"line":14,"column":1}},"line":6},"1":{"name":"(anonymous_1)","decl":{"start":{"line":15,"column":34},"end":{"line":15,"column":35}},"loc":{"start":{"line":15,"column":52},"end":{"line":115,"column":1}},"line":15},"2":{"name":"(anonymous_2)","decl":{"start":{"line":20,"column":18},"end":{"line":20,"column":19}},"loc":{"start":{"line":20,"column":25},"end":{"line":27,"column":5}},"line":20},"3":{"name":"(anonymous_3)","decl":{"start":{"line":40,"column":19},"end":{"line":40,"column":20}},"loc":{"start":{"line":40,"column":26},"end":{"line":96,"column":5}},"line":40},"4":{"name":"(anonymous_4)","decl":{"start":{"line":44,"column":27},"end":{"line":44,"column":28}},"loc":{"start":{"line":44,"column":35},"end":{"line":60,"column":7}},"line":44},"5":{"name":"(anonymous_5)","decl":{"start":{"line":61,"column":23},"end":{"line":61,"column":24}},"loc":{"start":{"line":61,"column":31},"end":{"line":77,"column":7}},"line":61},"6":{"name":"(anonymous_6)","decl":{"start":{"line":78,"column":24},"end":{"line":78,"column":25}},"loc":{"start":{"line":78,"column":32},"end":{"line":94,"column":7}},"line":78},"7":{"name":"(anonymous_7)","decl":{"start":{"line":116,"column":35},"end":{"line":116,"column":36}},"loc":{"start":{"line":116,"column":52},"end":{"line":134,"column":1}},"line":116},"8":{"name":"(anonymous_8)","decl":{"start":{"line":122,"column":24},"end":{"line":122,"column":25}},"loc":{"start":{"line":122,"column":34},"end":{"line":124,"column":5}},"line":122},"9":{"name":"(anonymous_9)","decl":{"start":{"line":127,"column":26},"end":{"line":127,"column":27}},"loc":{"start":{"line":127,"column":40},"end":{"line":129,"column":5}},"line":127}},"branchMap":{"0":{"loc":{"start":{"line":51,"column":8},"end":{"line":59,"column":9}},"type":"if","locations":[{"start":{"line":51,"column":8},"end":{"line":59,"column":9}},{"start":{"line":57,"column":13},"end":{"line":59,"column":9}}],"line":51},"1":{"loc":{"start":{"line":68,"column":8},"end":{"line":76,"column":9}},"type":"if","locations":[{"start":{"line":68,"column":8},"end":{"line":76,"column":9}},{"start":{"line":74,"column":13},"end":{"line":76,"column":9}}],"line":68},"2":{"loc":{"start":{"line":85,"column":8},"end":{"line":93,"column":9}},"type":"if","locations":[{"start":{"line":85,"column":8},"end":{"line":93,"column":9}},{"start":{"line":91,"column":13},"end":{"line":93,"column":9}}],"line":85},"3":{"loc":{"start":{"line":103,"column":8},"end":{"line":110,"column":9}},"type":"if","locations":[{"start":{"line":103,"column":8},"end":{"line":110,"column":9}},{"start":{"line":107,"column":12},"end":{"line":110,"column":9}}],"line":103}},"s":{"0":6,"1":6,"2":6,"3":6,"4":6,"5":1,"6":1,"7":1,"8":1,"9":0,"10":6,"11":1,"12":1,"13":1,"14":1,"15":7,"16":1,"17":1,"18":1,"19":1,"20":1,"21":1,"22":1,"23":1,"24":1,"25":1,"26":7,"27":7,"28":7,"29":7,"30":28,"31":28,"32":28,"33":28,"34":28,"35":28,"36":19,"37":19,"38":19,"39":19,"40":19,"41":9,"42":7,"43":28,"44":28,"45":28,"46":28,"47":28,"48":28,"49":27,"50":27,"51":27,"52":27,"53":27,"54":1,"55":7,"56":21,"57":21,"58":21,"59":21,"60":21,"61":21,"62":20,"63":20,"64":20,"65":20,"66":20,"67":1,"68":1,"69":1,"70":11,"71":1,"72":1,"73":1,"74":1,"75":1,"76":0,"77":0,"78":0,"79":6,"80":1,"81":1,"82":1,"83":1,"84":1,"85":1,"86":44,"87":1,"88":1,"89":4,"90":1,"91":0,"92":6},"f":{"0":1,"1":1,"2":7,"3":7,"4":28,"5":28,"6":21,"7":1,"8":44,"9":4},"b":{"0":[19,9],"1":[27,1],"2":[20,1],"3":[1,0]},"_coverageSchema":"1a1c01bbd47fc00a2c39e90264f33305004495a9","hash":"da99f1631e83b05c03612dd7909c62e633a3b512"}
,"D:\\UOM\\Semester 5\\2 - CS3202 - Software Engineering Project\\Project\\Server\\src\\controller\\user.controller.js": {"path":"D:\\UOM\\Semester 5\\2 - CS3202 - Software Engineering Project\\Project\\Server\\src\\controller\\user.controller.js","statementMap":{"0":{"start":{"line":1,"column":12},"end":{"line":1,"column":35}},"1":{"start":{"line":2,"column":15},"end":{"line":2,"column":32}},"2":{"start":{"line":3,"column":13},"end":{"line":3,"column":38}},"3":{"start":{"line":4,"column":17},"end":{"line":4,"column":36}},"4":{"start":{"line":5,"column":18},"end":{"line":5,"column":38}},"5":{"start":{"line":6,"column":17},"end":{"line":6,"column":46}},"6":{"start":{"line":7,"column":17},"end":{"line":7,"column":46}},"7":{"start":{"line":10,"column":32},"end":{"line":10,"column":67}},"8":{"start":{"line":11,"column":33},"end":{"line":11,"column":69}},"9":{"start":{"line":12,"column":18},"end":{"line":12,"column":48}},"10":{"start":{"line":13,"column":18},"end":{"line":13,"column":48}},"11":{"start":{"line":15,"column":15},"end":{"line":26,"column":1}},"12":{"start":{"line":16,"column":15},"end":{"line":16,"column":33}},"13":{"start":{"line":17,"column":2},"end":{"line":25,"column":3}},"14":{"start":{"line":18,"column":20},"end":{"line":18,"column":37}},"15":{"start":{"line":19,"column":21},"end":{"line":19,"column":66}},"16":{"start":{"line":21,"column":4},"end":{"line":21,"column":53}},"17":{"start":{"line":23,"column":4},"end":{"line":23,"column":19}},"18":{"start":{"line":24,"column":4},"end":{"line":24,"column":48}},"19":{"start":{"line":28,"column":15},"end":{"line":79,"column":1}},"20":{"start":{"line":29,"column":19},"end":{"line":29,"column":36}},"21":{"start":{"line":30,"column":19},"end":{"line":30,"column":36}},"22":{"start":{"line":32,"column":2},"end":{"line":78,"column":3}},"23":{"start":{"line":33,"column":17},"end":{"line":33,"column":56}},"24":{"start":{"line":35,"column":4},"end":{"line":75,"column":5}},"25":{"start":{"line":36,"column":22},"end":{"line":36,"column":67}},"26":{"start":{"line":38,"column":6},"end":{"line":72,"column":7}},"27":{"start":{"line":39,"column":28},"end":{"line":44,"column":9}},"28":{"start":{"line":45,"column":28},"end":{"line":47,"column":10}},"29":{"start":{"line":49,"column":29},"end":{"line":51,"column":10}},"30":{"start":{"line":53,"column":21},"end":{"line":57,"column":9}},"31":{"start":{"line":59,"column":31},"end":{"line":65,"column":9}},"32":{"start":{"line":67,"column":8},"end":{"line":67,"column":50}},"33":{"start":{"line":68,"column":8},"end":{"line":68,"column":52}},"34":{"start":{"line":69,"column":8},"end":{"line":69,"column":63}},"35":{"start":{"line":71,"column":8},"end":{"line":71,"column":59}},"36":{"start":{"line":74,"column":6},"end":{"line":74,"column":57}},"37":{"start":{"line":77,"column":4},"end":{"line":77,"column":39}},"38":{"start":{"line":81,"column":16},"end":{"line":92,"column":1}},"39":{"start":{"line":82,"column":2},"end":{"line":91,"column":3}},"40":{"start":{"line":83,"column":17},"end":{"line":83,"column":25}},"41":{"start":{"line":84,"column":4},"end":{"line":88,"column":7}},"42":{"start":{"line":85,"column":6},"end":{"line":85,"column":61}},"43":{"start":{"line":85,"column":15},"end":{"line":85,"column":61}},"44":{"start":{"line":86,"column":6},"end":{"line":86,"column":69}},"45":{"start":{"line":87,"column":6},"end":{"line":87,"column":51}},"46":{"start":{"line":90,"column":4},"end":{"line":90,"column":18}},"47":{"start":{"line":95,"column":25},"end":{"line":106,"column":1}},"48":{"start":{"line":96,"column":14},"end":{"line":96,"column":30}},"49":{"start":{"line":97,"column":2},"end":{"line":99,"column":3}},"50":{"start":{"line":98,"column":4},"end":{"line":98,"column":59}},"51":{"start":{"line":101,"column":15},"end":{"line":101,"column":39}},"52":{"start":{"line":102,"column":2},"end":{"line":104,"column":3}},"53":{"start":{"line":103,"column":4},"end":{"line":103,"column":76}},"54":{"start":{"line":105,"column":2},"end":{"line":105,"column":62}},"55":{"start":{"line":109,"column":25},"end":{"line":124,"column":1}},"56":{"start":{"line":110,"column":14},"end":{"line":110,"column":30}},"57":{"start":{"line":111,"column":2},"end":{"line":113,"column":3}},"58":{"start":{"line":112,"column":4},"end":{"line":112,"column":59}},"59":{"start":{"line":115,"column":15},"end":{"line":119,"column":3}},"60":{"start":{"line":120,"column":2},"end":{"line":122,"column":3}},"61":{"start":{"line":121,"column":4},"end":{"line":121,"column":78}},"62":{"start":{"line":123,"column":2},"end":{"line":123,"column":29}},"63":{"start":{"line":127,"column":27},"end":{"line":154,"column":1}},"64":{"start":{"line":128,"column":14},"end":{"line":128,"column":30}},"65":{"start":{"line":129,"column":2},"end":{"line":131,"column":3}},"66":{"start":{"line":130,"column":4},"end":{"line":130,"column":59}},"67":{"start":{"line":133,"column":2},"end":{"line":153,"column":3}},"68":{"start":{"line":134,"column":17},"end":{"line":134,"column":41}},"69":{"start":{"line":136,"column":4},"end":{"line":150,"column":5}},"70":{"start":{"line":137,"column":6},"end":{"line":137,"column":63}},"71":{"start":{"line":139,"column":6},"end":{"line":148,"column":7}},"72":{"start":{"line":140,"column":8},"end":{"line":140,"column":33}},"73":{"start":{"line":142,"column":19},"end":{"line":142,"column":63}},"74":{"start":{"line":143,"column":8},"end":{"line":147,"column":9}},"75":{"start":{"line":144,"column":10},"end":{"line":144,"column":35}},"76":{"start":{"line":146,"column":10},"end":{"lin
[...]
ine":12,"column":4},"end":{"line":56,"column":5}},"type":"if","locations":[{"start":{"line":12,"column":4},"end":{"line":56,"column":5}},{"start":{"line":14,"column":11},"end":{"line":56,"column":5}}],"line":12},"1":{"loc":{"start":{"line":12,"column":8},"end":{"line":12,"column":73}},"type":"binary-expr","locations":[{"start":{"line":12,"column":8},"end":{"line":12,"column":39}},{"start":{"line":12,"column":43},"end":{"line":12,"column":73}}],"line":12},"2":{"loc":{"start":{"line":15,"column":25},"end":{"line":15,"column":79}},"type":"binary-expr","locations":[{"start":{"line":15,"column":25},"end":{"line":15,"column":43}},{"start":{"line":15,"column":47},"end":{"line":15,"column":79}}],"line":15},"3":{"loc":{"start":{"line":16,"column":24},"end":{"line":16,"column":76}},"type":"binary-expr","locations":[{"start":{"line":16,"column":24},"end":{"line":16,"column":41}},{"start":{"line":16,"column":45},"end":{"line":16,"column":76}}],"line":16},"4":{"loc":{"start":{"line":18,"column":6},"end":{"line":55,"column":7}},"type":"if","locations":[{"start":{"line":18,"column":6},"end":{"line":55,"column":7}},{"start":{"line":41,"column":13},"end":{"line":55,"column":7}}],"line":18},"5":{"loc":{"start":{"line":23,"column":8},"end":{"line":40,"column":9}},"type":"if","locations":[{"start":{"line":23,"column":8},"end":{"line":40,"column":9}},{"start":{"line":27,"column":15},"end":{"line":40,"column":9}}],"line":23},"6":{"loc":{"start":{"line":33,"column":10},"end":{"line":39,"column":11}},"type":"if","locations":[{"start":{"line":33,"column":10},"end":{"line":39,"column":11}},{"start":{"line":37,"column":17},"end":{"line":39,"column":11}}],"line":33},"7":{"loc":{"start":{"line":47,"column":8},"end":{"line":54,"column":9}},"type":"if","locations":[{"start":{"line":47,"column":8},"end":{"line":54,"column":9}},{"start":{"line":52,"column":15},"end":{"line":54,"column":9}}],"line":47},"8":{"loc":{"start":{"line":80,"column":4},"end":{"line":95,"column":5}},"type":"if","locations":[{"start":{"line":80,"column":4},"end":{"line":95,"column":5}},{"start":{"line":93,"column":11},"end":{"line":95,"column":5}}],"line":80},"9":{"loc":{"start":{"line":83,"column":6},"end":{"line":92,"column":7}},"type":"if","locations":[{"start":{"line":83,"column":6},"end":{"line":92,"column":7}},{"start":{"line":90,"column":13},"end":{"line":92,"column":7}}],"line":83}},"s":{"0":6,"1":6,"2":6,"3":6,"4":6,"5":6,"6":0,"7":0,"8":0,"9":0,"10":0,"11":0,"12":0,"13":0,"14":0,"15":0,"16":0,"17":0,"18":0,"19":0,"20":0,"21":0,"22":0,"23":0,"24":0,"25":0,"26":0,"27":0,"28":0,"29":0,"30":0,"31":0,"32":6,"33":0,"34":0,"35":0,"36":0,"37":0,"38":0,"39":6,"40":0,"41":0,"42":0,"43":0,"44":0,"45":0,"46":0,"47":0,"48":0,"49":0,"50":0,"51":6},"f":{"0":0,"1":0,"2":0},"b":{"0":[0,0],"1":[0,0],"2":[0,0],"3":[0,0],"4":[0,0],"5":[0,0],"6":[0,0],"7":[0,0],"8":[0,0],"9":[0,0]},"_coverageSchema":"1a1c01bbd47fc00a2c39e90264f33305004495a9","hash":"9346b1e8d9179bd5470e4661d174ffafba69f4d5"}
,"D:\\UOM\\Semester 5\\2 - CS3202 - Software Engineering Project\\Project\\Server\\src\\models\\diet.js": {"path":"D:\\UOM\\Semester 5\\2 - CS3202 - Software Engineering Project\\Project\\Server\\src\\models\\diet.js","statementMap":{"0":{"start":{"line":1,"column":21},"end":{"line":1,"column":36}},"1":{"start":{"line":2,"column":17},"end":{"line":2,"column":36}},"2":{"start":{"line":4,"column":19},"end":{"line":31,"column":1}},"3":{"start":{"line":33,"column":0},"end":{"line":33,"column":52}}},"fnMap":{},"branchMap":{},"s":{"0":6,"1":6,"2":6,"3":6},"f":{},"b":{},"_coverageSchema":"1a1c01bbd47fc00a2c39e90264f33305004495a9","hash":"d5e1c54c30c689ab8d07d0fcd719bba401941011"}
,"D:\\UOM\\Semester 5\\2 - CS3202 - Software Engineering Project\\Project\\Server\\src\\models\\dietPlan.js": {"path":"D:\\UOM\\Semester 5\\2 - CS3202 - Software Engineering Project\\Project\\Server\\src\\models\\dietPlan.js","statementMap":{"0":{"start":{"line":1,"column":21},"end":{"line":1,"column":36}},"1":{"start":{"line":2,"column":17},"end":{"line":2,"column":36}},"2":{"start":{"line":4,"column":23},"end":{"line":74,"column":1}},"3":{"start":{"line":76,"column":0},"end":{"line":76,"column":60}}},"fnMap":{},"branchMap":{},"s":{"0":6,"1":6,"2":6,"3":6},"f":{},"b":{},"_coverageSchema":"1a1c01bbd47fc00a2c39e90264f33305004495a9","hash":"5897324e6306ebd7b806f7af2a3cc2c443810c1d"}
,"D:\\UOM\\Semester 5\\2 - CS3202 - Software Engineering Project\\Project\\Server\\src\\models\\food.js": {"path":"D:\\UOM\\Semester 5\\2 - CS3202 - Software Engineering Project\\Project\\Server\\src\\models\\food.js","statementMap":{"0":{"start":{"line":1,"column":17},"end":{"line":1,"column":36}},"1":{"start":{"line":3,"column":19},"end":{"line":61,"column":1}},"2":{"start":{"line":63,"column":0},"end":{"line":63,"column":52}}},"fnMap":{},"branchMap":{},"s":{"0":6,"1":6,"2":6},"f":{},"b":{},"_coverageSchema":"1a1c01bbd47fc00a2c39e90264f33305004495a9","hash":"c1eec3820085f22fa3d33d49f2a426cbe11b9c9d"}
,"D:\\UOM\\Semester 5\\2 - CS3202 - Software Engineering Project\\Project\\Server\\src\\models\\reminder.js": {"path":"D:\\UOM\\Semester 5\\2 - CS3202 - Software Engineering Project\\Project\\Server\\src\\models\\reminder.js","statementMap":{"0":{"start":{"line":1,"column":17},"end":{"line":1,"column":36}},"1":{"start":{"line":2,"column":21},"end":{"line":2,"column":36}},"2":{"start":{"line":4,"column":23},"end":{"line":61,"column":1}},"3":{"start":{"line":63,"column":0},"end":{"line":63,"column":60}}},"fnMap":{},"branchMap":{},"s":{"0":6,"1":6,"2":6,"3":6},"f":{},"b":{},"_coverageSchema":"1a1c01bbd47fc00a2c39e90264f33305004495a9","hash":"b527c0578d4c9e9a6a396fbe511cce47472e9e11"}
,"D:\\UOM\\Semester 5\\2 - CS3202 - Software Engineering Project\\Project\\Server\\src\\models\\shoppingList.js": {"path":"D:\\UOM\\Semester 5\\2 - CS3202 - Software Engineering Project\\Project\\Server\\src\\models\\shoppingList.js","statementMap":{"0":{"start":{"line":1,"column":17},"end":{"line":1,"column":36}},"1":{"start":{"line":2,"column":21},"end":{"line":2,"column":36}},"2":{"start":{"line":4,"column":27},"end":{"line":22,"column":1}},"3":{"start":{"line":24,"column":0},"end":{"line":24,"column":68}}},"fnMap":{},"branchMap":{},"s":{"0":6,"1":6,"2":6,"3":6},"f":{},"b":{},"_coverageSchema":"1a1c01bbd47fc00a2c39e90264f33305004495a9","hash":"a7741c5c94672ecc26b339346a4c3bc405c106bf"}
,"D:\\UOM\\Semester 5\\2 - CS3202 - Software Engineering Project\\Project\\Server\\src\\models\\tempShoppingList.js": {"path":"D:\\UOM\\Semester 5\\2 - CS3202 - Software Engineering Project\\Project\\Server\\src\\models\\tempShoppingList.js","statementMap":{"0":{"start":{"line":1,"column":17},"end":{"line":1,"column":36}},"1":{"start":{"line":2,"column":21},"end":{"line":2,"column":36}},"2":{"start":{"line":4,"column":31},"end":{"line":19,"column":1}},"3":{"start":{"line":21,"column":0},"end":{"line":21,"column":76}}},"fnMap":{},"branchMap":{},"s":{"0":6,"1":6,"2":6,"3":6},"f":{},"b":{},"_coverageSchema":"1a1c01bbd47fc00a2c39e90264f33305004495a9","hash":"047fcc73fa0c266ae26fe15726ff5658b2c0c6c7"}
,"D:\\UOM\\Semester 5\\2 - CS3202 - Software Engineering Project\\Project\\Server\\src\\models\\user.js": {"path":"D:\\UOM\\Semester 5\\2 - CS3202 - Software Engineering Project\\Project\\Server\\src\\models\\user.js","statementMap":{"0":{"start":{"line":1,"column":17},"end":{"line":1,"column":36}},"1":{"start":{"line":2,"column":15},"end":{"line":2,"column":34}},"2":{"start":{"line":3,"column":12},"end":{"line":3,"column":35}},"3":{"start":{"line":4,"column":18},"end":{"line":4,"column":38}},"4":{"start":{"line":5,"column":21},"end":{"line":5,"column":36}},"5":{"start":{"line":7,"column":19},"end":{"line":66,"column":1}},"6":{"start":{"line":21,"column":8},"end":{"line":23,"column":9}},"7":{"start":{"line":22,"column":10},"end":{"line":22,"column":44}},"8":{"start":{"line":68,"column":0},"end":{"line":76,"column":3}},"9":{"start":{"line":69,"column":15},"end":{"line":69,"column":19}},"10":{"start":{"line":71,"column":2},"end":{"line":73,"column":3}},"11":{"start":{"line":72,"column":4},"end":{"line":72,"column":56}},"12":{"start":{"line":75,"column":2},"end":{"line":75,"column":9}},"13":{"start":{"line":92,"column":13},"end":{"line":92,"column":47}},"14":{"start":{"line":94,"column":0},"end":{"line":94,"column":22}}},"fnMap":{"0":{"name":"(anonymous_0)","decl":{"start":{"line":20,"column":6},"end":{"line":20,"column":7}},"loc":{"start":{"line":20,"column":22},"end":{"line":24,"column":7}},"line":20},"1":{"name":"(anonymous_1)","decl":{"start":{"line":68,"column":23},"end":{"line":68,"column":24}},"loc":{"start":{"line":68,"column":45},"end":{"line":76,"column":1}},"line":68}},"branchMap":{"0":{"loc":{"start":{"line":21,"column":8},"end":{"line":23,"column":9}},"type":"if","locations":[{"start":{"line":21,"column":8},"end":{"line":23,"column":9}},{"start":{},"end":{}}],"line":21},"1":{"loc":{"start":{"line":71,"column":2},"end":{"line":73,"column":3}},"type":"if","locations":[{"start":{"line":71,"column":2},"end":{"line":73,"column":3}},{"start":{},"end":{}}],"line":71}},"s":{"0":6,"1":6,"2":6,"3":6,"4":6,"5":6,"6":0,"7":0,"8":6,"9":0,"10":0,"11":0,"12":0,"13":6,"14":6},"f":{"0":0,"1":0},"b":{"0":[0,0],"1":[0,0]},"_coverageSchema":"1a1c01bbd47fc00a2c39e90264f33305004495a9","hash":"7b15bd326a9475e56805a63eddd914bb2455752e"}
,"D:\\UOM\\Semester 5\\2 - CS3202 - Software Engineering Project\\Project\\Server\\src\\router\\_index.routes.js": {"path":"D:\\UOM\\Semester 5\\2 - CS3202 - Software Engineering Project\\Project\\Server\\src\\router\\_index.routes.js","statementMap":{"0":{"start":{"line":1,"column":19},"end":{"line":1,"column":37}},"1":{"start":{"line":2,"column":23},"end":{"line":2,"column":47}},"2":{"start":{"line":3,"column":23},"end":{"line":3,"column":47}},"3":{"start":{"line":5,"column":27},"end":{"line":5,"column":55}},"4":{"start":{"line":6,"column":31},"end":{"line":6,"column":63}},"5":{"start":{"line":7,"column":24},"end":{"line":7,"column":49}},"6":{"start":{"line":8,"column":27},"end":{"line":8,"column":55}},"7":{"start":{"line":10,"column":15},"end":{"line":10,"column":23}},"8":{"start":{"line":12,"column":0},"end":{"line":12,"column":32}},"9":{"start":{"line":13,"column":0},"end":{"line":13,"column":32}},"10":{"start":{"line":14,"column":0},"end":{"line":14,"column":39}},"11":{"start":{"line":15,"column":0},"end":{"line":15,"column":48}},"12":{"start":{"line":16,"column":0},"end":{"line":16,"column":34}},"13":{"start":{"line":17,"column":0},"end":{"line":17,"column":40}},"14":{"start":{"line":20,"column":0},"end":{"line":20,"column":24}}},"fnMap":{},"branchMap":{},"s":{"0":6,"1":6,"2":6,"3":6,"4":6,"5":6,"6":6,"7":6,"8":6,"9":6,"10":6,"11":6,"12":6,"13":6,"14":6},"f":{},"b":{},"_coverageSchema":"1a1c01bbd47fc00a2c39e90264f33305004495a9","hash":"3804661b22cded4ee2070a931b81b3ba4728fcb5"}
,"D:\\UOM\\Semester 5\\2 - CS3202 - Software Engineering Project\\Project\\Server\\src\\router\\dietPlan.routes.js": {"path":"D:\\UOM\\Semester 5\\2 - CS3202 - Software Engineering Project\\Project\\Server\\src\\router\\dietPlan.routes.js","statementMap":{"0":{"start":{"line":1,"column":19},"end":{"line":1,"column":37}},"1":{"start":{"line":15,"column":4},"end":{"line":15,"column":48}},"2":{"start":{"line":16,"column":56},"end":{"line":16,"column":96}},"3":{"start":{"line":17,"column":13},"end":{"line":17,"column":42}},"4":{"start":{"line":19,"column":15},"end":{"line":19,"column":23}},"5":{"start":{"line":21,"column":0},"end":{"line":21,"column":32}},"6":{"start":{"line":22,"column":0},"end":{"line":22,"column":50}},"7":{"start":{"line":23,"column":0},"end":{"line":23,"column":36}},"8":{"start":{"line":24,"column":0},"end":{"line":24,"column":51}},"9":{"start":{"line":25,"column":0},"end":{"line":25,"column":44}},"10":{"start":{"line":26,"column":0},"end":{"line":26,"column":56}},"11":{"start":{"line":27,"column":0},"end":{"line":27,"column":60}},"12":{"start":{"line":28,"column":0},"end":{"line":28,"column":54}},"13":{"start":{"line":30,"column":0},"end":{"line":30,"column":68}},"14":{"start":{"line":31,"column":0},"end":{"line":31,"column":75}},"15":{"start":{"line":32,"column":0},"end":{"line":32,"column":83}},"16":{"start":{"line":33,"column":0},"end":{"line":33,"column":63}},"17":{"start":{"line":34,"column":0},"end":{"line":34,"column":52}},"18":{"start":{"line":35,"column":0},"end":{"line":35,"column":58}},"19":{"start":{"line":38,"column":0},"end":{"line":38,"column":39}}},"fnMap":{},"branchMap":{},"s":{"0":6,"1":6,"2":6,"3":6,"4":6,"5":6,"6":6,"7":6,"8":6,"9":6,"10":6,"11":6,"12":6,"13":6,"14":6,"15":6,"16":6,"17":6,"18":6,"19":6},"f":{},"b":{},"_coverageSchema":"1a1c01bbd47fc00a2c39e90264f33305004495a9","hash":"930f537b84b1050071484236151f351b99992329"}
,"D:\\UOM\\Semester 5\\2 - CS3202 - Software Engineering Project\\Project\\Server\\src\\router\\food.routes.js": {"path":"D:\\UOM\\Semester 5\\2 - CS3202 - Software Engineering Project\\Project\\Server\\src\\router\\food.routes.js","statementMap":{"0":{"start":{"line":1,"column":19},"end":{"line":1,"column":37}},"1":{"start":{"line":12,"column":4},"end":{"line":12,"column":44}},"2":{"start":{"line":13,"column":13},"end":{"line":13,"column":42}},"3":{"start":{"line":15,"column":15},"end":{"line":15,"column":23}},"4":{"start":{"line":17,"column":0},"end":{"line":17,"column":32}},"5":{"start":{"line":18,"column":0},"end":{"line":18,"column":40}},"6":{"start":{"line":19,"column":0},"end":{"line":19,"column":45}},"7":{"start":{"line":20,"column":0},"end":{"line":20,"column":34}},"8":{"start":{"line":21,"column":0},"end":{"line":21,"column":47}},"9":{"start":{"line":22,"column":0},"end":{"line":22,"column":60}},"10":{"start":{"line":23,"column":0},"end":{"line":23,"column":49}},"11":{"start":{"line":24,"column":0},"end":{"line":24,"column":53}},"12":{"start":{"line":25,"column":0},"end":{"line":25,"column":40}},"13":{"start":{"line":27,"column":0},"end":{"line":27,"column":35}}},"fnMap":{},"branchMap":{},"s":{"0":6,"1":6,"2":6,"3":6,"4":6,"5":6,"6":6,"7":6,"8":6,"9":6,"10":6,"11":6,"12":6,"13":6},"f":{},"b":{},"_coverageSchema":"1a1c01bbd47fc00a2c39e90264f33305004495a9","hash":"dd345672a27c4574ce95adb933ee72d76e49b97f"}
,"D:\\UOM\\Semester 5\\2 - CS3202 - Software Engineering Project\\Project\\Server\\src\\router\\reminder.routes.js": {"path":"D:\\UOM\\Semester 5\\2 - CS3202 - Software Engineering Project\\Project\\Server\\src\\router\\reminder.routes.js","statementMap":{"0":{"start":{"line":1,"column":19},"end":{"line":1,"column":37}},"1":{"start":{"line":9,"column":4},"end":{"line":9,"column":48}},"2":{"start":{"line":10,"column":13},"end":{"line":10,"column":42}},"3":{"start":{"line":12,"column":15},"end":{"line":12,"column":23}},"4":{"start":{"line":14,"column":0},"end":{"line":14,"column":41}},"5":{"start":{"line":15,"column":0},"end":{"line":15,"column":49}},"6":{"start":{"line":16,"column":0},"end":{"line":16,"column":41}},"7":{"start":{"line":17,"column":0},"end":{"line":17,"column":43}},"8":{"start":{"line":18,"column":0},"end":{"line":18,"column":41}},"9":{"start":{"line":20,"column":0},"end":{"line":20,"column":39}}},"fnMap":{},"branchMap":{},"s":{"0":6,"1":6,"2":6,"3":6,"4":6,"5":6,"6":6,"7":6,"8":6,"9":6},"f":{},"b":{},"_coverageSchema":"1a1c01bbd47fc00a2c39e90264f33305004495a9","hash":"185f162b8410684fa652528b61713765fa531cf4"}
,"D:\\UOM\\Semester 5\\2 - CS3202 - Software Engineering Project\\Project\\Server\\src\\router\\shoppingList.routes.js": {"path":"D:\\UOM\\Semester 5\\2 - CS3202 - Software Engineering Project\\Project\\Server\\src\\router\\shoppingList.routes.js","statementMap":{"0":{"start":{"line":1,"column":19},"end":{"line":1,"column":37}},"1":{"start":{"line":2,"column":46},"end":{"line":2,"column":94}},"2":{"start":{"line":3,"column":90},"end":{"line":3,"column":142}},"3":{"start":{"line":4,"column":13},"end":{"line":4,"column":42}},"4":{"start":{"line":6,"column":15},"end":{"line":6,"column":23}},"5":{"start":{"line":11,"column":0},"end":{"line":11,"column":43}},"6":{"start":{"line":12,"column":0},"end":{"line":12,"column":46}},"7":{"start":{"line":13,"column":0},"end":{"line":13,"column":51}},"8":{"start":{"line":14,"column":0},"end":{"line":14,"column":67}},"9":{"start":{"line":15,"column":0},"end":{"line":15,"column":72}},"10":{"start":{"line":17,"column":0},"end":{"line":17,"column":43}}},"fnMap":{},"branchMap":{},"s":{"0":6,"1":6,"2":6,"3":6,"4":6,"5":6,"6":6,"7":6,"8":6,"9":6,"10":6},"f":{},"b":{},"_coverageSchema":"1a1c01bbd47fc00a2c39e90264f33305004495a9","hash":"0afea7fede264268282f7e5617c5fc81d73533c5"}
,"D:\\UOM\\Semester 5\\2 - CS3202 - Software Engineering Project\\Project\\Server\\src\\router\\stats.routes.js": {"path":"D:\\UOM\\Semester 5\\2 - CS3202 - Software Engineering Project\\Project\\Server\\src\\router\\stats.routes.js","statementMap":{"0":{"start":{"line":1,"column":19},"end":{"line":1,"column":37}},"1":{"start":{"line":14,"column":4},"end":{"line":14,"column":45}},"2":{"start":{"line":15,"column":13},"end":{"line":15,"column":42}},"3":{"start":{"line":17,"column":15},"end":{"line":17,"column":23}},"4":{"start":{"line":19,"column":0},"end":{"line":19,"column":46}},"5":{"start":{"line":20,"column":0},"end":{"line":20,"column":53}},"6":{"start":{"line":21,"column":0},"end":{"line":21,"column":73}},"7":{"start":{"line":22,"column":0},"end":{"line":22,"column":48}},"8":{"start":{"line":23,"column":0},"end":{"line":23,"column":48}},"9":{"start":{"line":24,"column":0},"end":{"line":24,"column":56}},"10":{"start":{"line":25,"column":0},"end":{"line":25,"column":48}},"11":{"start":{"line":26,"column":0},"end":{"line":26,"column":52}},"12":{"start":{"line":27,"column":0},"end":{"line":27,"column":54}},"13":{"start":{"line":28,"column":0},"end":{"line":28,"column":56}},"14":{"start":{"line":29,"column":0},"end":{"line":29,"column":56}},"15":{"start":{"line":32,"column":0},"end":{"line":32,"column":36}}},"fnMap":{},"branchMap":{},"s":{"0":6,"1":6,"2":6,"3":6,"4":6,"5":6,"6":6,"7":6,"8":6,"9":6,"10":6,"11":6,"12":6,"13":6,"14":6,"15":6},"f":{},"b":{},"_coverageSchema":"1a1c01bbd47fc00a2c39e90264f33305004495a9","hash":"7e7c0dd3079d2a1047c51545074210d8c99b5cf1"}
,"D:\\UOM\\Semester 5\\2 - CS3202 - Software Engineering Project\\Project\\Server\\src\\router\\user.routes.js": {"path":"D:\\UOM\\Semester 5\\2 - CS3202 - Software Engineering Project\\Project\\Server\\src\\router\\user.routes.js","statementMap":{"0":{"start":{"line":1,"column":19},"end":{"line":1,"column":37}},"1":{"start":{"line":2,"column":205},"end":{"line":2,"column":245}},"2":{"start":{"line":3,"column":13},"end":{"line":3,"column":42}},"3":{"start":{"line":6,"column":15},"end":{"line":6,"column":23}},"4":{"start":{"line":8,"column":0},"end":{"line":8,"column":31}},"5":{"start":{"line":9,"column":0},"end":{"line":9,"column":31}},"6":{"start":{"line":10,"column":0},"end":{"line":10,"column":38}},"7":{"start":{"line":11,"column":0},"end":{"line":11,"column":36}},"8":{"start":{"line":12,"column":0},"end":{"line":12,"column":51}},"9":{"start":{"line":13,"column":0},"end":{"line":13,"column":48}},"10":{"start":{"line":14,"column":0},"end":{"line":14,"column":47}},"11":{"start":{"line":15,"column":0},"end":{"line":15,"column":55}},"12":{"start":{"line":16,"column":0},"end":{"line":16,"column":39}},"13":{"start":{"line":17,"column":0},"end":{"line":17,"column":50}},"14":{"start":{"line":18,"column":0},"end":{"line":18,"column":50}},"15":{"start":{"line":19,"column":0},"end":{"line":19,"column":35}},"16":{"start":{"line":20,"column":0},"end":{"line":20,"column":36}},"17":{"start":{"line":21,"column":0},"end":{"line":21,"column":36}},"18":{"start":{"line":22,"column":0},"end":{"line":22,"column":42}},"19":{"start":{"line":24,"column":0},"end":{"line":24,"column":35}}},"fnMap":{},"branchMap":{},"s":{"0":6,"1":6,"2":6,"3":6,"4":6,"5":6,"6":6,"7":6,"8":6,"9":6,"10":6,"11":6,"12":6,"13":6,"14":6,"15":6,"16":6,"17":6,"18":6,"19":6},"f":{},"b":{},"_coverageSchema":"1a1c01bbd47fc00a2c39e90264f33305004495a9","hash":"b665f3a8eab6b68e634407e53a535813ef3781b9"}
}
