TN:
SF:src\app.js
FNF:0
FNH:0
DA:1,1
DA:2,1
DA:3,1
DA:4,1
DA:5,1
DA:6,1
DA:7,1
DA:9,1
DA:11,1
DA:12,0
DA:15,1
DA:23,1
DA:24,1
DA:30,1
DA:31,1
DA:33,1
LF:16
LH:15
BRDA:11,0,0,0
BRDA:11,0,1,1
BRF:2
BRH:1
end_of_record
TN:
SF:src\index.js
FN:6,(anonymous_0)
FNF:1
FNH:0
FNDA:0,(anonymous_0)
DA:1,0
DA:2,0
DA:3,0
DA:4,0
DA:6,0
DA:7,0
LF:6
LH:0
BRF:0
BRH:0
end_of_record
TN:
SF:src\controller\diet.controller.js
FN:7,(anonymous_0)
FN:11,(anonymous_1)
FN:47,(anonymous_2)
FN:64,(anonymous_3)
FN:70,(anonymous_4)
FN:93,(anonymous_5)
FN:98,(anonymous_6)
FN:127,(anonymous_7)
FN:156,(anonymous_8)
FNF:9
FNH:2
FNDA:1,(anonymous_0)
FNDA:1,(anonymous_1)
FNDA:0,(anonymous_2)
FNDA:0,(anonymous_3)
FNDA:0,(anonymous_4)
FNDA:0,(anonymous_5)
FNDA:0,(anonymous_6)
FNDA:0,(anonymous_7)
FNDA:0,(anonymous_8)
DA:1,1
DA:2,1
DA:3,1
DA:4,1
DA:7,1
DA:8,1
DA:10,1
DA:11,1
DA:12,1
DA:20,1
DA:21,1
DA:23,1
DA:24,1
DA:25,1
DA:26,1
DA:27,1
DA:28,1
DA:29,1
DA:30,1
DA:31,1
DA:34,1
DA:39,1
DA:40,1
DA:43,0
DA:47,1
DA:50,0
DA:51,0
DA:52,0
DA:54,0
DA:56,0
DA:57,0
DA:60,0
DA:61,0
DA:64,1
DA:65,0
DA:69,0
DA:70,0
DA:71,0
DA:78,0
DA:79,0
DA:81,0
DA:82,0
DA:84,0
DA:86,0
DA:87,0
DA:88,0
DA:90,0
DA:91,0
DA:93,0
DA:94,0
DA:95,0
DA:96,0
DA:98,0
DA:111,0
DA:112,0
DA:113,0
DA:114,0
DA:116,0
DA:118,0
DA:119,0
DA:120,0
DA:121,0
DA:122,0
DA:124,0
DA:127,0
DA:140,0
DA:141,0
DA:142,0
DA:143,0
DA:145,0
DA:147,0
DA:148,0
DA:149,0
DA:150,0
DA:151,0
DA:153,0
DA:156,0
DA:169,0
DA:170,0
DA:171,0
DA:172,0
DA:174,0
DA:176,0
DA:177,0
DA:178,0
DA:179,0
DA:180,0
DA:182,0
DA:199,0
DA:201,1
LF:90
LH:26
BRDA:25,0,0,1
BRDA:25,0,1,0
BRDA:51,1,0,0
BRDA:51,1,1,0
BRDA:56,2,0,0
BRDA:56,2,1,0
BRDA:116,3,0,0
BRDA:116,3,1,0
BRDA:145,4,0,0
BRDA:145,4,1,0
BRDA:174,5,0,0
BRDA:174,5,1,0
BRF:12
BRH:1
end_of_record
TN:
SF:src\controller\dietPlan.controller.js
FN:10,(anonymous_0)
FN:45,(anonymous_1)
FN:60,(anonymous_2)
FN:105,(anonymous_3)
FN:119,(anonymous_4)
FN:133,(anonymous_5)
FN:153,(anonymous_6)
FN:173,(anonymous_7)
FN:188,(anonymous_8)
FN:196,(anonymous_9)
FN:216,(anonymous_10)
FN:230,(anonymous_11)
FN:238,(anonymous_12)
FN:257,(anonymous_13)
FN:273,(anonymous_14)
FN:282,(anonymous_15)
FN:294,(anonymous_16)
FN:302,(anonymous_17)
FN:321,(anonymous_18)
FN:353,(anonymous_19)
FNF:20
FNH:2
FNDA:1,(anonymous_0)
FNDA:1,(anonymous_1)
FNDA:0,(anonymous_2)
FNDA:0,(anonymous_3)
FNDA:0,(anonymous_4)
FNDA:0,(anonymous_5)
FNDA:0,(anonymous_6)
FNDA:0,(anonymous_7)
FNDA:0,(anonymous_8)
FNDA:0,(anonymous_9)
FNDA:0,(anonymous_10)
FNDA:0,(anonymous_11)
FNDA:0,(anonymous_12)
FNDA:0,(anonymous_13)
FNDA:0,(anonymous_14)
FNDA:0,(anonymous_15)
FNDA:0,(anonymous_16)
FNDA:0,(anonymous_17)
FNDA:0,(anonymous_18)
FNDA:0,(anonymous_19)
DA:1,1
DA:2,1
DA:3,1
DA:4,1
DA:5,1
DA:6,1
DA:7,1
DA:10,1
DA:23,1
DA:25,1
DA:26,1
DA:39,0
DA:41,1
DA:45,1
DA:46,1
DA:48,1
DA:49,1
DA:51,1
DA:52,0
DA:54,1
DA:56,0
DA:60,1
DA:61,0
DA:64,0
DA:66,0
DA:67,0
DA:68,0
DA:70,0
DA:75,0
DA:86,0
DA:87,0
DA:88,0
DA:89,0
DA:102,0
DA:106,0
DA:107,0
DA:109,0
DA:119,1
DA:120,0
DA:122,0
DA:123,0
DA:125,0
DA:126,0
DA:128,0
DA:130,0
DA:133,1
DA:134,0
DA:136,0
DA:137,0
DA:138,0
DA:139,0
DA:143,0
DA:144,0
DA:146,0
DA:149,0
DA:153,1
DA:154,0
DA:156,0
DA:157,0
DA:158,0
DA:159,0
DA:163,0
DA:164,0
DA:166,0
DA:169,0
DA:173,1
DA:174,0
DA:176,0
DA:177,0
DA:178,0
DA:179,0
DA:183,0
DA:184,0
DA:187,0
DA:188,0
DA:189,0
DA:190,0
DA:191,0
DA:192,0
DA:193,0
DA:194,0
DA:196,0
DA:197,0
DA:199,0
DA:200,0
DA:201,0
DA:202,0
DA:204,0
DA:205,0
DA:206,0
DA:209,0
DA:212,0
DA:216,1
DA:217,0
DA:219,0
DA:220,0
DA:221,0
DA:222,0
DA:226,0
DA:227,0
DA:229,0
DA:230,0
DA:231,0
DA:232,0
DA:233,0
DA:234,0
DA:235,0
DA:236,0
DA:238,0
DA:239,0
DA:241,0
DA:242,0
DA:243,0
DA:244,0
DA:246,0
DA:247,0
DA:248,0
DA:250,0
DA:253,0
DA:257,1
DA:258,0
DA:259,0
DA:260,0
DA:261,0
DA:262,0
DA:263,0
DA:265,0
DA:266,0
DA:268,0
DA:272,0
DA:273,0
DA:274,0
DA:277,0
DA:279,0
DA:282,1
DA:283,0
DA:285,0
DA:288,0
DA:289,0
DA:290,0
DA:293,0
DA:294,0
DA:295,0
DA:296,0
DA:297,0
DA:298,0
DA:299,0
DA:300,0
DA:302,0
DA:303,0
DA:305,0
DA:306,0
DA:307,0
DA:308,0
DA:310,0
DA:311,0
DA:312,0
DA:315,0
DA:318,0
DA:321,1
DA:322,0
DA:323,0
DA:324,0
DA:325,0
DA:328,0
DA:330,0
DA:331,0
DA:332,0
DA:333,0
DA:334,0
DA:335,0
DA:336,0
DA:337,0
DA:338,0
DA:340,0
DA:344,0
DA:345,0
DA:347,0
DA:349,0
DA:353,1
DA:354,0
DA:356,0
DA:357,0
DA:360,0
DA:368,0
DA:369,0
DA:372,0
DA:375,1
LF:188
LH:29
BRDA:51,0,0,0
BRDA:51,0,1,1
BRDA:106,1,0,0
BRDA:106,1,1,0
BRDA:125,2,0,0
BRDA:125,2,1,0
BRDA:143,3,0,0
BRDA:143,3,1,0
BRDA:163,4,0,0
BRDA:163,4,1,0
BRDA:183,5,0,0
BRDA:183,5,1,0
BRDA:226,6,0,0
BRDA:226,6,1,0
BRDA:265,7,0,0
BRDA:265,7,1,0
BRDA:272,8,0,0
BRDA:272,8,1,0
BRDA:289,9,0,0
BRDA:289,9,1,0
BRDA:324,10,0,0
BRDA:324,10,1,0
BRDA:334,11,0,0
BRDA:334,11,1,0
BRDA:344,12,0,0
BRDA:344,12,1,0
BRDA:356,13,0,0
BRDA:356,13,1,0
BRDA:368,14,0,0
BRDA:368,14,1,0
BRF:30
BRH:1
end_of_record
TN:
SF:src\controller\food.controller.js
FN:5,(anonymous_0)
FN:16,(anonymous_1)
FN:38,(anonymous_2)
FN:52,(anonymous_3)
FN:66,(anonymous_4)
FN:80,(anonymous_5)
FN:117,(anonymous_6)
FN:139,(anonymous_7)
FN:155,(anonymous_8)
FNF:9
FNH:8
FNDA:1,(anonymous_0)
FNDA:1,(anonymous_1)
FNDA:1,(anonymous_2)
FNDA:1,(anonymous_3)
FNDA:1,(anonymous_4)
FNDA:0,(anonymous_5)
FNDA:1,(anonymous_6)
FNDA:1,(anonymous_7)
FNDA:1,(anonymous_8)
DA:1,1
DA:2,1
DA:5,1
DA:6,1
DA:7,1
DA:9,1
DA:11,0
DA:16,1
DA:17,1
DA:20,1
DA:21,1
DA:22,1
DA:23,1
DA:25,1
DA:33,1
DA:38,1
DA:39,1
DA:43,1
DA:47,1
DA:52,1
DA:53,1
DA:57,1
DA:61,1
DA:66,1
DA:67,1
DA:71,1
DA:75,1
DA:80,1
DA:93,0
DA:95,0
DA:96,0
DA:110,0
DA:112,0
DA:117,1
DA:118,1
DA:120,1
DA:121,0
DA:124,1
DA:131,1
DA:132,1
DA:135,0
DA:139,1
DA:140,1
DA:142,1
DA:143,0
DA:146,1
DA:148,1
DA:149,1
DA:152,0
DA:155,1
DA:156,1
DA:158,1
DA:159,0
DA:161,1
DA:162,1
DA:163,0
DA:165,1
DA:168,1
LF:58
LH:46
BRDA:120,0,0,0
BRDA:120,0,1,1
BRDA:131,1,0,1
BRDA:131,1,1,0
BRDA:142,2,0,0
BRDA:142,2,1,1
BRDA:148,3,0,1
BRDA:148,3,1,0
BRDA:158,4,0,0
BRDA:158,4,1,1
BRDA:162,5,0,0
BRDA:162,5,1,1
BRF:12
BRH:6
end_of_record
TN:
SF:src\controller\reminder.controller.js
FN:4,(anonymous_0)
FN:16,(anonymous_1)
FN:39,(anonymous_2)
FN:62,(anonymous_3)
FN:85,(anonymous_4)
FNF:5
FNH:5
FNDA:1,(anonymous_0)
FNDA:1,(anonymous_1)
FNDA:1,(anonymous_2)
FNDA:1,(anonymous_3)
FNDA:1,(anonymous_4)
DA:1,1
DA:2,1
DA:4,1
DA:5,1
DA:7,1
DA:8,1
DA:9,1
DA:11,0
DA:12,0
DA:16,1
DA:17,1
DA:18,1
DA:24,1
DA:25,0
DA:28,1
DA:32,1
DA:33,0
DA:36,1
DA:39,1
DA:40,1
DA:41,1
DA:47,1
DA:48,0
DA:51,1
DA:55,1
DA:56,0
DA:59,1
DA:62,1
DA:63,1
DA:64,1
DA:70,1
DA:71,0
DA:74,1
DA:78,1
DA:79,0
DA:82,1
DA:85,1
DA:86,1
DA:87,1
DA:91,1
DA:93,0
DA:98,1
LF:42
LH:33
BRDA:24,0,0,0
BRDA:24,0,1,1
BRDA:32,1,0,0
BRDA:32,1,1,1
BRDA:47,2,0,0
BRDA:47,2,1,1
BRDA:55,3,0,0
BRDA:55,3,1,1
BRDA:70,4,0,0
BRDA:70,4,1,1
BRDA:78,5,0,0
BRDA:78,5,1,1
BRF:12
BRH:6
end_of_record
TN:
SF:src\controller\shoppingList.controller.js
FN:19,(anonymous_0)
FN:28,(anonymous_1)
FN:39,(anonymous_2)
FN:56,(anonymous_3)
FNF:4
FNH:2
FNDA:0,(anonymous_0)
FNDA:1,(anonymous_1)
FNDA:1,(anonymous_2)
FNDA:0,(anonymous_3)
DA:1,1
DA:2,1
DA:3,1
DA:19,1
DA:20,0
DA:21,0
DA:23,0
DA:28,1
DA:29,1
DA:31,1
DA:32,1
DA:33,1
DA:35,0
DA:39,1
DA:41,1
DA:42,1
DA:43,0
DA:45,1
DA:46,1
DA:47,1
DA:49,1
DA:50,0
DA:52,1
DA:56,1
DA:57,0
DA:58,0
DA:60,0
DA:64,1
LF:28
LH:19
BRDA:42,0,0,0
BRDA:42,0,1,1
BRDA:49,1,0,0
BRDA:49,1,1,1
BRF:4
BRH:2
end_of_record
TN:
SF:src\controller\stats.controller.js
FN:9,(anonymous_0)
FN:22,(anonymous_1)
FN:114,(anonymous_2)
FN:144,(anonymous_3)
FN:159,(anonymous_4)
FN:181,(anonymous_5)
FN:208,(anonymous_6)
FN:209,(anonymous_7)
FN:220,(anonymous_8)
FN:221,(anonymous_9)
FN:231,(anonymous_10)
FN:232,(anonymous_11)
FN:243,(anonymous_12)
FN:244,(anonymous_13)
FN:255,(anonymous_14)
FN:258,(anonymous_15)
FN:270,(anonymous_16)
FN:291,(anonymous_17)
FNF:18
FNH:18
FNDA:1,(anonymous_0)
FNDA:2,(anonymous_1)
FNDA:1,(anonymous_2)
FNDA:1,(anonymous_3)
FNDA:1,(anonymous_4)
FNDA:1,(anonymous_5)
FNDA:1,(anonymous_6)
FNDA:1,(anonymous_7)
FNDA:1,(anonymous_8)
FNDA:1,(anonymous_9)
FNDA:1,(anonymous_10)
FNDA:1,(anonymous_11)
FNDA:1,(anonymous_12)
FNDA:1,(anonymous_13)
FNDA:1,(anonymous_14)
FNDA:1,(anonymous_15)
FNDA:1,(anonymous_16)
FNDA:1,(anonymous_17)
DA:1,1
DA:2,1
DA:3,1
DA:4,1
DA:5,1
DA:6,1
DA:9,1
DA:10,1
DA:12,1
DA:13,1
DA:15,1
DA:17,0
DA:22,1
DA:23,2
DA:25,2
DA:26,2
DA:27,2
DA:29,1
DA:30,1
DA:31,0
DA:32,1
DA:33,0
DA:34,1
DA:35,1
DA:36,0
DA:41,0
DA:44,1
DA:45,1
DA:47,0
DA:55,0
DA:58,0
DA:66,0
DA:69,0
DA:77,0
DA:80,1
DA:88,1
DA:91,0
DA:99,0
DA:102,0
DA:106,1
DA:108,1
DA:114,1
DA:115,1
DA:117,1
DA:118,1
DA:119,1
DA:121,1
DA:122,1
DA:123,2
DA:124,2
DA:125,2
DA:126,2
DA:127,2
DA:128,12
DA:132,2
DA:133,12
DA:135,2
DA:136,10
DA:138,2
DA:141,1
DA:145,1
DA:146,0
DA:148,1
DA:159,1
DA:161,1
DA:162,1
DA:164,1
DA:165,1
DA:166,1
DA:167,16
DA:168,8
DA:172,1
DA:173,1
DA:174,41
DA:175,41
DA:178,1
DA:182,1
DA:183,0
DA:184,0
DA:186,1
DA:196,0
DA:197,0
DA:199,0
DA:208,1
DA:209,1
DA:210,1
DA:211,0
DA:213,1
DA:220,1
DA:221,1
DA:222,1
DA:223,0
DA:225,1
DA:231,1
DA:232,1
DA:233,1
DA:234,0
DA:236,1
DA:243,1
DA:244,1
DA:245,1
DA:246,0
DA:248,1
DA:255,1
DA:256,1
DA:259,1
DA:260,0
DA:262,1
DA:270,1
DA:271,1
DA:272,1
DA:283,1
DA:285,0
DA:291,1
DA:292,1
DA:293,1
DA:302,1
DA:304,0
DA:308,1
LF:119
LH:92
BRDA:30,0,0,0
BRDA:30,0,1,1
BRDA:30,1,0,1
BRDA:30,1,1,1
BRDA:30,1,2,0
BRDA:32,2,0,0
BRDA:32,2,1,1
BRDA:34,3,0,1
BRDA:34,3,1,0
BRDA:36,4,0,0
BRDA:36,4,1,0
BRDA:37,5,0,0
BRDA:37,5,1,0
BRDA:37,5,2,0
BRDA:37,5,3,0
BRDA:37,5,4,0
BRDA:37,5,5,0
BRDA:37,5,6,0
BRDA:45,6,0,0
BRDA:45,6,1,0
BRDA:45,6,2,0
BRDA:45,6,3,1
BRDA:45,6,4,0
BRDA:45,6,5,0
BRDA:145,7,0,0
BRDA:145,7,1,1
BRDA:164,8,0,1
BRDA:164,8,1,0
BRDA:164,9,0,1
BRDA:164,9,1,1
BRDA:167,10,0,8
BRDA:167,10,1,8
BRDA:182,11,0,0
BRDA:182,11,1,1
BRDA:196,12,0,0
BRDA:196,12,1,0
BRDA:210,13,0,0
BRDA:210,13,1,1
BRDA:222,14,0,0
BRDA:222,14,1,1
BRDA:233,15,0,0
BRDA:233,15,1,1
BRDA:245,16,0,0
BRDA:245,16,1,1
BRDA:259,17,0,0
BRDA:259,17,1,1
BRF:46
BRH:18
end_of_record
TN:
SF:src\controller\tempShoppingList.controller.js
FN:5,(anonymous_0)
FN:14,(anonymous_1)
FN:22,(anonymous_2)
FN:45,(anonymous_3)
FN:50,(anonymous_4)
FN:80,(anonymous_5)
FN:110,(anonymous_6)
FN:170,(anonymous_7)
FN:176,(anonymous_8)
FN:182,(anonymous_9)
FNF:10
FNH:0
FNDA:0,(anonymous_0)
FNDA:0,(anonymous_1)
FNDA:0,(anonymous_2)
FNDA:0,(anonymous_3)
FNDA:0,(anonymous_4)
FNDA:0,(anonymous_5)
FNDA:0,(anonymous_6)
FNDA:0,(anonymous_7)
FNDA:0,(anonymous_8)
FNDA:0,(anonymous_9)
DA:1,1
DA:2,1
DA:3,1
DA:5,1
DA:6,0
DA:7,0
DA:8,0
DA:9,0
DA:11,0
DA:14,1
DA:15,0
DA:20,0
DA:21,0
DA:22,0
DA:23,0
DA:30,0
DA:31,0
DA:33,0
DA:34,0
DA:36,0
DA:38,0
DA:39,0
DA:40,0
DA:42,0
DA:43,0
DA:45,0
DA:46,0
DA:47,0
DA:48,0
DA:50,0
DA:63,0
DA:64,0
DA:65,0
DA:66,0
DA:67,0
DA:69,0
DA:71,0
DA:72,0
DA:73,0
DA:74,0
DA:75,0
DA:77,0
DA:80,0
DA:93,0
DA:94,0
DA:95,0
DA:96,0
DA:97,0
DA:99,0
DA:101,0
DA:102,0
DA:103,0
DA:104,0
DA:105,0
DA:107,0
DA:110,0
DA:123,0
DA:124,0
DA:125,0
DA:126,0
DA:127,0
DA:129,0
DA:131,0
DA:132,0
DA:133,0
DA:134,0
DA:135,0
DA:137,0
DA:154,0
DA:155,0
DA:157,0
DA:163,0
DA:164,0
DA:165,0
DA:167,0
DA:170,1
DA:171,0
DA:172,0
DA:173,0
DA:174,0
DA:175,0
DA:176,0
DA:177,0
DA:180,0
DA:182,0
DA:183,0
DA:185,0
DA:187,0
DA:190,1
LF:89
LH:7
BRDA:69,0,0,0
BRDA:69,0,1,0
BRDA:99,1,0,0
BRDA:99,1,1,0
BRDA:129,2,0,0
BRDA:129,2,1,0
BRF:6
BRH:0
end_of_record
TN:
SF:src\controller\user.controller.js
FN:15,(anonymous_0)
FN:29,(anonymous_1)
FN:83,(anonymous_2)
FN:86,(anonymous_3)
FN:97,(anonymous_4)
FN:111,(anonymous_5)
FN:129,(anonymous_6)
FN:162,(anonymous_7)
FN:181,(anonymous_8)
FN:198,(anonymous_9)
FN:215,(anonymous_10)
FN:247,(anonymous_11)
FN:276,(anonymous_12)
FN:284,(anonymous_13)
FN:294,(anonymous_14)
FNF:15
FNH:10
FNDA:0,(anonymous_0)
FNDA:1,(anonymous_1)
FNDA:0,(anonymous_2)
FNDA:0,(anonymous_3)
FNDA:2,(anonymous_4)
FNDA:1,(anonymous_5)
FNDA:1,(anonymous_6)
FNDA:1,(anonymous_7)
FNDA:2,(anonymous_8)
FNDA:0,(anonymous_9)
FNDA:1,(anonymous_10)
FNDA:1,(anonymous_11)
FNDA:0,(anonymous_12)
FNDA:1,(anonymous_13)
FNDA:1,(anonymous_14)
DA:1,1
DA:2,1
DA:3,1
DA:4,1
DA:5,1
DA:6,1
DA:7,1
DA:10,1
DA:11,1
DA:12,1
DA:13,1
DA:15,1
DA:16,0
DA:17,0
DA:18,0
DA:19,0
DA:20,0
DA:22,0
DA:24,0
DA:25,0
DA:29,1
DA:30,1
DA:31,1
DA:33,1
DA:34,1
DA:36,1
DA:37,1
DA:39,1
DA:40,1
DA:46,1
DA:49,1
DA:50,1
DA:53,1
DA:54,1
DA:60,1
DA:68,1
DA:69,1
DA:70,1
DA:71,1
DA:73,0
DA:76,0
DA:79,0
DA:83,1
DA:84,0
DA:85,0
DA:86,0
DA:87,0
DA:88,0
DA:89,0
DA:92,0
DA:97,1
DA:98,2
DA:99,2
DA:100,0
DA:103,2
DA:104,2
DA:105,1
DA:107,1
DA:111,1
DA:112,1
DA:113,1
DA:114,0
DA:117,1
DA:122,1
DA:123,0
DA:125,1
DA:129,1
DA:130,1
DA:131,1
DA:132,0
DA:135,1
DA:136,1
DA:138,1
DA:139,0
DA:141,1
DA:142,0
DA:144,1
DA:145,1
DA:146,1
DA:147,1
DA:148,1
DA:150,0
DA:153,1
DA:156,0
DA:162,1
DA:163,1
DA:164,1
DA:165,0
DA:168,1
DA:174,1
DA:175,0
DA:177,1
DA:181,1
DA:182,2
DA:183,2
DA:184,2
DA:185,0
DA:187,2
DA:192,2
DA:193,0
DA:195,2
DA:198,1
DA:199,0
DA:200,0
DA:201,0
DA:202,0
DA:204,0
DA:209,0
DA:210,0
DA:212,0
DA:215,1
DA:216,1
DA:217,1
DA:218,1
DA:219,1
DA:220,0
DA:222,1
DA:224,0
DA:226,1
DA:227,1
DA:229,1
DA:230,0
DA:235,0
DA:237,0
DA:241,0
DA:243,1
DA:247,1
DA:248,1
DA:249,1
DA:251,1
DA:252,1
DA:253,0
DA:255,1
DA:260,1
DA:261,0
DA:263,1
DA:267,1
DA:276,1
DA:277,0
DA:278,0
DA:280,0
DA:284,1
DA:285,1
DA:286,1
DA:287,1
DA:288,1
DA:290,0
DA:294,1
DA:295,1
DA:296,1
DA:297,1
DA:303,1
DA:305,0
DA:311,1
LF:154
LH:103
BRDA:12,0,0,1
BRDA:12,0,1,0
BRDA:13,1,0,1
BRDA:13,1,1,0
BRDA:36,2,0,1
BRDA:36,2,1,0
BRDA:39,3,0,1
BRDA:39,3,1,0
BRDA:87,4,0,0
BRDA:87,4,1,0
BRDA:99,5,0,0
BRDA:99,5,1,2
BRDA:104,6,0,1
BRDA:104,6,1,1
BRDA:104,7,0,2
BRDA:104,7,1,1
BRDA:113,8,0,0
BRDA:113,8,1,1
BRDA:122,9,0,0
BRDA:122,9,1,1
BRDA:131,10,0,0
BRDA:131,10,1,1
BRDA:138,11,0,0
BRDA:138,11,1,1
BRDA:138,12,0,1
BRDA:138,12,1,1
BRDA:141,13,0,0
BRDA:141,13,1,1
BRDA:141,14,0,1
BRDA:141,14,1,1
BRDA:147,15,0,1
BRDA:147,15,1,0
BRDA:147,16,0,1
BRDA:147,16,1,0
BRDA:147,16,2,0
BRDA:164,17,0,0
BRDA:164,17,1,1
BRDA:174,18,0,0
BRDA:174,18,1,1
BRDA:184,19,0,0
BRDA:184,19,1,2
BRDA:192,20,0,0
BRDA:192,20,1,2
BRDA:201,21,0,0
BRDA:201,21,1,0
BRDA:209,22,0,0
BRDA:209,22,1,0
BRDA:219,23,0,0
BRDA:219,23,1,1
BRDA:222,24,0,0
BRDA:222,24,1,1
BRDA:229,25,0,0
BRDA:229,25,1,1
BRDA:235,26,0,0
BRDA:235,26,1,0
BRDA:252,27,0,0
BRDA:252,27,1,1
BRDA:260,28,0,0
BRDA:260,28,1,1
BRF:59
BRH:29
end_of_record
TN:
SF:src\db\mongoose.js
FN:11,(anonymous_0)
FNF:1
FNH:1
FNDA:1,(anonymous_0)
DA:1,1
DA:3,1
DA:10,1
DA:11,1
DA:12,1
LF:5
LH:5
BRF:0
BRH:0
end_of_record
TN:
SF:src\middleware\auth.js
FN:8,(anonymous_0)
FN:62,(anonymous_1)
FN:76,(anonymous_2)
FNF:3
FNH:0
FNDA:0,(anonymous_0)
FNDA:0,(anonymous_1)
FNDA:0,(anonymous_2)
DA:1,1
DA:2,1
DA:4,1
DA:5,1
DA:6,1
DA:8,1
DA:9,0
DA:10,0
DA:11,0
DA:12,0
DA:13,0
DA:15,0
DA:16,0
DA:18,0
DA:19,0
DA:23,0
DA:24,0
DA:25,0
DA:26,0
DA:28,0
DA:33,0
DA:34,0
DA:35,0
DA:36,0
DA:38,0
DA:42,0
DA:47,0
DA:48,0
DA:50,0
DA:51,0
DA:53,0
DA:58,0
DA:62,1
DA:63,0
DA:64,0
DA:65,0
DA:69,0
DA:70,0
DA:72,0
DA:76,1
DA:77,0
DA:79,0
DA:80,0
DA:81,0
DA:83,0
DA:84,0
DA:88,0
DA:89,0
DA:91,0
DA:94,0
DA:97,0
DA:101,1
LF:52
LH:9
BRDA:12,0,0,0
BRDA:12,0,1,0
BRDA:12,1,0,0
BRDA:12,1,1,0
BRDA:15,2,0,0
BRDA:15,2,1,0
BRDA:16,3,0,0
BRDA:16,3,1,0
BRDA:18,4,0,0
BRDA:18,4,1,0
BRDA:23,5,0,0
BRDA:23,5,1,0
BRDA:33,6,0,0
BRDA:33,6,1,0
BRDA:47,7,0,0
BRDA:47,7,1,0
BRDA:80,8,0,0
BRDA:80,8,1,0
BRDA:83,9,0,0
BRDA:83,9,1,0
BRF:20
BRH:0
end_of_record
TN:
SF:src\models\diet.js
FNF:0
FNH:0
DA:1,1
DA:2,1
DA:4,1
DA:33,1
LF:4
LH:4
BRF:0
BRH:0
end_of_record
TN:
SF:src\models\dietPlan.js
FNF:0
FNH:0
DA:1,1
DA:2,1
DA:4,1
DA:76,1
LF:4
LH:4
BRF:0
BRH:0
end_of_record
TN:
SF:src\models\food.js
FNF:0
FNH:0
DA:1,1
DA:3,1
DA:62,1
LF:3
LH:3
BRF:0
BRH:0
end_of_record
TN:
SF:src\models\reminder.js
FNF:0
FNH:0
DA:1,1
DA:2,1
DA:4,1
DA:63,1
LF:4
LH:4
BRF:0
BRH:0
end_of_record
TN:
SF:src\models\shoppingList.js
FNF:0
FNH:0
DA:1,1
DA:2,1
DA:4,1
DA:24,1
LF:4
LH:4
BRF:0
BRH:0
end_of_record
TN:
SF:src\models\tempShoppingList.js
FNF:0
FNH:0
DA:1,1
DA:2,1
DA:4,1
DA:21,1
LF:4
LH:4
BRF:0
BRH:0
end_of_record
TN:
SF:src\models\user.js
FN:20,(anonymous_0)
FN:68,(anonymous_1)
FNF:2
FNH:0
FNDA:0,(anonymous_0)
FNDA:0,(anonymous_1)
DA:1,1
DA:2,1
DA:3,1
DA:4,1
DA:5,1
DA:7,1
DA:21,0
DA:22,0
DA:68,1
DA:69,0
DA:71,0
DA:72,0
DA:75,0
DA:92,1
DA:94,1
LF:15
LH:9
BRDA:21,0,0,0
BRDA:21,0,1,0
BRDA:71,1,0,0
BRDA:71,1,1,0
BRF:4
BRH:0
end_of_record
TN:
SF:src\router\_index.routes.js
FNF:0
FNH:0
DA:1,1
DA:2,1
DA:3,1
DA:5,1
DA:6,1
DA:7,1
DA:8,1
DA:10,1
DA:12,1
DA:13,1
DA:15,1
DA:16,1
DA:17,1
DA:18,1
DA:21,1
LF:15
LH:15
BRF:0
BRH:0
end_of_record
TN:
SF:src\router\dietPlan.routes.js
FNF:0
FNH:0
DA:1,1
DA:15,1
DA:16,1
DA:17,1
DA:19,1
DA:21,1
DA:22,1
DA:23,1
DA:24,1
DA:25,1
DA:26,1
DA:27,1
DA:28,1
DA:29,1
DA:30,1
DA:31,1
DA:32,1
DA:33,1
DA:34,1
DA:35,1
DA:38,1
LF:21
LH:21
BRF:0
BRH:0
end_of_record
TN:
SF:src\router\food.routes.js
FNF:0
FNH:0
DA:1,1
DA:12,1
DA:13,1
DA:15,1
DA:17,1
DA:18,1
DA:19,1
DA:20,1
DA:21,1
DA:22,1
DA:23,1
DA:24,1
DA:25,1
DA:27,1
LF:14
LH:14
BRF:0
BRH:0
end_of_record
TN:
SF:src\router\reminder.routes.js
FNF:0
FNH:0
DA:1,1
DA:9,1
DA:10,1
DA:12,1
DA:14,1
DA:15,1
DA:16,1
DA:17,1
DA:18,1
DA:20,1
LF:10
LH:10
BRF:0
BRH:0
end_of_record
TN:
SF:src\router\shoppingList.routes.js
FNF:0
FNH:0
DA:1,1
DA:2,1
DA:3,1
DA:4,1
DA:6,1
DA:11,1
DA:12,1
DA:13,1
DA:14,1
DA:15,1
DA:17,1
LF:11
LH:11
BRF:0
BRH:0
end_of_record
TN:
SF:src\router\stats.routes.js
FNF:0
FNH:0
DA:1,1
DA:14,1
DA:15,1
DA:17,1
DA:19,1
DA:20,1
DA:21,1
DA:22,1
DA:23,1
DA:24,1
DA:25,1
DA:26,1
DA:27,1
DA:28,1
DA:29,1
DA:32,1
LF:16
LH:16
BRF:0
BRH:0
end_of_record
TN:
SF:src\router\user.routes.js
FNF:0
FNH:0
DA:1,1
DA:2,1
DA:3,1
DA:6,1
DA:8,1
DA:9,1
DA:10,1
DA:11,1
DA:12,1
DA:13,1
DA:14,1
DA:15,1
DA:16,1
DA:17,1
DA:18,1
DA:19,1
DA:20,1
DA:21,1
DA:23,1
LF:19
LH:19
BRF:0
BRH:0
end_of_record
