TN:
SF:src\app.js
FNF:0
FNH:0
DA:1,1
DA:2,1
DA:3,1
DA:4,1
DA:5,1
DA:6,1
DA:7,1
DA:9,1
DA:11,1
DA:12,0
DA:15,1
DA:23,1
DA:24,1
DA:30,1
DA:31,1
DA:33,1
LF:16
LH:15
BRDA:11,0,0,0
BRDA:11,0,1,1
BRF:2
BRH:1
end_of_record
TN:
SF:src\index.js
FN:6,(anonymous_0)
FNF:1
FNH:0
FNDA:0,(anonymous_0)
DA:1,0
DA:2,0
DA:3,0
DA:4,0
DA:6,0
DA:7,0
LF:6
LH:0
BRF:0
BRH:0
end_of_record
TN:
SF:src\controller\diet.controller.js
FN:5,(anonymous_0)
FN:11,(anonymous_1)
FNF:2
FNH:2
FNDA:1,(anonymous_0)
FNDA:1,(anonymous_1)
DA:1,1
DA:2,1
DA:5,1
DA:6,1
DA:8,1
DA:10,1
DA:11,1
DA:12,1
DA:19,1
DA:21,1
DA:22,1
DA:23,1
DA:25,0
DA:29,1
LF:14
LH:13
BRF:0
BRH:0
end_of_record
TN:
SF:src\controller\dietPlan.controller.js
FN:8,(anonymous_0)
FN:41,(anonymous_1)
FN:56,(anonymous_2)
FN:94,(anonymous_3)
FNF:4
FNH:4
FNDA:1,(anonymous_0)
FNDA:1,(anonymous_1)
FNDA:1,(anonymous_2)
FNDA:1,(anonymous_3)
DA:1,1
DA:2,1
DA:3,1
DA:4,1
DA:5,1
DA:8,1
DA:20,1
DA:22,1
DA:23,1
DA:35,1
DA:37,0
DA:41,1
DA:42,1
DA:44,1
DA:45,1
DA:47,1
DA:48,0
DA:50,1
DA:52,0
DA:56,1
DA:57,1
DA:59,1
DA:61,1
DA:63,1
DA:64,1
DA:75,1
DA:76,1
DA:77,32
DA:78,32
DA:91,1
DA:95,1
DA:96,0
DA:98,1
DA:108,1
LF:34
LH:30
BRDA:47,0,0,0
BRDA:47,0,1,1
BRDA:95,1,0,0
BRDA:95,1,1,1
BRF:4
BRH:2
end_of_record
TN:
SF:src\controller\food.controller.js
FN:5,(anonymous_0)
FN:16,(anonymous_1)
FN:38,(anonymous_2)
FN:52,(anonymous_3)
FN:66,(anonymous_4)
FN:80,(anonymous_5)
FN:117,(anonymous_6)
FN:139,(anonymous_7)
FN:155,(anonymous_8)
FNF:9
FNH:9
FNDA:1,(anonymous_0)
FNDA:1,(anonymous_1)
FNDA:1,(anonymous_2)
FNDA:1,(anonymous_3)
FNDA:1,(anonymous_4)
FNDA:1,(anonymous_5)
FNDA:1,(anonymous_6)
FNDA:1,(anonymous_7)
FNDA:1,(anonymous_8)
DA:1,1
DA:2,1
DA:5,1
DA:6,1
DA:7,1
DA:9,1
DA:11,0
DA:16,1
DA:17,1
DA:20,1
DA:21,1
DA:22,1
DA:23,1
DA:25,1
DA:33,1
DA:38,1
DA:39,1
DA:43,1
DA:47,1
DA:52,1
DA:53,1
DA:57,1
DA:61,1
DA:66,1
DA:67,1
DA:71,1
DA:75,1
DA:80,1
DA:93,1
DA:95,1
DA:96,1
DA:110,1
DA:112,0
DA:117,1
DA:118,1
DA:120,1
DA:121,0
DA:124,1
DA:131,1
DA:132,0
DA:135,1
DA:139,1
DA:140,1
DA:142,1
DA:143,0
DA:146,1
DA:148,1
DA:149,0
DA:152,1
DA:155,1
DA:156,1
DA:158,1
DA:159,0
DA:161,1
DA:162,1
DA:163,0
DA:165,1
DA:168,1
LF:58
LH:50
BRDA:120,0,0,0
BRDA:120,0,1,1
BRDA:131,1,0,0
BRDA:131,1,1,1
BRDA:142,2,0,0
BRDA:142,2,1,1
BRDA:148,3,0,0
BRDA:148,3,1,1
BRDA:158,4,0,0
BRDA:158,4,1,1
BRDA:162,5,0,0
BRDA:162,5,1,1
BRF:12
BRH:6
end_of_record
TN:
SF:src\controller\shoppingList.controller.js
FN:19,(anonymous_0)
FN:28,(anonymous_1)
FN:39,(anonymous_2)
FN:55,(anonymous_3)
FNF:4
FNH:2
FNDA:0,(anonymous_0)
FNDA:1,(anonymous_1)
FNDA:1,(anonymous_2)
FNDA:0,(anonymous_3)
DA:1,1
DA:2,1
DA:3,1
DA:19,1
DA:20,0
DA:21,0
DA:23,0
DA:28,1
DA:29,1
DA:31,1
DA:32,1
DA:33,1
DA:35,0
DA:39,1
DA:41,1
DA:42,1
DA:43,0
DA:45,1
DA:46,1
DA:48,1
DA:49,0
DA:51,1
DA:55,1
DA:56,0
DA:57,0
DA:59,0
DA:63,1
LF:27
LH:18
BRDA:42,0,0,0
BRDA:42,0,1,1
BRDA:48,1,0,0
BRDA:48,1,1,1
BRF:4
BRH:2
end_of_record
TN:
SF:src\controller\user.controller.js
FN:12,(anonymous_0)
FN:25,(anonymous_1)
FN:69,(anonymous_2)
FN:72,(anonymous_3)
FN:83,(anonymous_4)
FN:97,(anonymous_5)
FN:115,(anonymous_6)
FN:135,(anonymous_7)
FN:154,(anonymous_8)
FN:171,(anonymous_9)
FN:188,(anonymous_10)
FN:218,(anonymous_11)
FN:247,(anonymous_12)
FN:255,(anonymous_13)
FN:265,(anonymous_14)
FNF:15
FNH:11
FNDA:1,(anonymous_0)
FNDA:1,(anonymous_1)
FNDA:0,(anonymous_2)
FNDA:0,(anonymous_3)
FNDA:1,(anonymous_4)
FNDA:1,(anonymous_5)
FNDA:1,(anonymous_6)
FNDA:1,(anonymous_7)
FNDA:2,(anonymous_8)
FNDA:0,(anonymous_9)
FNDA:1,(anonymous_10)
FNDA:1,(anonymous_11)
FNDA:0,(anonymous_12)
FNDA:1,(anonymous_13)
FNDA:1,(anonymous_14)
DA:1,1
DA:2,1
DA:3,1
DA:4,1
DA:5,1
DA:7,1
DA:8,1
DA:9,1
DA:10,1
DA:12,1
DA:13,1
DA:15,1
DA:16,1
DA:18,1
DA:20,0
DA:21,0
DA:25,1
DA:26,1
DA:27,1
DA:29,1
DA:30,1
DA:32,1
DA:33,0
DA:35,0
DA:36,0
DA:42,0
DA:45,0
DA:46,0
DA:49,0
DA:50,0
DA:55,0
DA:56,0
DA:57,0
DA:59,0
DA:62,1
DA:65,0
DA:69,1
DA:70,0
DA:71,0
DA:72,0
DA:73,0
DA:74,0
DA:75,0
DA:78,0
DA:83,1
DA:84,1
DA:85,1
DA:86,0
DA:89,1
DA:90,1
DA:91,0
DA:93,1
DA:97,1
DA:98,1
DA:99,1
DA:100,0
DA:103,1
DA:108,1
DA:109,0
DA:111,1
DA:115,1
DA:116,1
DA:117,1
DA:118,0
DA:121,1
DA:123,1
DA:124,0
DA:126,1
DA:127,0
DA:129,1
DA:131,1
DA:135,1
DA:136,1
DA:137,1
DA:138,0
DA:141,1
DA:147,1
DA:148,0
DA:150,1
DA:154,1
DA:155,2
DA:156,2
DA:157,2
DA:158,0
DA:160,2
DA:165,2
DA:166,0
DA:168,2
DA:171,1
DA:172,0
DA:173,0
DA:174,0
DA:175,0
DA:177,0
DA:182,0
DA:183,0
DA:185,0
DA:188,1
DA:189,1
DA:190,1
DA:191,1
DA:192,1
DA:193,0
DA:195,1
DA:197,0
DA:199,1
DA:200,1
DA:202,1
DA:203,0
DA:208,0
DA:210,0
DA:212,0
DA:214,1
DA:218,1
DA:219,1
DA:220,1
DA:222,1
DA:223,1
DA:224,0
DA:226,1
DA:231,1
DA:232,0
DA:234,1
DA:238,1
DA:247,1
DA:248,0
DA:249,0
DA:251,0
DA:255,1
DA:256,1
DA:257,1
DA:258,1
DA:259,1
DA:261,0
DA:265,1
DA:266,1
DA:267,1
DA:268,1
DA:269,1
DA:271,0
DA:277,1
LF:141
LH:87
BRDA:9,0,0,1
BRDA:9,0,1,0
BRDA:10,1,0,1
BRDA:10,1,1,0
BRDA:32,2,0,0
BRDA:32,2,1,1
BRDA:35,3,0,0
BRDA:35,3,1,0
BRDA:73,4,0,0
BRDA:73,4,1,0
BRDA:85,5,0,0
BRDA:85,5,1,1
BRDA:90,6,0,0
BRDA:90,6,1,1
BRDA:99,7,0,0
BRDA:99,7,1,1
BRDA:108,8,0,0
BRDA:108,8,1,1
BRDA:117,9,0,0
BRDA:117,9,1,1
BRDA:123,10,0,0
BRDA:123,10,1,1
BRDA:126,11,0,0
BRDA:126,11,1,1
BRDA:137,12,0,0
BRDA:137,12,1,1
BRDA:147,13,0,0
BRDA:147,13,1,1
BRDA:157,14,0,0
BRDA:157,14,1,2
BRDA:165,15,0,0
BRDA:165,15,1,2
BRDA:174,16,0,0
BRDA:174,16,1,0
BRDA:182,17,0,0
BRDA:182,17,1,0
BRDA:192,18,0,0
BRDA:192,18,1,1
BRDA:195,19,0,0
BRDA:195,19,1,1
BRDA:202,20,0,0
BRDA:202,20,1,1
BRDA:208,21,0,0
BRDA:208,21,1,0
BRDA:223,22,0,0
BRDA:223,22,1,1
BRDA:231,23,0,0
BRDA:231,23,1,1
BRF:48
BRH:19
end_of_record
TN:
SF:src\db\mongoose.js
FN:11,(anonymous_0)
FNF:1
FNH:1
FNDA:1,(anonymous_0)
DA:1,1
DA:3,1
DA:10,1
DA:11,1
DA:12,1
LF:5
LH:5
BRF:0
BRH:0
end_of_record
TN:
SF:src\middleware\auth.js
FN:8,(anonymous_0)
FN:62,(anonymous_1)
FN:76,(anonymous_2)
FNF:3
FNH:0
FNDA:0,(anonymous_0)
FNDA:0,(anonymous_1)
FNDA:0,(anonymous_2)
DA:1,1
DA:2,1
DA:4,1
DA:5,1
DA:6,1
DA:8,1
DA:9,0
DA:10,0
DA:11,0
DA:12,0
DA:13,0
DA:15,0
DA:16,0
DA:18,0
DA:19,0
DA:23,0
DA:24,0
DA:25,0
DA:26,0
DA:28,0
DA:33,0
DA:34,0
DA:35,0
DA:36,0
DA:38,0
DA:42,0
DA:47,0
DA:48,0
DA:50,0
DA:51,0
DA:53,0
DA:58,0
DA:62,1
DA:63,0
DA:64,0
DA:65,0
DA:69,0
DA:70,0
DA:72,0
DA:76,1
DA:77,0
DA:79,0
DA:80,0
DA:81,0
DA:83,0
DA:84,0
DA:88,0
DA:89,0
DA:91,0
DA:94,0
DA:97,0
DA:101,1
LF:52
LH:9
BRDA:12,0,0,0
BRDA:12,0,1,0
BRDA:12,1,0,0
BRDA:12,1,1,0
BRDA:15,2,0,0
BRDA:15,2,1,0
BRDA:16,3,0,0
BRDA:16,3,1,0
BRDA:18,4,0,0
BRDA:18,4,1,0
BRDA:23,5,0,0
BRDA:23,5,1,0
BRDA:33,6,0,0
BRDA:33,6,1,0
BRDA:47,7,0,0
BRDA:47,7,1,0
BRDA:80,8,0,0
BRDA:80,8,1,0
BRDA:83,9,0,0
BRDA:83,9,1,0
BRF:20
BRH:0
end_of_record
TN:
SF:src\models\diet.js
FNF:0
FNH:0
DA:1,1
DA:2,1
DA:4,1
DA:33,1
LF:4
LH:4
BRF:0
BRH:0
end_of_record
TN:
SF:src\models\dietPlan.js
FNF:0
FNH:0
DA:1,1
DA:2,1
DA:4,1
DA:71,1
LF:4
LH:4
BRF:0
BRH:0
end_of_record
TN:
SF:src\models\food.js
FNF:0
FNH:0
DA:1,1
DA:3,1
DA:62,1
LF:3
LH:3
BRF:0
BRH:0
end_of_record
TN:
SF:src\models\shoppingList.js
FNF:0
FNH:0
DA:1,1
DA:2,1
DA:4,1
DA:24,1
LF:4
LH:4
BRF:0
BRH:0
end_of_record
TN:
SF:src\models\user.js
FN:20,(anonymous_0)
FN:68,(anonymous_1)
FNF:2
FNH:2
FNDA:1,(anonymous_0)
FNDA:1,(anonymous_1)
DA:1,1
DA:2,1
DA:3,1
DA:4,1
DA:5,1
DA:7,1
DA:21,1
DA:22,0
DA:68,1
DA:69,1
DA:71,1
DA:72,1
DA:75,1
DA:92,1
DA:94,1
LF:15
LH:14
BRDA:21,0,0,0
BRDA:21,0,1,1
BRDA:71,1,0,1
BRDA:71,1,1,0
BRF:4
BRH:2
end_of_record
TN:
SF:src\router\_index.routes.js
FNF:0
FNH:0
DA:1,1
DA:2,1
DA:3,1
DA:5,1
DA:6,1
DA:9,1
DA:11,1
DA:12,1
DA:14,1
DA:15,1
DA:17,1
LF:11
LH:11
BRF:0
BRH:0
end_of_record
TN:
SF:src\router\dietPlan.routes.js
FNF:0
FNH:0
DA:1,1
DA:6,1
DA:7,1
DA:8,1
DA:10,1
DA:12,1
DA:13,1
DA:14,1
DA:15,1
DA:19,1
LF:10
LH:10
BRF:0
BRH:0
end_of_record
TN:
SF:src\router\food.routes.js
FNF:0
FNH:0
DA:1,1
DA:12,1
DA:13,1
DA:15,1
DA:17,1
DA:18,1
DA:19,1
DA:20,1
DA:21,1
DA:22,1
DA:23,1
DA:24,1
DA:25,1
DA:27,1
LF:14
LH:14
BRF:0
BRH:0
end_of_record
TN:
SF:src\router\shoppingList.routes.js
FNF:0
FNH:0
DA:1,1
DA:2,1
DA:3,1
DA:5,1
DA:10,1
DA:11,1
DA:13,1
LF:7
LH:7
BRF:0
BRH:0
end_of_record
TN:
SF:src\router\user.routes.js
FNF:0
FNH:0
DA:1,1
DA:2,1
DA:3,1
DA:6,1
DA:8,1
DA:9,1
DA:10,1
DA:11,1
DA:12,1
DA:13,1
DA:14,1
DA:15,1
DA:16,1
DA:17,1
DA:18,1
DA:19,1
DA:20,1
DA:21,1
DA:23,1
LF:19
LH:19
BRF:0
BRH:0
end_of_record
